[ 2015-11-26T08:45:22+08:00 ]NOTICE: Use of undefined constant r - assumed 'r'E:\wamp\www\my_shop\App\Admin\Controller\CategoryController.php (42).
[ 2015-11-26T08:45:22+08:00 ]NOTICE: Undefined variable: dataE:\wamp\www\my_shop\Storage\view\compile\ed8cc45153a4518cc23391e888d2bd69.php (28).
[ 2015-11-26T08:45:22+08:00 ]NOTICE: Invalid argument supplied for foreach()E:\wamp\www\my_shop\Storage\view\compile\ed8cc45153a4518cc23391e888d2bd69.php (28).
[ 2015-11-26T08:46:13+08:00 ]NOTICE: Use of undefined constant r - assumed 'r'E:\wamp\www\my_shop\App\Admin\Controller\CategoryController.php (42).
[ 2015-11-26T08:46:13+08:00 ]NOTICE: Undefined variable: vE:\wamp\www\my_shop\Storage\view\compile\ed8cc45153a4518cc23391e888d2bd69.php (37).
[ 2015-11-26T08:46:17+08:00 ]NOTICE: Use of undefined constant r - assumed 'r'E:\wamp\www\my_shop\App\Admin\Controller\CategoryController.php (42).
[ 2015-11-26T08:46:18+08:00 ]NOTICE: Use of undefined constant r - assumed 'r'E:\wamp\www\my_shop\App\Admin\Controller\CategoryController.php (42).
[ 2015-11-26T08:46:18+08:00 ]NOTICE: Undefined variable: vE:\wamp\www\my_shop\Storage\view\compile\ed8cc45153a4518cc23391e888d2bd69.php (37).
[ 2015-11-26T08:46:34+08:00 ]NOTICE: Use of undefined constant r - assumed 'r'E:\wamp\www\my_shop\App\Admin\Controller\CategoryController.php (42).
[ 2015-11-26T08:47:42+08:00 ]NOTICE: Use of undefined constant r - assumed 'r'E:\wamp\www\my_shop\App\Admin\Controller\CategoryController.php (42).
[ 2015-11-26T08:48:28+08:00 ]NOTICE: Use of undefined constant r - assumed 'r'E:\wamp\www\my_shop\App\Admin\Controller\CategoryController.php (41).
[ 2015-11-26T08:48:30+08:00 ]NOTICE: Use of undefined constant r - assumed 'r'E:\wamp\www\my_shop\App\Admin\Controller\CategoryController.php (41).
[ 2015-11-26T08:49:10+08:00 ]NOTICE: Use of undefined constant r - assumed 'r'E:\wamp\www\my_shop\App\Admin\Controller\CategoryController.php (41).
[ 2015-11-26T08:51:39+08:00 ]NOTICE: Use of undefined constant r - assumed 'r'E:\wamp\www\my_shop\App\Admin\Controller\CategoryController.php (41).
[ 2015-11-26T08:51:39+08:00 ]EXCEPTION: Method Admin\Controller\CategoryController::add() does not exist
[ 2015-11-26T08:51:41+08:00 ]NOTICE: Use of undefined constant r - assumed 'r'E:\wamp\www\my_shop\App\Admin\Controller\CategoryController.php (41).
[ 2015-11-26T08:52:18+08:00 ]NOTICE: Use of undefined constant r - assumed 'r'E:\wamp\www\my_shop\App\Admin\Controller\CategoryController.php (41).
[ 2015-11-26T08:55:36+08:00 ]NOTICE: Use of undefined constant r - assumed 'r'E:\wamp\www\my_shop\App\Admin\Controller\CategoryController.php (20).
[ 2015-11-26T08:55:38+08:00 ]NOTICE: Use of undefined constant r - assumed 'r'E:\wamp\www\my_shop\App\Admin\Controller\CategoryController.php (20).
[ 2015-11-26T08:55:39+08:00 ]NOTICE: Use of undefined constant r - assumed 'r'E:\wamp\www\my_shop\App\Admin\Controller\CategoryController.php (20).
[ 2015-11-26T08:55:40+08:00 ]NOTICE: Use of undefined constant r - assumed 'r'E:\wamp\www\my_shop\App\Admin\Controller\CategoryController.php (20).
[ 2015-11-26T08:56:24+08:00 ]NOTICE: Use of undefined constant r - assumed 'r'E:\wamp\www\my_shop\App\Admin\Controller\CategoryController.php (20).
[ 2015-11-26T08:56:24+08:00 ]NOTICE: Use of undefined constant r - assumed 'r'E:\wamp\www\my_shop\App\Admin\Controller\CategoryController.php (20).
[ 2015-11-26T08:56:26+08:00 ]NOTICE: Use of undefined constant r - assumed 'r'E:\wamp\www\my_shop\App\Admin\Controller\CategoryController.php (20).
[ 2015-11-26T09:46:09+08:00 ]NOTICE: Undefined property: Admin\Controller\CategoryController::$modelE:\wamp\www\my_shop\App\Admin\Controller\CategoryController.php (22).
[ 2015-11-26T09:50:46+08:00 ]NOTICE: Undefined property: Admin\Controller\CategoryController::$modelE:\wamp\www\my_shop\App\Admin\Controller\CategoryController.php (22).
[ 2015-11-26T09:57:07+08:00 ]NOTICE: Undefined property: Admin\Controller\CategoryController::$modelE:\wamp\www\my_shop\App\Admin\Controller\CategoryController.php (22).
[ 2015-11-26T10:14:20+08:00 ]NOTICE: Undefined index: cidE:\wamp\www\my_shop\Storage\view\compile\ed8cc45153a4518cc23391e888d2bd69.php (30).
[ 2015-11-26T10:14:20+08:00 ]NOTICE: Undefined index: cnameE:\wamp\www\my_shop\Storage\view\compile\ed8cc45153a4518cc23391e888d2bd69.php (31).
[ 2015-11-26T10:14:20+08:00 ]NOTICE: Undefined index: csortE:\wamp\www\my_shop\Storage\view\compile\ed8cc45153a4518cc23391e888d2bd69.php (32).
[ 2015-11-26T10:34:39+08:00 ]NOTICE: Use of undefined constant intval - assumed 'intval'E:\wamp\www\my_shop\App\Admin\Controller\CategoryController.php (50).
[ 2015-11-26T10:35:23+08:00 ]NOTICE: Use of undefined constant intval - assumed 'intval'E:\wamp\www\my_shop\App\Admin\Controller\CategoryController.php (50).
[ 2015-11-26T10:44:43+08:00 ]EXCEPTION: Method Admin\Controller\CategoryController::exit() does not exist
[ 2015-11-26T10:55:10+08:00 ]EXCEPTION: Method Admin\Controller\CategoryController::exit() does not exist
[ 2015-11-26T14:16:46+08:00 ]NOTICE: Undefined index: _cnameE:\wamp\www\my_shop\Storage\view\compile\ed8cc45153a4518cc23391e888d2bd69.php (31).
[ 2015-11-26T14:16:46+08:00 ]NOTICE: Undefined index: _cnameE:\wamp\www\my_shop\Storage\view\compile\ed8cc45153a4518cc23391e888d2bd69.php (31).
[ 2015-11-26T14:16:46+08:00 ]NOTICE: Undefined index: _cnameE:\wamp\www\my_shop\Storage\view\compile\ed8cc45153a4518cc23391e888d2bd69.php (31).
[ 2015-11-26T14:54:03+08:00 ]EXCEPTION: Method Admin\Controller\CategoryController::getSon() does not exist
[ 2015-11-26T14:54:11+08:00 ]EXCEPTION: Method Admin\Controller\CategoryController::getSon() does not exist
[ 2015-11-26T20:19:48+08:00 ]EXCEPTION: show columns from `type_attr1` ;BindParams:array (
)42S02;1146;Table 'shop.type_attr1' doesn't exist
[ 2015-11-26T21:09:53+08:00 ]NOTICE: Undefined variable: oldDataE:\wamp\www\my_shop\Storage\view\compile\0d76f5ffa3f8801ff70ffa722b2b72c2.php (32).
[ 2015-11-26T22:41:11+08:00 ]NOTICE: Undefined variable: bidE:\wamp\www\my_shop\App\Common\Model\Brand.php (88).
[ 2015-11-26T22:41:11+08:00 ]EXCEPTION: UPDATE brand SET `bname`=?,`logo`=?,`ishot`=?,`sort`=?  WHERE bid= ;BindParams:array (
  'bname' => '阿狸',
  'logo' => '',
  'ishot' => '热门',
  'sort' => '21',
)42000;1064;You have an error in your SQL syntax; check the manual that corresponds to your MySQL server version for the right syntax to use near '' at line 1
