[ 2015-12-01T09:05:46+08:00 ]NOTICE: Undefined variable: vvE:\wamp\www\my_shop\Storage\view\compile\d1789a3e220e607bb98342c6e716939b.php (270).
[ 2015-12-01T09:05:47+08:00 ]NOTICE: Undefined variable: vvE:\wamp\www\my_shop\Storage\view\compile\d1789a3e220e607bb98342c6e716939b.php (270).
[ 2015-12-01T09:28:12+08:00 ]NOTICE: explode() expects parameter 2 to be string, array givenE:\wamp\www\my_shop\App\Admin\Controller\GoodsController.php (106).
[ 2015-12-01T09:28:12+08:00 ]NOTICE: explode() expects parameter 2 to be string, array givenE:\wamp\www\my_shop\App\Admin\Controller\GoodsController.php (106).
[ 2015-12-01T09:28:12+08:00 ]NOTICE: Invalid argument supplied for foreach()E:\wamp\www\my_shop\Storage\view\compile\d1789a3e220e607bb98342c6e716939b.php (283).
[ 2015-12-01T09:28:12+08:00 ]NOTICE: Invalid argument supplied for foreach()E:\wamp\www\my_shop\Storage\view\compile\d1789a3e220e607bb98342c6e716939b.php (283).
[ 2015-12-01T09:28:12+08:00 ]NOTICE: Invalid argument supplied for foreach()E:\wamp\www\my_shop\Storage\view\compile\d1789a3e220e607bb98342c6e716939b.php (283).
[ 2015-12-01T10:53:33+08:00 ]NOTICE: Missing argument 1 for Common\Model\Goods::edit(), called in E:\wamp\www\my_shop\App\Admin\Controller\GoodsController.php on line 64 and definedE:\wamp\www\my_shop\App\Common\Model\Goods.php (89).
[ 2015-12-01T10:53:33+08:00 ]NOTICE: Undefined variable: gidE:\wamp\www\my_shop\App\Common\Model\Goods.php (104).
[ 2015-12-01T10:53:33+08:00 ]EXCEPTION: DELETE FROM goods_attr WHERE gid= ;BindParams:array (
)42000;1064;You have an error in your SQL syntax; check the manual that corresponds to your MySQL server version for the right syntax to use near '' at line 1
[ 2015-12-01T15:34:56+08:00 ]EXCEPTION: SELECT  *  FROM goods_attr WHERE gid=16 AND class=1 ;BindParams:array (
)42S22;1054;Unknown column 'class' in 'where clause'
[ 2015-12-01T15:35:10+08:00 ]NOTICE: Undefined index: tavalueE:\wamp\www\my_shop\App\Admin\Controller\GoodsListController.php (31).
[ 2015-12-01T15:35:10+08:00 ]NOTICE: Undefined index: tavalueE:\wamp\www\my_shop\App\Admin\Controller\GoodsListController.php (31).
[ 2015-12-01T15:35:10+08:00 ]NOTICE: Undefined index: tavalueE:\wamp\www\my_shop\App\Admin\Controller\GoodsListController.php (31).
[ 2015-12-01T15:35:10+08:00 ]NOTICE: Undefined index: tavalueE:\wamp\www\my_shop\App\Admin\Controller\GoodsListController.php (31).
[ 2015-12-01T17:25:50+08:00 ]NOTICE: Undefined index: gtvalueE:\wamp\www\my_shop\Storage\view\compile\49e9ee3051028ae80eadb79f3b0ed7c1.php (54).
[ 2015-12-01T17:25:50+08:00 ]NOTICE: Undefined index: gtvalueE:\wamp\www\my_shop\Storage\view\compile\49e9ee3051028ae80eadb79f3b0ed7c1.php (54).
[ 2015-12-01T20:09:04+08:00 ]NOTICE: Invalid argument supplied for foreach()E:\wamp\www\my_shop\App\Admin\Controller\GoodsListController.php (56).
[ 2015-12-01T20:09:04+08:00 ]NOTICE: Array to string conversionE:\wamp\www\my_shop\App\Admin\Controller\GoodsListController.php (57).
[ 2015-12-01T20:09:04+08:00 ]EXCEPTION: SELECT  *  FROM goods_attr WHERE gtid=Array LIMIT 1 ;BindParams:array (
)42S22;1054;Unknown column 'Array' in 'where clause'
[ 2015-12-01T20:28:23+08:00 ]NOTICE: Use of undefined constant gtid - assumed 'gtid'E:\wamp\www\my_shop\App\Admin\Controller\GoodsListController.php (58).
[ 2015-12-01T20:28:23+08:00 ]NOTICE: Use of undefined constant gtid - assumed 'gtid'E:\wamp\www\my_shop\App\Admin\Controller\GoodsListController.php (58).
[ 2015-12-01T20:34:11+08:00 ]NOTICE: Undefined index: valueE:\wamp\www\my_shop\Hdphp\View\HdphpTag.php (134).
[ 2015-12-01T20:34:40+08:00 ]NOTICE: Undefined index: valueE:\wamp\www\my_shop\Hdphp\View\HdphpTag.php (134).
[ 2015-12-01T20:34:41+08:00 ]NOTICE: Undefined index: valueE:\wamp\www\my_shop\Hdphp\View\HdphpTag.php (134).
[ 2015-12-01T20:34:41+08:00 ]NOTICE: Undefined index: valueE:\wamp\www\my_shop\Hdphp\View\HdphpTag.php (134).
[ 2015-12-01T20:34:41+08:00 ]NOTICE: Undefined index: valueE:\wamp\www\my_shop\Hdphp\View\HdphpTag.php (134).
[ 2015-12-01T20:34:42+08:00 ]NOTICE: Undefined index: valueE:\wamp\www\my_shop\Hdphp\View\HdphpTag.php (134).
[ 2015-12-01T20:34:42+08:00 ]NOTICE: Undefined index: valueE:\wamp\www\my_shop\Hdphp\View\HdphpTag.php (134).
[ 2015-12-01T20:34:42+08:00 ]NOTICE: Undefined index: valueE:\wamp\www\my_shop\Hdphp\View\HdphpTag.php (134).
[ 2015-12-01T20:34:42+08:00 ]NOTICE: Undefined index: valueE:\wamp\www\my_shop\Hdphp\View\HdphpTag.php (134).
[ 2015-12-01T20:34:43+08:00 ]NOTICE: Undefined index: valueE:\wamp\www\my_shop\Hdphp\View\HdphpTag.php (134).
[ 2015-12-01T20:34:43+08:00 ]NOTICE: Undefined index: valueE:\wamp\www\my_shop\Hdphp\View\HdphpTag.php (134).
[ 2015-12-01T20:34:43+08:00 ]NOTICE: Undefined index: valueE:\wamp\www\my_shop\Hdphp\View\HdphpTag.php (134).
[ 2015-12-01T20:34:43+08:00 ]NOTICE: Undefined index: valueE:\wamp\www\my_shop\Hdphp\View\HdphpTag.php (134).
[ 2015-12-01T20:34:44+08:00 ]NOTICE: Undefined index: valueE:\wamp\www\my_shop\Hdphp\View\HdphpTag.php (134).
[ 2015-12-01T20:34:44+08:00 ]NOTICE: Undefined index: valueE:\wamp\www\my_shop\Hdphp\View\HdphpTag.php (134).
[ 2015-12-01T20:34:44+08:00 ]NOTICE: Undefined index: valueE:\wamp\www\my_shop\Hdphp\View\HdphpTag.php (134).
[ 2015-12-01T20:34:44+08:00 ]NOTICE: Undefined index: valueE:\wamp\www\my_shop\Hdphp\View\HdphpTag.php (134).
[ 2015-12-01T20:34:44+08:00 ]NOTICE: Undefined index: valueE:\wamp\www\my_shop\Hdphp\View\HdphpTag.php (134).
[ 2015-12-01T20:34:44+08:00 ]NOTICE: Undefined index: valueE:\wamp\www\my_shop\Hdphp\View\HdphpTag.php (134).
[ 2015-12-01T20:34:44+08:00 ]NOTICE: Undefined index: valueE:\wamp\www\my_shop\Hdphp\View\HdphpTag.php (134).
[ 2015-12-01T20:34:44+08:00 ]NOTICE: Undefined index: valueE:\wamp\www\my_shop\Hdphp\View\HdphpTag.php (134).
[ 2015-12-01T20:36:04+08:00 ]NOTICE: Undefined index: valueE:\wamp\www\my_shop\Hdphp\View\HdphpTag.php (134).
[ 2015-12-01T20:36:05+08:00 ]NOTICE: Undefined index: valueE:\wamp\www\my_shop\Hdphp\View\HdphpTag.php (134).
[ 2015-12-01T20:36:06+08:00 ]NOTICE: Undefined index: valueE:\wamp\www\my_shop\Hdphp\View\HdphpTag.php (134).
[ 2015-12-01T20:36:42+08:00 ]NOTICE: Undefined index: valueE:\wamp\www\my_shop\Hdphp\View\HdphpTag.php (134).
[ 2015-12-01T20:42:26+08:00 ]NOTICE: Illegal string offset 'number'E:\wamp\www\my_shop\Storage\view\compile\49e9ee3051028ae80eadb79f3b0ed7c1.php (36).
[ 2015-12-01T20:42:26+08:00 ]NOTICE: Illegal string offset 'inventory'E:\wamp\www\my_shop\Storage\view\compile\49e9ee3051028ae80eadb79f3b0ed7c1.php (37).
[ 2015-12-01T20:43:30+08:00 ]NOTICE: Illegal string offset 'number'E:\wamp\www\my_shop\Storage\view\compile\49e9ee3051028ae80eadb79f3b0ed7c1.php (36).
[ 2015-12-01T20:43:30+08:00 ]NOTICE: Illegal string offset 'inventory'E:\wamp\www\my_shop\Storage\view\compile\49e9ee3051028ae80eadb79f3b0ed7c1.php (37).
[ 2015-12-01T20:44:00+08:00 ]NOTICE: Illegal string offset 'glid'E:\wamp\www\my_shop\Storage\view\compile\49e9ee3051028ae80eadb79f3b0ed7c1.php (36).
[ 2015-12-01T20:44:00+08:00 ]NOTICE: Illegal string offset 'inventory'E:\wamp\www\my_shop\Storage\view\compile\49e9ee3051028ae80eadb79f3b0ed7c1.php (37).
[ 2015-12-01T20:45:30+08:00 ]NOTICE: Illegal string offset 'number'E:\wamp\www\my_shop\Storage\view\compile\49e9ee3051028ae80eadb79f3b0ed7c1.php (36).
[ 2015-12-01T20:45:30+08:00 ]NOTICE: Illegal string offset 'inventory'E:\wamp\www\my_shop\Storage\view\compile\49e9ee3051028ae80eadb79f3b0ed7c1.php (37).
[ 2015-12-01T21:22:15+08:00 ]EXCEPTION: 模板不存在:App/Admin/View/GoodsList/edit.php
[ 2015-12-01T21:24:31+08:00 ]NOTICE: Undefined variable: SpecE:\wamp\www\my_shop\Storage\view\compile\cc18b76cbaff28a2b4ec5e862490977e.php (23).
[ 2015-12-01T21:24:31+08:00 ]NOTICE: Invalid argument supplied for foreach()E:\wamp\www\my_shop\Storage\view\compile\cc18b76cbaff28a2b4ec5e862490977e.php (23).
[ 2015-12-01T21:24:31+08:00 ]NOTICE: Undefined variable: dataE:\wamp\www\my_shop\Storage\view\compile\cc18b76cbaff28a2b4ec5e862490977e.php (30).
[ 2015-12-01T21:24:31+08:00 ]NOTICE: Invalid argument supplied for foreach()E:\wamp\www\my_shop\Storage\view\compile\cc18b76cbaff28a2b4ec5e862490977e.php (30).
[ 2015-12-01T21:24:31+08:00 ]NOTICE: Undefined variable: SpecE:\wamp\www\my_shop\Storage\view\compile\cc18b76cbaff28a2b4ec5e862490977e.php (51).
[ 2015-12-01T21:24:31+08:00 ]NOTICE: Invalid argument supplied for foreach()E:\wamp\www\my_shop\Storage\view\compile\cc18b76cbaff28a2b4ec5e862490977e.php (51).
[ 2015-12-01T21:24:31+08:00 ]NOTICE: Undefined variable: gidE:\wamp\www\my_shop\Storage\view\compile\cc18b76cbaff28a2b4ec5e862490977e.php (64).
[ 2015-12-01T21:32:03+08:00 ]NOTICE: Invalid argument supplied for foreach()E:\wamp\www\my_shop\App\Admin\Controller\GoodsListController.php (100).
[ 2015-12-01T21:32:03+08:00 ]NOTICE: Invalid argument supplied for foreach()E:\wamp\www\my_shop\App\Admin\Controller\GoodsListController.php (105).
[ 2015-12-01T21:32:03+08:00 ]NOTICE: Invalid argument supplied for foreach()E:\wamp\www\my_shop\Storage\view\compile\cc18b76cbaff28a2b4ec5e862490977e.php (30).
[ 2015-12-01T22:17:17+08:00 ]NOTICE: Illegal string offset 'combine'E:\wamp\www\my_shop\App\Admin\Controller\GoodsListController.php (78).
[ 2015-12-01T22:17:17+08:00 ]NOTICE: Illegal string offset 'combine'E:\wamp\www\my_shop\App\Admin\Controller\GoodsListController.php (78).
[ 2015-12-01T22:17:17+08:00 ]NOTICE: Array to string conversionE:\wamp\www\my_shop\App\Admin\Controller\GoodsListController.php (78).
[ 2015-12-01T22:17:17+08:00 ]NOTICE: Illegal string offset 'combine'E:\wamp\www\my_shop\App\Admin\Controller\GoodsListController.php (78).
[ 2015-12-01T22:17:17+08:00 ]NOTICE: Illegal string offset 'combine'E:\wamp\www\my_shop\App\Admin\Controller\GoodsListController.php (78).
[ 2015-12-01T22:17:17+08:00 ]NOTICE: Array to string conversionE:\wamp\www\my_shop\App\Admin\Controller\GoodsListController.php (78).
[ 2015-12-01T22:17:17+08:00 ]NOTICE: Illegal string offset 'combine'E:\wamp\www\my_shop\App\Admin\Controller\GoodsListController.php (78).
[ 2015-12-01T22:17:17+08:00 ]NOTICE: Illegal string offset 'combine'E:\wamp\www\my_shop\App\Admin\Controller\GoodsListController.php (78).
[ 2015-12-01T22:17:17+08:00 ]NOTICE: Array to string conversionE:\wamp\www\my_shop\App\Admin\Controller\GoodsListController.php (78).
[ 2015-12-01T22:17:17+08:00 ]NOTICE: Illegal string offset 'combine'E:\wamp\www\my_shop\App\Admin\Controller\GoodsListController.php (78).
[ 2015-12-01T22:17:17+08:00 ]NOTICE: Illegal string offset 'combine'E:\wamp\www\my_shop\App\Admin\Controller\GoodsListController.php (78).
[ 2015-12-01T22:17:17+08:00 ]NOTICE: Array to string conversionE:\wamp\www\my_shop\App\Admin\Controller\GoodsListController.php (78).
[ 2015-12-01T22:17:17+08:00 ]NOTICE: Illegal string offset 'combine'E:\wamp\www\my_shop\App\Admin\Controller\GoodsListController.php (78).
[ 2015-12-01T22:17:17+08:00 ]NOTICE: Illegal string offset 'combine'E:\wamp\www\my_shop\App\Admin\Controller\GoodsListController.php (78).
[ 2015-12-01T22:17:17+08:00 ]NOTICE: Array to string conversionE:\wamp\www\my_shop\App\Admin\Controller\GoodsListController.php (78).
[ 2015-12-01T22:17:17+08:00 ]NOTICE: Illegal string offset 'combine'E:\wamp\www\my_shop\App\Admin\Controller\GoodsListController.php (83).
[ 2015-12-01T22:17:17+08:00 ]NOTICE: Invalid argument supplied for foreach()E:\wamp\www\my_shop\App\Admin\Controller\GoodsListController.php (83).
[ 2015-12-01T22:17:17+08:00 ]NOTICE: Illegal string offset 'combine'E:\wamp\www\my_shop\App\Admin\Controller\GoodsListController.php (83).
[ 2015-12-01T22:17:17+08:00 ]NOTICE: Invalid argument supplied for foreach()E:\wamp\www\my_shop\App\Admin\Controller\GoodsListController.php (83).
[ 2015-12-01T22:17:17+08:00 ]NOTICE: Illegal string offset 'combine'E:\wamp\www\my_shop\App\Admin\Controller\GoodsListController.php (83).
[ 2015-12-01T22:17:17+08:00 ]NOTICE: Invalid argument supplied for foreach()E:\wamp\www\my_shop\App\Admin\Controller\GoodsListController.php (83).
[ 2015-12-01T22:17:17+08:00 ]NOTICE: Illegal string offset 'combine'E:\wamp\www\my_shop\App\Admin\Controller\GoodsListController.php (83).
[ 2015-12-01T22:17:17+08:00 ]NOTICE: Invalid argument supplied for foreach()E:\wamp\www\my_shop\App\Admin\Controller\GoodsListController.php (83).
[ 2015-12-01T22:17:17+08:00 ]NOTICE: Illegal string offset 'combine'E:\wamp\www\my_shop\App\Admin\Controller\GoodsListController.php (83).
[ 2015-12-01T22:17:17+08:00 ]NOTICE: Invalid argument supplied for foreach()E:\wamp\www\my_shop\App\Admin\Controller\GoodsListController.php (83).
[ 2015-12-01T22:17:24+08:00 ]NOTICE: Illegal string offset 'combine'E:\wamp\www\my_shop\App\Admin\Controller\GoodsListController.php (78).
[ 2015-12-01T22:17:24+08:00 ]NOTICE: Illegal string offset 'combine'E:\wamp\www\my_shop\App\Admin\Controller\GoodsListController.php (78).
[ 2015-12-01T22:17:24+08:00 ]NOTICE: Array to string conversionE:\wamp\www\my_shop\App\Admin\Controller\GoodsListController.php (78).
[ 2015-12-01T22:17:24+08:00 ]NOTICE: Illegal string offset 'combine'E:\wamp\www\my_shop\App\Admin\Controller\GoodsListController.php (78).
[ 2015-12-01T22:17:24+08:00 ]NOTICE: Illegal string offset 'combine'E:\wamp\www\my_shop\App\Admin\Controller\GoodsListController.php (78).
[ 2015-12-01T22:17:24+08:00 ]NOTICE: Array to string conversionE:\wamp\www\my_shop\App\Admin\Controller\GoodsListController.php (78).
[ 2015-12-01T22:17:24+08:00 ]NOTICE: Illegal string offset 'combine'E:\wamp\www\my_shop\App\Admin\Controller\GoodsListController.php (78).
[ 2015-12-01T22:17:24+08:00 ]NOTICE: Illegal string offset 'combine'E:\wamp\www\my_shop\App\Admin\Controller\GoodsListController.php (78).
[ 2015-12-01T22:17:24+08:00 ]NOTICE: Array to string conversionE:\wamp\www\my_shop\App\Admin\Controller\GoodsListController.php (78).
[ 2015-12-01T22:17:24+08:00 ]NOTICE: Illegal string offset 'combine'E:\wamp\www\my_shop\App\Admin\Controller\GoodsListController.php (78).
[ 2015-12-01T22:17:24+08:00 ]NOTICE: Illegal string offset 'combine'E:\wamp\www\my_shop\App\Admin\Controller\GoodsListController.php (78).
[ 2015-12-01T22:17:24+08:00 ]NOTICE: Array to string conversionE:\wamp\www\my_shop\App\Admin\Controller\GoodsListController.php (78).
[ 2015-12-01T22:17:24+08:00 ]NOTICE: Illegal string offset 'combine'E:\wamp\www\my_shop\App\Admin\Controller\GoodsListController.php (78).
[ 2015-12-01T22:17:24+08:00 ]NOTICE: Illegal string offset 'combine'E:\wamp\www\my_shop\App\Admin\Controller\GoodsListController.php (78).
[ 2015-12-01T22:17:24+08:00 ]NOTICE: Array to string conversionE:\wamp\www\my_shop\App\Admin\Controller\GoodsListController.php (78).
[ 2015-12-01T22:17:24+08:00 ]NOTICE: Illegal string offset 'combine'E:\wamp\www\my_shop\App\Admin\Controller\GoodsListController.php (83).
[ 2015-12-01T22:17:24+08:00 ]NOTICE: Invalid argument supplied for foreach()E:\wamp\www\my_shop\App\Admin\Controller\GoodsListController.php (83).
[ 2015-12-01T22:17:24+08:00 ]NOTICE: Illegal string offset 'combine'E:\wamp\www\my_shop\App\Admin\Controller\GoodsListController.php (83).
[ 2015-12-01T22:17:24+08:00 ]NOTICE: Invalid argument supplied for foreach()E:\wamp\www\my_shop\App\Admin\Controller\GoodsListController.php (83).
[ 2015-12-01T22:17:24+08:00 ]NOTICE: Illegal string offset 'combine'E:\wamp\www\my_shop\App\Admin\Controller\GoodsListController.php (83).
[ 2015-12-01T22:17:24+08:00 ]NOTICE: Invalid argument supplied for foreach()E:\wamp\www\my_shop\App\Admin\Controller\GoodsListController.php (83).
[ 2015-12-01T22:17:24+08:00 ]NOTICE: Illegal string offset 'combine'E:\wamp\www\my_shop\App\Admin\Controller\GoodsListController.php (83).
[ 2015-12-01T22:17:24+08:00 ]NOTICE: Invalid argument supplied for foreach()E:\wamp\www\my_shop\App\Admin\Controller\GoodsListController.php (83).
[ 2015-12-01T22:17:24+08:00 ]NOTICE: Illegal string offset 'combine'E:\wamp\www\my_shop\App\Admin\Controller\GoodsListController.php (83).
[ 2015-12-01T22:17:24+08:00 ]NOTICE: Invalid argument supplied for foreach()E:\wamp\www\my_shop\App\Admin\Controller\GoodsListController.php (83).
[ 2015-12-01T22:18:37+08:00 ]NOTICE: Illegal string offset 'combine'E:\wamp\www\my_shop\App\Admin\Controller\GoodsListController.php (78).
[ 2015-12-01T22:18:37+08:00 ]NOTICE: Illegal string offset 'combine'E:\wamp\www\my_shop\App\Admin\Controller\GoodsListController.php (78).
[ 2015-12-01T22:18:37+08:00 ]NOTICE: Illegal string offset 'combine'E:\wamp\www\my_shop\App\Admin\Controller\GoodsListController.php (78).
[ 2015-12-01T22:18:37+08:00 ]NOTICE: Illegal string offset 'combine'E:\wamp\www\my_shop\App\Admin\Controller\GoodsListController.php (78).
[ 2015-12-01T22:18:37+08:00 ]NOTICE: Illegal string offset 'combine'E:\wamp\www\my_shop\App\Admin\Controller\GoodsListController.php (78).
[ 2015-12-01T22:21:19+08:00 ]NOTICE: explode() expects parameter 2 to be string, array givenE:\wamp\www\my_shop\App\Admin\Controller\GoodsListController.php (78).
[ 2015-12-01T22:21:19+08:00 ]NOTICE: explode() expects parameter 2 to be string, array givenE:\wamp\www\my_shop\App\Admin\Controller\GoodsListController.php (78).
[ 2015-12-01T22:24:14+08:00 ]NOTICE: explode() expects parameter 2 to be string, array givenE:\wamp\www\my_shop\App\Admin\Controller\GoodsListController.php (78).
[ 2015-12-01T22:24:14+08:00 ]NOTICE: explode() expects parameter 2 to be string, array givenE:\wamp\www\my_shop\App\Admin\Controller\GoodsListController.php (78).
[ 2015-12-01T22:24:14+08:00 ]NOTICE: explode() expects parameter 2 to be string, array givenE:\wamp\www\my_shop\App\Admin\Controller\GoodsListController.php (78).
[ 2015-12-01T22:24:14+08:00 ]NOTICE: explode() expects parameter 2 to be string, array givenE:\wamp\www\my_shop\App\Admin\Controller\GoodsListController.php (78).
[ 2015-12-01T22:24:14+08:00 ]NOTICE: explode() expects parameter 2 to be string, array givenE:\wamp\www\my_shop\App\Admin\Controller\GoodsListController.php (78).
[ 2015-12-01T22:37:20+08:00 ]NOTICE: Undefined variable: goodsAttrE:\wamp\www\my_shop\App\Admin\Controller\GoodsListController.php (70).
[ 2015-12-01T22:37:45+08:00 ]NOTICE: Undefined variable: gidE:\wamp\www\my_shop\Storage\view\compile\cc18b76cbaff28a2b4ec5e862490977e.php (49).
