[ 2015-12-02T14:41:11+08:00 ]NOTICE: Undefined index: E:\wamp\www\my_shop\Storage\view\compile\cc18b76cbaff28a2b4ec5e862490977e.php (42).
[ 2015-12-02T14:41:11+08:00 ]NOTICE: Undefined index: E:\wamp\www\my_shop\Storage\view\compile\cc18b76cbaff28a2b4ec5e862490977e.php (42).
[ 2015-12-02T14:41:11+08:00 ]NOTICE: Undefined index: E:\wamp\www\my_shop\Storage\view\compile\cc18b76cbaff28a2b4ec5e862490977e.php (42).
[ 2015-12-02T14:41:11+08:00 ]NOTICE: Undefined index: E:\wamp\www\my_shop\Storage\view\compile\cc18b76cbaff28a2b4ec5e862490977e.php (42).
[ 2015-12-02T14:41:11+08:00 ]NOTICE: Undefined index: E:\wamp\www\my_shop\Storage\view\compile\cc18b76cbaff28a2b4ec5e862490977e.php (42).
[ 2015-12-02T14:41:11+08:00 ]NOTICE: Undefined index: E:\wamp\www\my_shop\Storage\view\compile\cc18b76cbaff28a2b4ec5e862490977e.php (42).
[ 2015-12-02T14:41:11+08:00 ]NOTICE: Undefined index: E:\wamp\www\my_shop\Storage\view\compile\cc18b76cbaff28a2b4ec5e862490977e.php (42).
[ 2015-12-02T14:41:30+08:00 ]NOTICE: Undefined index: E:\wamp\www\my_shop\Storage\view\compile\cc18b76cbaff28a2b4ec5e862490977e.php (42).
[ 2015-12-02T14:41:30+08:00 ]NOTICE: Undefined index: E:\wamp\www\my_shop\Storage\view\compile\cc18b76cbaff28a2b4ec5e862490977e.php (42).
[ 2015-12-02T14:41:30+08:00 ]NOTICE: Undefined index: E:\wamp\www\my_shop\Storage\view\compile\cc18b76cbaff28a2b4ec5e862490977e.php (42).
[ 2015-12-02T14:41:30+08:00 ]NOTICE: Undefined index: E:\wamp\www\my_shop\Storage\view\compile\cc18b76cbaff28a2b4ec5e862490977e.php (42).
[ 2015-12-02T14:41:30+08:00 ]NOTICE: Undefined index: E:\wamp\www\my_shop\Storage\view\compile\cc18b76cbaff28a2b4ec5e862490977e.php (42).
[ 2015-12-02T14:41:30+08:00 ]NOTICE: Undefined index: E:\wamp\www\my_shop\Storage\view\compile\cc18b76cbaff28a2b4ec5e862490977e.php (42).
[ 2015-12-02T14:41:30+08:00 ]NOTICE: Undefined index: E:\wamp\www\my_shop\Storage\view\compile\cc18b76cbaff28a2b4ec5e862490977e.php (42).
[ 2015-12-02T14:42:00+08:00 ]NOTICE: Undefined index: E:\wamp\www\my_shop\Storage\view\compile\cc18b76cbaff28a2b4ec5e862490977e.php (42).
[ 2015-12-02T14:42:00+08:00 ]NOTICE: Undefined index: E:\wamp\www\my_shop\Storage\view\compile\cc18b76cbaff28a2b4ec5e862490977e.php (42).
[ 2015-12-02T14:42:00+08:00 ]NOTICE: Undefined index: E:\wamp\www\my_shop\Storage\view\compile\cc18b76cbaff28a2b4ec5e862490977e.php (42).
[ 2015-12-02T14:42:00+08:00 ]NOTICE: Undefined index: E:\wamp\www\my_shop\Storage\view\compile\cc18b76cbaff28a2b4ec5e862490977e.php (42).
[ 2015-12-02T14:42:00+08:00 ]NOTICE: Undefined index: E:\wamp\www\my_shop\Storage\view\compile\cc18b76cbaff28a2b4ec5e862490977e.php (42).
[ 2015-12-02T14:42:00+08:00 ]NOTICE: Undefined index: E:\wamp\www\my_shop\Storage\view\compile\cc18b76cbaff28a2b4ec5e862490977e.php (42).
[ 2015-12-02T14:42:00+08:00 ]NOTICE: Undefined index: E:\wamp\www\my_shop\Storage\view\compile\cc18b76cbaff28a2b4ec5e862490977e.php (42).
[ 2015-12-02T14:43:56+08:00 ]NOTICE: Illegal offset typeE:\wamp\www\my_shop\Storage\view\compile\cc18b76cbaff28a2b4ec5e862490977e.php (42).
[ 2015-12-02T14:43:56+08:00 ]NOTICE: Illegal offset typeE:\wamp\www\my_shop\Storage\view\compile\cc18b76cbaff28a2b4ec5e862490977e.php (42).
[ 2015-12-02T14:43:56+08:00 ]NOTICE: Illegal offset typeE:\wamp\www\my_shop\Storage\view\compile\cc18b76cbaff28a2b4ec5e862490977e.php (42).
[ 2015-12-02T14:43:56+08:00 ]NOTICE: Illegal offset typeE:\wamp\www\my_shop\Storage\view\compile\cc18b76cbaff28a2b4ec5e862490977e.php (42).
[ 2015-12-02T14:43:56+08:00 ]NOTICE: Illegal offset typeE:\wamp\www\my_shop\Storage\view\compile\cc18b76cbaff28a2b4ec5e862490977e.php (42).
[ 2015-12-02T14:43:56+08:00 ]NOTICE: Illegal offset typeE:\wamp\www\my_shop\Storage\view\compile\cc18b76cbaff28a2b4ec5e862490977e.php (42).
[ 2015-12-02T14:43:56+08:00 ]NOTICE: Illegal offset typeE:\wamp\www\my_shop\Storage\view\compile\cc18b76cbaff28a2b4ec5e862490977e.php (42).
[ 2015-12-02T14:49:59+08:00 ]NOTICE: Array to string conversionE:\wamp\www\my_shop\Storage\view\compile\cc18b76cbaff28a2b4ec5e862490977e.php (44).
[ 2015-12-02T14:49:59+08:00 ]NOTICE: Array to string conversionE:\wamp\www\my_shop\Storage\view\compile\cc18b76cbaff28a2b4ec5e862490977e.php (44).
[ 2015-12-02T14:49:59+08:00 ]NOTICE: Array to string conversionE:\wamp\www\my_shop\Storage\view\compile\cc18b76cbaff28a2b4ec5e862490977e.php (44).
[ 2015-12-02T14:49:59+08:00 ]NOTICE: Array to string conversionE:\wamp\www\my_shop\Storage\view\compile\cc18b76cbaff28a2b4ec5e862490977e.php (44).
[ 2015-12-02T14:49:59+08:00 ]NOTICE: Array to string conversionE:\wamp\www\my_shop\Storage\view\compile\cc18b76cbaff28a2b4ec5e862490977e.php (44).
[ 2015-12-02T14:49:59+08:00 ]NOTICE: Array to string conversionE:\wamp\www\my_shop\Storage\view\compile\cc18b76cbaff28a2b4ec5e862490977e.php (44).
[ 2015-12-02T14:49:59+08:00 ]NOTICE: Array to string conversionE:\wamp\www\my_shop\Storage\view\compile\cc18b76cbaff28a2b4ec5e862490977e.php (44).
[ 2015-12-02T14:49:59+08:00 ]NOTICE: Array to string conversionE:\wamp\www\my_shop\Storage\view\compile\cc18b76cbaff28a2b4ec5e862490977e.php (44).
[ 2015-12-02T14:49:59+08:00 ]NOTICE: Array to string conversionE:\wamp\www\my_shop\Storage\view\compile\cc18b76cbaff28a2b4ec5e862490977e.php (44).
[ 2015-12-02T14:49:59+08:00 ]NOTICE: Array to string conversionE:\wamp\www\my_shop\Storage\view\compile\cc18b76cbaff28a2b4ec5e862490977e.php (44).
[ 2015-12-02T14:49:59+08:00 ]NOTICE: Array to string conversionE:\wamp\www\my_shop\Storage\view\compile\cc18b76cbaff28a2b4ec5e862490977e.php (44).
[ 2015-12-02T14:49:59+08:00 ]NOTICE: Array to string conversionE:\wamp\www\my_shop\Storage\view\compile\cc18b76cbaff28a2b4ec5e862490977e.php (44).
[ 2015-12-02T14:49:59+08:00 ]NOTICE: Array to string conversionE:\wamp\www\my_shop\Storage\view\compile\cc18b76cbaff28a2b4ec5e862490977e.php (44).
[ 2015-12-02T14:49:59+08:00 ]NOTICE: Array to string conversionE:\wamp\www\my_shop\Storage\view\compile\cc18b76cbaff28a2b4ec5e862490977e.php (44).
[ 2015-12-02T21:31:48+08:00 ]NOTICE: Undefined variable: cateDataE:\wamp\www\my_shop\Storage\view\compile\2423d97aa5ac687e891a5fe801f81b73.php (105).
[ 2015-12-02T21:31:48+08:00 ]NOTICE: Invalid argument supplied for foreach()E:\wamp\www\my_shop\Storage\view\compile\2423d97aa5ac687e891a5fe801f81b73.php (105).
[ 2015-12-02T21:33:06+08:00 ]NOTICE: Undefined variable: cateDataE:\wamp\www\my_shop\App\Home\Controller\IndexController.php (18).
[ 2015-12-02T21:33:06+08:00 ]NOTICE: Undefined variable: cateDataE:\wamp\www\my_shop\Storage\view\compile\2423d97aa5ac687e891a5fe801f81b73.php (105).
[ 2015-12-02T21:33:06+08:00 ]NOTICE: Invalid argument supplied for foreach()E:\wamp\www\my_shop\Storage\view\compile\2423d97aa5ac687e891a5fe801f81b73.php (105).
[ 2015-12-02T21:33:29+08:00 ]NOTICE: Undefined variable: cateDataE:\wamp\www\my_shop\Storage\view\compile\2423d97aa5ac687e891a5fe801f81b73.php (105).
[ 2015-12-02T21:33:29+08:00 ]NOTICE: Invalid argument supplied for foreach()E:\wamp\www\my_shop\Storage\view\compile\2423d97aa5ac687e891a5fe801f81b73.php (105).
[ 2015-12-02T21:37:49+08:00 ]NOTICE: Undefined variable: cateDataE:\wamp\www\my_shop\Storage\view\compile\2423d97aa5ac687e891a5fe801f81b73.php (105).
[ 2015-12-02T21:37:49+08:00 ]NOTICE: Invalid argument supplied for foreach()E:\wamp\www\my_shop\Storage\view\compile\2423d97aa5ac687e891a5fe801f81b73.php (105).
[ 2015-12-02T21:38:58+08:00 ]NOTICE: Undefined variable: cateDataE:\wamp\www\my_shop\Storage\view\compile\2423d97aa5ac687e891a5fe801f81b73.php (105).
[ 2015-12-02T21:38:58+08:00 ]NOTICE: Invalid argument supplied for foreach()E:\wamp\www\my_shop\Storage\view\compile\2423d97aa5ac687e891a5fe801f81b73.php (105).
[ 2015-12-02T21:38:59+08:00 ]NOTICE: Undefined variable: cateDataE:\wamp\www\my_shop\Storage\view\compile\2423d97aa5ac687e891a5fe801f81b73.php (105).
[ 2015-12-02T21:38:59+08:00 ]NOTICE: Invalid argument supplied for foreach()E:\wamp\www\my_shop\Storage\view\compile\2423d97aa5ac687e891a5fe801f81b73.php (105).
[ 2015-12-02T21:41:55+08:00 ]NOTICE: Undefined variable: cateDataE:\wamp\www\my_shop\Storage\view\compile\2423d97aa5ac687e891a5fe801f81b73.php (105).
[ 2015-12-02T21:41:55+08:00 ]NOTICE: Invalid argument supplied for foreach()E:\wamp\www\my_shop\Storage\view\compile\2423d97aa5ac687e891a5fe801f81b73.php (105).
[ 2015-12-02T21:43:46+08:00 ]NOTICE: Undefined variable: cateDataE:\wamp\www\my_shop\Storage\view\compile\2423d97aa5ac687e891a5fe801f81b73.php (105).
[ 2015-12-02T21:43:46+08:00 ]NOTICE: Invalid argument supplied for foreach()E:\wamp\www\my_shop\Storage\view\compile\2423d97aa5ac687e891a5fe801f81b73.php (105).
[ 2015-12-02T21:45:36+08:00 ]NOTICE: Undefined variable: cateDataE:\wamp\www\my_shop\App\Home\Controller\IndexController.php (15).
[ 2015-12-02T21:48:34+08:00 ]NOTICE: Undefined variable: cateDataE:\wamp\www\my_shop\App\Home\Controller\IndexController.php (15).
[ 2015-12-02T21:48:42+08:00 ]NOTICE: Undefined variable: cateDataE:\wamp\www\my_shop\Storage\view\compile\2423d97aa5ac687e891a5fe801f81b73.php (105).
[ 2015-12-02T21:48:42+08:00 ]NOTICE: Invalid argument supplied for foreach()E:\wamp\www\my_shop\Storage\view\compile\2423d97aa5ac687e891a5fe801f81b73.php (105).
[ 2015-12-02T21:49:00+08:00 ]NOTICE: Undefined variable: cateDataE:\wamp\www\my_shop\Storage\view\compile\2423d97aa5ac687e891a5fe801f81b73.php (105).
[ 2015-12-02T21:49:00+08:00 ]NOTICE: Invalid argument supplied for foreach()E:\wamp\www\my_shop\Storage\view\compile\2423d97aa5ac687e891a5fe801f81b73.php (105).
[ 2015-12-02T21:49:01+08:00 ]NOTICE: Undefined variable: cateDataE:\wamp\www\my_shop\Storage\view\compile\2423d97aa5ac687e891a5fe801f81b73.php (105).
[ 2015-12-02T21:49:01+08:00 ]NOTICE: Invalid argument supplied for foreach()E:\wamp\www\my_shop\Storage\view\compile\2423d97aa5ac687e891a5fe801f81b73.php (105).
[ 2015-12-02T21:49:31+08:00 ]NOTICE: Undefined variable: cateDataE:\wamp\www\my_shop\Storage\view\compile\2423d97aa5ac687e891a5fe801f81b73.php (105).
[ 2015-12-02T21:49:31+08:00 ]NOTICE: Invalid argument supplied for foreach()E:\wamp\www\my_shop\Storage\view\compile\2423d97aa5ac687e891a5fe801f81b73.php (105).
[ 2015-12-02T21:49:49+08:00 ]NOTICE: Undefined variable: cateDataE:\wamp\www\my_shop\Storage\view\compile\2423d97aa5ac687e891a5fe801f81b73.php (105).
[ 2015-12-02T21:49:49+08:00 ]NOTICE: Invalid argument supplied for foreach()E:\wamp\www\my_shop\Storage\view\compile\2423d97aa5ac687e891a5fe801f81b73.php (105).
[ 2015-12-02T21:49:51+08:00 ]NOTICE: Undefined variable: cateDataE:\wamp\www\my_shop\Storage\view\compile\2423d97aa5ac687e891a5fe801f81b73.php (105).
[ 2015-12-02T21:49:51+08:00 ]NOTICE: Invalid argument supplied for foreach()E:\wamp\www\my_shop\Storage\view\compile\2423d97aa5ac687e891a5fe801f81b73.php (105).
[ 2015-12-02T21:55:30+08:00 ]NOTICE: Undefined variable: cateDataE:\wamp\www\my_shop\Storage\view\compile\2423d97aa5ac687e891a5fe801f81b73.php (105).
[ 2015-12-02T21:55:30+08:00 ]NOTICE: Invalid argument supplied for foreach()E:\wamp\www\my_shop\Storage\view\compile\2423d97aa5ac687e891a5fe801f81b73.php (105).
[ 2015-12-02T21:55:36+08:00 ]NOTICE: Undefined variable: cateDataE:\wamp\www\my_shop\Storage\view\compile\2423d97aa5ac687e891a5fe801f81b73.php (105).
[ 2015-12-02T21:55:36+08:00 ]NOTICE: Invalid argument supplied for foreach()E:\wamp\www\my_shop\Storage\view\compile\2423d97aa5ac687e891a5fe801f81b73.php (105).
[ 2015-12-02T22:03:46+08:00 ]NOTICE: Undefined variable: cateDataE:\wamp\www\my_shop\Storage\view\compile\2423d97aa5ac687e891a5fe801f81b73.php (105).
[ 2015-12-02T22:03:46+08:00 ]NOTICE: Invalid argument supplied for foreach()E:\wamp\www\my_shop\Storage\view\compile\2423d97aa5ac687e891a5fe801f81b73.php (105).
[ 2015-12-02T22:06:01+08:00 ]NOTICE: Undefined variable: cateDataE:\wamp\www\my_shop\Storage\view\compile\2423d97aa5ac687e891a5fe801f81b73.php (105).
[ 2015-12-02T22:06:01+08:00 ]NOTICE: Invalid argument supplied for foreach()E:\wamp\www\my_shop\Storage\view\compile\2423d97aa5ac687e891a5fe801f81b73.php (105).
