[ 2015-12-03T08:50:22+08:00 ]NOTICE: Undefined variable: cateDataE:\wamp\www\my_shop\Storage\view\compile\2423d97aa5ac687e891a5fe801f81b73.php (105).
[ 2015-12-03T08:50:22+08:00 ]NOTICE: Invalid argument supplied for foreach()E:\wamp\www\my_shop\Storage\view\compile\2423d97aa5ac687e891a5fe801f81b73.php (105).
[ 2015-12-03T08:50:25+08:00 ]NOTICE: Undefined variable: cateDataE:\wamp\www\my_shop\Storage\view\compile\2423d97aa5ac687e891a5fe801f81b73.php (105).
[ 2015-12-03T08:50:25+08:00 ]NOTICE: Invalid argument supplied for foreach()E:\wamp\www\my_shop\Storage\view\compile\2423d97aa5ac687e891a5fe801f81b73.php (105).
[ 2015-12-03T08:50:26+08:00 ]NOTICE: Undefined variable: cateDataE:\wamp\www\my_shop\Storage\view\compile\2423d97aa5ac687e891a5fe801f81b73.php (105).
[ 2015-12-03T08:50:26+08:00 ]NOTICE: Invalid argument supplied for foreach()E:\wamp\www\my_shop\Storage\view\compile\2423d97aa5ac687e891a5fe801f81b73.php (105).
[ 2015-12-03T08:50:51+08:00 ]NOTICE: Undefined variable: cateDataE:\wamp\www\my_shop\Storage\view\compile\2423d97aa5ac687e891a5fe801f81b73.php (105).
[ 2015-12-03T08:50:51+08:00 ]NOTICE: Invalid argument supplied for foreach()E:\wamp\www\my_shop\Storage\view\compile\2423d97aa5ac687e891a5fe801f81b73.php (105).
[ 2015-12-03T08:52:15+08:00 ]NOTICE: Undefined variable: cateDataE:\wamp\www\my_shop\Storage\view\compile\2423d97aa5ac687e891a5fe801f81b73.php (105).
[ 2015-12-03T08:52:15+08:00 ]NOTICE: Invalid argument supplied for foreach()E:\wamp\www\my_shop\Storage\view\compile\2423d97aa5ac687e891a5fe801f81b73.php (105).
[ 2015-12-03T08:52:42+08:00 ]NOTICE: Undefined variable: cateDataE:\wamp\www\my_shop\Storage\view\compile\2423d97aa5ac687e891a5fe801f81b73.php (105).
[ 2015-12-03T08:52:42+08:00 ]NOTICE: Invalid argument supplied for foreach()E:\wamp\www\my_shop\Storage\view\compile\2423d97aa5ac687e891a5fe801f81b73.php (105).
[ 2015-12-03T09:22:47+08:00 ]NOTICE: Undefined variable: VE:\wamp\www\my_shop\Storage\view\compile\9c5abaaa6f02cf73c9209d43230d6294.php (182).
[ 2015-12-03T09:22:47+08:00 ]NOTICE: Division by zeroE:\wamp\www\my_shop\Storage\view\compile\9c5abaaa6f02cf73c9209d43230d6294.php (182).
[ 2015-12-03T09:22:47+08:00 ]NOTICE: Undefined index: priceE:\wamp\www\my_shop\Storage\view\compile\9c5abaaa6f02cf73c9209d43230d6294.php (187).
[ 2015-12-03T09:22:47+08:00 ]NOTICE: Undefined variable: VE:\wamp\www\my_shop\Storage\view\compile\9c5abaaa6f02cf73c9209d43230d6294.php (182).
[ 2015-12-03T09:22:47+08:00 ]NOTICE: Division by zeroE:\wamp\www\my_shop\Storage\view\compile\9c5abaaa6f02cf73c9209d43230d6294.php (182).
[ 2015-12-03T09:22:47+08:00 ]NOTICE: Undefined index: priceE:\wamp\www\my_shop\Storage\view\compile\9c5abaaa6f02cf73c9209d43230d6294.php (187).
[ 2015-12-03T09:22:47+08:00 ]NOTICE: Undefined variable: VE:\wamp\www\my_shop\Storage\view\compile\9c5abaaa6f02cf73c9209d43230d6294.php (182).
[ 2015-12-03T09:22:47+08:00 ]NOTICE: Division by zeroE:\wamp\www\my_shop\Storage\view\compile\9c5abaaa6f02cf73c9209d43230d6294.php (182).
[ 2015-12-03T09:22:47+08:00 ]NOTICE: Undefined index: priceE:\wamp\www\my_shop\Storage\view\compile\9c5abaaa6f02cf73c9209d43230d6294.php (187).
[ 2015-12-03T09:22:47+08:00 ]NOTICE: Undefined variable: VE:\wamp\www\my_shop\Storage\view\compile\9c5abaaa6f02cf73c9209d43230d6294.php (182).
[ 2015-12-03T09:22:47+08:00 ]NOTICE: Division by zeroE:\wamp\www\my_shop\Storage\view\compile\9c5abaaa6f02cf73c9209d43230d6294.php (182).
[ 2015-12-03T09:22:47+08:00 ]NOTICE: Undefined index: priceE:\wamp\www\my_shop\Storage\view\compile\9c5abaaa6f02cf73c9209d43230d6294.php (187).
[ 2015-12-03T09:22:47+08:00 ]NOTICE: Undefined variable: VE:\wamp\www\my_shop\Storage\view\compile\9c5abaaa6f02cf73c9209d43230d6294.php (182).
[ 2015-12-03T09:22:47+08:00 ]NOTICE: Division by zeroE:\wamp\www\my_shop\Storage\view\compile\9c5abaaa6f02cf73c9209d43230d6294.php (182).
[ 2015-12-03T09:22:47+08:00 ]NOTICE: Undefined index: priceE:\wamp\www\my_shop\Storage\view\compile\9c5abaaa6f02cf73c9209d43230d6294.php (187).
[ 2015-12-03T09:22:47+08:00 ]NOTICE: Undefined variable: VE:\wamp\www\my_shop\Storage\view\compile\9c5abaaa6f02cf73c9209d43230d6294.php (182).
[ 2015-12-03T09:22:47+08:00 ]NOTICE: Division by zeroE:\wamp\www\my_shop\Storage\view\compile\9c5abaaa6f02cf73c9209d43230d6294.php (182).
[ 2015-12-03T09:22:47+08:00 ]NOTICE: Undefined index: priceE:\wamp\www\my_shop\Storage\view\compile\9c5abaaa6f02cf73c9209d43230d6294.php (187).
[ 2015-12-03T09:22:47+08:00 ]NOTICE: Undefined variable: VE:\wamp\www\my_shop\Storage\view\compile\9c5abaaa6f02cf73c9209d43230d6294.php (182).
[ 2015-12-03T09:22:47+08:00 ]NOTICE: Division by zeroE:\wamp\www\my_shop\Storage\view\compile\9c5abaaa6f02cf73c9209d43230d6294.php (182).
[ 2015-12-03T09:22:47+08:00 ]NOTICE: Undefined index: priceE:\wamp\www\my_shop\Storage\view\compile\9c5abaaa6f02cf73c9209d43230d6294.php (187).
[ 2015-12-03T09:23:01+08:00 ]NOTICE: Undefined variable: VE:\wamp\www\my_shop\Storage\view\compile\9c5abaaa6f02cf73c9209d43230d6294.php (182).
[ 2015-12-03T09:23:01+08:00 ]NOTICE: Division by zeroE:\wamp\www\my_shop\Storage\view\compile\9c5abaaa6f02cf73c9209d43230d6294.php (182).
[ 2015-12-03T09:23:01+08:00 ]NOTICE: Undefined index: priceE:\wamp\www\my_shop\Storage\view\compile\9c5abaaa6f02cf73c9209d43230d6294.php (187).
[ 2015-12-03T09:23:01+08:00 ]NOTICE: Undefined variable: VE:\wamp\www\my_shop\Storage\view\compile\9c5abaaa6f02cf73c9209d43230d6294.php (182).
[ 2015-12-03T09:23:01+08:00 ]NOTICE: Division by zeroE:\wamp\www\my_shop\Storage\view\compile\9c5abaaa6f02cf73c9209d43230d6294.php (182).
[ 2015-12-03T09:23:01+08:00 ]NOTICE: Undefined index: priceE:\wamp\www\my_shop\Storage\view\compile\9c5abaaa6f02cf73c9209d43230d6294.php (187).
[ 2015-12-03T09:23:01+08:00 ]NOTICE: Undefined variable: VE:\wamp\www\my_shop\Storage\view\compile\9c5abaaa6f02cf73c9209d43230d6294.php (182).
[ 2015-12-03T09:23:01+08:00 ]NOTICE: Division by zeroE:\wamp\www\my_shop\Storage\view\compile\9c5abaaa6f02cf73c9209d43230d6294.php (182).
[ 2015-12-03T09:23:01+08:00 ]NOTICE: Undefined index: priceE:\wamp\www\my_shop\Storage\view\compile\9c5abaaa6f02cf73c9209d43230d6294.php (187).
[ 2015-12-03T09:23:01+08:00 ]NOTICE: Undefined variable: VE:\wamp\www\my_shop\Storage\view\compile\9c5abaaa6f02cf73c9209d43230d6294.php (182).
[ 2015-12-03T09:23:01+08:00 ]NOTICE: Division by zeroE:\wamp\www\my_shop\Storage\view\compile\9c5abaaa6f02cf73c9209d43230d6294.php (182).
[ 2015-12-03T09:23:01+08:00 ]NOTICE: Undefined index: priceE:\wamp\www\my_shop\Storage\view\compile\9c5abaaa6f02cf73c9209d43230d6294.php (187).
[ 2015-12-03T09:23:01+08:00 ]NOTICE: Undefined variable: VE:\wamp\www\my_shop\Storage\view\compile\9c5abaaa6f02cf73c9209d43230d6294.php (182).
[ 2015-12-03T09:23:01+08:00 ]NOTICE: Division by zeroE:\wamp\www\my_shop\Storage\view\compile\9c5abaaa6f02cf73c9209d43230d6294.php (182).
[ 2015-12-03T09:23:01+08:00 ]NOTICE: Undefined index: priceE:\wamp\www\my_shop\Storage\view\compile\9c5abaaa6f02cf73c9209d43230d6294.php (187).
[ 2015-12-03T09:23:01+08:00 ]NOTICE: Undefined variable: VE:\wamp\www\my_shop\Storage\view\compile\9c5abaaa6f02cf73c9209d43230d6294.php (182).
[ 2015-12-03T09:23:01+08:00 ]NOTICE: Division by zeroE:\wamp\www\my_shop\Storage\view\compile\9c5abaaa6f02cf73c9209d43230d6294.php (182).
[ 2015-12-03T09:23:01+08:00 ]NOTICE: Undefined index: priceE:\wamp\www\my_shop\Storage\view\compile\9c5abaaa6f02cf73c9209d43230d6294.php (187).
[ 2015-12-03T09:23:01+08:00 ]NOTICE: Undefined variable: VE:\wamp\www\my_shop\Storage\view\compile\9c5abaaa6f02cf73c9209d43230d6294.php (182).
[ 2015-12-03T09:23:01+08:00 ]NOTICE: Division by zeroE:\wamp\www\my_shop\Storage\view\compile\9c5abaaa6f02cf73c9209d43230d6294.php (182).
[ 2015-12-03T09:23:01+08:00 ]NOTICE: Undefined index: priceE:\wamp\www\my_shop\Storage\view\compile\9c5abaaa6f02cf73c9209d43230d6294.php (187).
[ 2015-12-03T09:23:17+08:00 ]NOTICE: Undefined variable: VE:\wamp\www\my_shop\Storage\view\compile\9c5abaaa6f02cf73c9209d43230d6294.php (182).
[ 2015-12-03T09:23:17+08:00 ]NOTICE: Division by zeroE:\wamp\www\my_shop\Storage\view\compile\9c5abaaa6f02cf73c9209d43230d6294.php (182).
[ 2015-12-03T09:23:17+08:00 ]NOTICE: Undefined variable: VE:\wamp\www\my_shop\Storage\view\compile\9c5abaaa6f02cf73c9209d43230d6294.php (182).
[ 2015-12-03T09:23:17+08:00 ]NOTICE: Division by zeroE:\wamp\www\my_shop\Storage\view\compile\9c5abaaa6f02cf73c9209d43230d6294.php (182).
[ 2015-12-03T09:23:17+08:00 ]NOTICE: Undefined variable: VE:\wamp\www\my_shop\Storage\view\compile\9c5abaaa6f02cf73c9209d43230d6294.php (182).
[ 2015-12-03T09:23:17+08:00 ]NOTICE: Division by zeroE:\wamp\www\my_shop\Storage\view\compile\9c5abaaa6f02cf73c9209d43230d6294.php (182).
[ 2015-12-03T09:23:17+08:00 ]NOTICE: Undefined variable: VE:\wamp\www\my_shop\Storage\view\compile\9c5abaaa6f02cf73c9209d43230d6294.php (182).
[ 2015-12-03T09:23:17+08:00 ]NOTICE: Division by zeroE:\wamp\www\my_shop\Storage\view\compile\9c5abaaa6f02cf73c9209d43230d6294.php (182).
[ 2015-12-03T09:23:17+08:00 ]NOTICE: Undefined variable: VE:\wamp\www\my_shop\Storage\view\compile\9c5abaaa6f02cf73c9209d43230d6294.php (182).
[ 2015-12-03T09:23:17+08:00 ]NOTICE: Division by zeroE:\wamp\www\my_shop\Storage\view\compile\9c5abaaa6f02cf73c9209d43230d6294.php (182).
[ 2015-12-03T09:23:17+08:00 ]NOTICE: Undefined variable: VE:\wamp\www\my_shop\Storage\view\compile\9c5abaaa6f02cf73c9209d43230d6294.php (182).
[ 2015-12-03T09:23:17+08:00 ]NOTICE: Division by zeroE:\wamp\www\my_shop\Storage\view\compile\9c5abaaa6f02cf73c9209d43230d6294.php (182).
[ 2015-12-03T09:23:17+08:00 ]NOTICE: Undefined variable: VE:\wamp\www\my_shop\Storage\view\compile\9c5abaaa6f02cf73c9209d43230d6294.php (182).
[ 2015-12-03T09:23:17+08:00 ]NOTICE: Division by zeroE:\wamp\www\my_shop\Storage\view\compile\9c5abaaa6f02cf73c9209d43230d6294.php (182).
[ 2015-12-03T09:23:20+08:00 ]NOTICE: Undefined variable: VE:\wamp\www\my_shop\Storage\view\compile\9c5abaaa6f02cf73c9209d43230d6294.php (182).
[ 2015-12-03T09:23:20+08:00 ]NOTICE: Division by zeroE:\wamp\www\my_shop\Storage\view\compile\9c5abaaa6f02cf73c9209d43230d6294.php (182).
[ 2015-12-03T09:23:20+08:00 ]NOTICE: Undefined variable: VE:\wamp\www\my_shop\Storage\view\compile\9c5abaaa6f02cf73c9209d43230d6294.php (182).
[ 2015-12-03T09:23:20+08:00 ]NOTICE: Division by zeroE:\wamp\www\my_shop\Storage\view\compile\9c5abaaa6f02cf73c9209d43230d6294.php (182).
[ 2015-12-03T09:23:20+08:00 ]NOTICE: Undefined variable: VE:\wamp\www\my_shop\Storage\view\compile\9c5abaaa6f02cf73c9209d43230d6294.php (182).
[ 2015-12-03T09:23:20+08:00 ]NOTICE: Division by zeroE:\wamp\www\my_shop\Storage\view\compile\9c5abaaa6f02cf73c9209d43230d6294.php (182).
[ 2015-12-03T09:23:20+08:00 ]NOTICE: Undefined variable: VE:\wamp\www\my_shop\Storage\view\compile\9c5abaaa6f02cf73c9209d43230d6294.php (182).
[ 2015-12-03T09:23:20+08:00 ]NOTICE: Division by zeroE:\wamp\www\my_shop\Storage\view\compile\9c5abaaa6f02cf73c9209d43230d6294.php (182).
[ 2015-12-03T09:23:20+08:00 ]NOTICE: Undefined variable: VE:\wamp\www\my_shop\Storage\view\compile\9c5abaaa6f02cf73c9209d43230d6294.php (182).
[ 2015-12-03T09:23:20+08:00 ]NOTICE: Division by zeroE:\wamp\www\my_shop\Storage\view\compile\9c5abaaa6f02cf73c9209d43230d6294.php (182).
[ 2015-12-03T09:23:20+08:00 ]NOTICE: Undefined variable: VE:\wamp\www\my_shop\Storage\view\compile\9c5abaaa6f02cf73c9209d43230d6294.php (182).
[ 2015-12-03T09:23:20+08:00 ]NOTICE: Division by zeroE:\wamp\www\my_shop\Storage\view\compile\9c5abaaa6f02cf73c9209d43230d6294.php (182).
[ 2015-12-03T09:23:20+08:00 ]NOTICE: Undefined variable: VE:\wamp\www\my_shop\Storage\view\compile\9c5abaaa6f02cf73c9209d43230d6294.php (182).
[ 2015-12-03T09:23:20+08:00 ]NOTICE: Division by zeroE:\wamp\www\my_shop\Storage\view\compile\9c5abaaa6f02cf73c9209d43230d6294.php (182).
[ 2015-12-03T09:24:06+08:00 ]NOTICE: Division by zeroE:\wamp\www\my_shop\Storage\view\compile\9c5abaaa6f02cf73c9209d43230d6294.php (182).
[ 2015-12-03T09:24:06+08:00 ]NOTICE: Undefined index: priceE:\wamp\www\my_shop\Storage\view\compile\9c5abaaa6f02cf73c9209d43230d6294.php (187).
[ 2015-12-03T09:24:06+08:00 ]NOTICE: Division by zeroE:\wamp\www\my_shop\Storage\view\compile\9c5abaaa6f02cf73c9209d43230d6294.php (182).
[ 2015-12-03T09:24:06+08:00 ]NOTICE: Undefined index: priceE:\wamp\www\my_shop\Storage\view\compile\9c5abaaa6f02cf73c9209d43230d6294.php (187).
[ 2015-12-03T09:24:06+08:00 ]NOTICE: Division by zeroE:\wamp\www\my_shop\Storage\view\compile\9c5abaaa6f02cf73c9209d43230d6294.php (182).
[ 2015-12-03T09:24:06+08:00 ]NOTICE: Undefined index: priceE:\wamp\www\my_shop\Storage\view\compile\9c5abaaa6f02cf73c9209d43230d6294.php (187).
[ 2015-12-03T09:24:06+08:00 ]NOTICE: Division by zeroE:\wamp\www\my_shop\Storage\view\compile\9c5abaaa6f02cf73c9209d43230d6294.php (182).
[ 2015-12-03T09:24:06+08:00 ]NOTICE: Undefined index: priceE:\wamp\www\my_shop\Storage\view\compile\9c5abaaa6f02cf73c9209d43230d6294.php (187).
[ 2015-12-03T09:24:06+08:00 ]NOTICE: Division by zeroE:\wamp\www\my_shop\Storage\view\compile\9c5abaaa6f02cf73c9209d43230d6294.php (182).
[ 2015-12-03T09:24:06+08:00 ]NOTICE: Undefined index: priceE:\wamp\www\my_shop\Storage\view\compile\9c5abaaa6f02cf73c9209d43230d6294.php (187).
[ 2015-12-03T09:24:06+08:00 ]NOTICE: Division by zeroE:\wamp\www\my_shop\Storage\view\compile\9c5abaaa6f02cf73c9209d43230d6294.php (182).
[ 2015-12-03T09:24:06+08:00 ]NOTICE: Undefined index: priceE:\wamp\www\my_shop\Storage\view\compile\9c5abaaa6f02cf73c9209d43230d6294.php (187).
[ 2015-12-03T09:24:06+08:00 ]NOTICE: Division by zeroE:\wamp\www\my_shop\Storage\view\compile\9c5abaaa6f02cf73c9209d43230d6294.php (182).
[ 2015-12-03T09:24:06+08:00 ]NOTICE: Undefined index: priceE:\wamp\www\my_shop\Storage\view\compile\9c5abaaa6f02cf73c9209d43230d6294.php (187).
[ 2015-12-03T09:24:25+08:00 ]NOTICE: Division by zeroE:\wamp\www\my_shop\Storage\view\compile\9c5abaaa6f02cf73c9209d43230d6294.php (182).
[ 2015-12-03T09:24:25+08:00 ]NOTICE: Division by zeroE:\wamp\www\my_shop\Storage\view\compile\9c5abaaa6f02cf73c9209d43230d6294.php (182).
[ 2015-12-03T09:24:25+08:00 ]NOTICE: Division by zeroE:\wamp\www\my_shop\Storage\view\compile\9c5abaaa6f02cf73c9209d43230d6294.php (182).
[ 2015-12-03T09:24:25+08:00 ]NOTICE: Division by zeroE:\wamp\www\my_shop\Storage\view\compile\9c5abaaa6f02cf73c9209d43230d6294.php (182).
[ 2015-12-03T09:24:25+08:00 ]NOTICE: Division by zeroE:\wamp\www\my_shop\Storage\view\compile\9c5abaaa6f02cf73c9209d43230d6294.php (182).
[ 2015-12-03T09:24:25+08:00 ]NOTICE: Division by zeroE:\wamp\www\my_shop\Storage\view\compile\9c5abaaa6f02cf73c9209d43230d6294.php (182).
[ 2015-12-03T09:24:25+08:00 ]NOTICE: Division by zeroE:\wamp\www\my_shop\Storage\view\compile\9c5abaaa6f02cf73c9209d43230d6294.php (182).
[ 2015-12-03T09:24:34+08:00 ]NOTICE: Division by zeroE:\wamp\www\my_shop\Storage\view\compile\9c5abaaa6f02cf73c9209d43230d6294.php (182).
[ 2015-12-03T09:24:34+08:00 ]NOTICE: Division by zeroE:\wamp\www\my_shop\Storage\view\compile\9c5abaaa6f02cf73c9209d43230d6294.php (182).
[ 2015-12-03T09:24:34+08:00 ]NOTICE: Division by zeroE:\wamp\www\my_shop\Storage\view\compile\9c5abaaa6f02cf73c9209d43230d6294.php (182).
[ 2015-12-03T09:24:34+08:00 ]NOTICE: Division by zeroE:\wamp\www\my_shop\Storage\view\compile\9c5abaaa6f02cf73c9209d43230d6294.php (182).
[ 2015-12-03T09:24:34+08:00 ]NOTICE: Division by zeroE:\wamp\www\my_shop\Storage\view\compile\9c5abaaa6f02cf73c9209d43230d6294.php (182).
[ 2015-12-03T09:24:34+08:00 ]NOTICE: Division by zeroE:\wamp\www\my_shop\Storage\view\compile\9c5abaaa6f02cf73c9209d43230d6294.php (182).
[ 2015-12-03T09:24:34+08:00 ]NOTICE: Division by zeroE:\wamp\www\my_shop\Storage\view\compile\9c5abaaa6f02cf73c9209d43230d6294.php (182).
[ 2015-12-03T09:24:45+08:00 ]NOTICE: Division by zeroE:\wamp\www\my_shop\Storage\view\compile\9c5abaaa6f02cf73c9209d43230d6294.php (182).
[ 2015-12-03T09:24:45+08:00 ]NOTICE: Division by zeroE:\wamp\www\my_shop\Storage\view\compile\9c5abaaa6f02cf73c9209d43230d6294.php (182).
[ 2015-12-03T09:24:45+08:00 ]NOTICE: Division by zeroE:\wamp\www\my_shop\Storage\view\compile\9c5abaaa6f02cf73c9209d43230d6294.php (182).
[ 2015-12-03T09:24:45+08:00 ]NOTICE: Division by zeroE:\wamp\www\my_shop\Storage\view\compile\9c5abaaa6f02cf73c9209d43230d6294.php (182).
[ 2015-12-03T09:24:45+08:00 ]NOTICE: Division by zeroE:\wamp\www\my_shop\Storage\view\compile\9c5abaaa6f02cf73c9209d43230d6294.php (182).
[ 2015-12-03T09:24:45+08:00 ]NOTICE: Division by zeroE:\wamp\www\my_shop\Storage\view\compile\9c5abaaa6f02cf73c9209d43230d6294.php (182).
[ 2015-12-03T09:24:45+08:00 ]NOTICE: Division by zeroE:\wamp\www\my_shop\Storage\view\compile\9c5abaaa6f02cf73c9209d43230d6294.php (182).
[ 2015-12-03T09:52:06+08:00 ]EXCEPTION: 模板不存在:App/Home/View/Goods/index.php
[ 2015-12-03T10:13:21+08:00 ]EXCEPTION: SELECT  *  FROM goods INNER JOIN detail ON detail_gid = goods_gid WHERE gid=18 ;BindParams:array (
)23000;1052;Column 'gid' in where clause is ambiguous
[ 2015-12-03T10:16:58+08:00 ]EXCEPTION: SELECT  *  FROM goods INNER JOIN detail ON detail.gid = goods.gid WHERE gid=18 ;BindParams:array (
)23000;1052;Column 'gid' in where clause is ambiguous
[ 2015-12-03T10:16:59+08:00 ]EXCEPTION: SELECT  *  FROM goods INNER JOIN detail ON detail.gid = goods.gid WHERE gid=18 ;BindParams:array (
)23000;1052;Column 'gid' in where clause is ambiguous
[ 2015-12-03T10:17:00+08:00 ]EXCEPTION: SELECT  *  FROM goods INNER JOIN detail ON detail.gid = goods.gid WHERE gid=18 ;BindParams:array (
)23000;1052;Column 'gid' in where clause is ambiguous
[ 2015-12-03T10:17:54+08:00 ]EXCEPTION: SELECT  *  FROM goods INNER JOIN detail ON detail.gid = goods.gid WHERE gid=18 ;BindParams:array (
)23000;1052;Column 'gid' in where clause is ambiguous
[ 2015-12-03T10:17:55+08:00 ]EXCEPTION: SELECT  *  FROM goods INNER JOIN detail ON detail.gid = goods.gid WHERE gid=18 ;BindParams:array (
)23000;1052;Column 'gid' in where clause is ambiguous
[ 2015-12-03T10:17:58+08:00 ]EXCEPTION: SELECT  *  FROM goods INNER JOIN detail ON detail.gid = goods.gid WHERE gid=12 ;BindParams:array (
)23000;1052;Column 'gid' in where clause is ambiguous
[ 2015-12-03T10:19:38+08:00 ]EXCEPTION: SELECT  *  FROM goods INNER JOIN detail ON detail.gid = goods.gid WHERE gid=18 ;BindParams:array (
)23000;1052;Column 'gid' in where clause is ambiguous
[ 2015-12-03T10:20:29+08:00 ]EXCEPTION: SELECT  *  FROM goods INNER JOIN goods_attr ON goods_attr.gid = goods.gid WHERE gid=18 ;BindParams:array (
)23000;1052;Column 'gid' in where clause is ambiguous
[ 2015-12-03T10:33:34+08:00 ]EXCEPTION: SELECT  *  FROM goods INNER JOIN goods_attr ON goods_attr.gid = goods.gid WHERE gid=18 ;BindParams:array (
)23000;1052;Column 'gid' in where clause is ambiguous
[ 2015-12-03T10:35:08+08:00 ]EXCEPTION: SELECT  *  FROM goods INNER JOIN goods_attr ON goods_attr.gid = goods.gid WHERE gid=18 LIMIT 1 ;BindParams:array (
)23000;1052;Column 'gid' in where clause is ambiguous
[ 2015-12-03T11:40:15+08:00 ]NOTICE: Illegal string offset 'photo'E:\wamp\www\my_shop\App\Admin\Controller\GoodsController.php (84).
[ 2015-12-03T11:40:15+08:00 ]NOTICE: Illegal string offset 'photo'E:\wamp\www\my_shop\App\Admin\Controller\GoodsController.php (84).
[ 2015-12-03T11:40:15+08:00 ]NOTICE: Illegal string offset 'photo'E:\wamp\www\my_shop\App\Admin\Controller\GoodsController.php (84).
[ 2015-12-03T11:40:15+08:00 ]NOTICE: Illegal string offset 'photo'E:\wamp\www\my_shop\App\Admin\Controller\GoodsController.php (84).
[ 2015-12-03T11:41:15+08:00 ]NOTICE: Illegal string offset 'photo'E:\wamp\www\my_shop\App\Admin\Controller\GoodsController.php (84).
[ 2015-12-03T11:41:15+08:00 ]NOTICE: Illegal string offset 'photo'E:\wamp\www\my_shop\App\Admin\Controller\GoodsController.php (84).
[ 2015-12-03T11:41:15+08:00 ]NOTICE: Illegal string offset 'photo'E:\wamp\www\my_shop\App\Admin\Controller\GoodsController.php (84).
[ 2015-12-03T11:41:15+08:00 ]NOTICE: Illegal string offset 'photo'E:\wamp\www\my_shop\App\Admin\Controller\GoodsController.php (84).
[ 2015-12-03T11:42:14+08:00 ]NOTICE: Illegal string offset 'photo'E:\wamp\www\my_shop\App\Admin\Controller\GoodsController.php (84).
[ 2015-12-03T11:42:14+08:00 ]NOTICE: Illegal string offset 'photo'E:\wamp\www\my_shop\App\Admin\Controller\GoodsController.php (84).
[ 2015-12-03T11:42:14+08:00 ]NOTICE: Illegal string offset 'photo'E:\wamp\www\my_shop\App\Admin\Controller\GoodsController.php (84).
[ 2015-12-03T11:42:14+08:00 ]NOTICE: Illegal string offset 'photo'E:\wamp\www\my_shop\App\Admin\Controller\GoodsController.php (84).
[ 2015-12-03T11:44:01+08:00 ]NOTICE: explode() expects parameter 2 to be string, array givenE:\wamp\www\my_shop\App\Admin\Controller\GoodsController.php (84).
[ 2015-12-03T11:44:01+08:00 ]NOTICE: explode() expects parameter 2 to be string, array givenE:\wamp\www\my_shop\App\Admin\Controller\GoodsController.php (84).
[ 2015-12-03T11:45:30+08:00 ]NOTICE: Illegal string offset 'photo'E:\wamp\www\my_shop\App\Admin\Controller\GoodsController.php (84).
[ 2015-12-03T11:45:30+08:00 ]NOTICE: Illegal string offset 'photo'E:\wamp\www\my_shop\App\Admin\Controller\GoodsController.php (84).
[ 2015-12-03T11:45:30+08:00 ]NOTICE: Illegal string offset 'photo'E:\wamp\www\my_shop\App\Admin\Controller\GoodsController.php (84).
[ 2015-12-03T11:45:30+08:00 ]NOTICE: Illegal string offset 'photo'E:\wamp\www\my_shop\App\Admin\Controller\GoodsController.php (84).
[ 2015-12-03T14:32:54+08:00 ]NOTICE: Undefined index: photoE:\wamp\www\my_shop\App\Home\Controller\GoodsController.php (23).
[ 2015-12-03T14:33:55+08:00 ]NOTICE: Undefined index: photoE:\wamp\www\my_shop\App\Home\Controller\GoodsController.php (23).
[ 2015-12-03T14:51:53+08:00 ]EXCEPTION: SELECT  gtvalue,gtname  FROM goods_attr INNER JOIN type_attr ON type_attr.taid = goods_attr.taid WHERE gid=18 AND class=1 ;BindParams:array (
)42S22;1054;Unknown column 'gtname' in 'field list'
[ 2015-12-03T14:52:55+08:00 ]EXCEPTION: SELECT  gtvalue,gtname  FROM goods_attr INNER JOIN type_attr ON type_attr.taid = goods_attr.taid WHERE gid=18 AND class=1 ;BindParams:array (
)42S22;1054;Unknown column 'gtname' in 'field list'
[ 2015-12-03T14:53:07+08:00 ]EXCEPTION: SELECT  gtvalue,gaid  FROM goods_attr INNER JOIN type_attr ON type_attr.taid = goods_attr.taid WHERE gid=18 AND class=1 ;BindParams:array (
)42S22;1054;Unknown column 'gaid' in 'field list'
[ 2015-12-03T15:06:53+08:00 ]NOTICE: Undefined index: gtvalvueE:\wamp\www\my_shop\App\Home\Controller\GoodsController.php (29).
[ 2015-12-03T15:06:53+08:00 ]NOTICE: Undefined index: gtvalvueE:\wamp\www\my_shop\App\Home\Controller\GoodsController.php (29).
[ 2015-12-03T15:06:53+08:00 ]NOTICE: Undefined index: gtvalvueE:\wamp\www\my_shop\App\Home\Controller\GoodsController.php (29).
[ 2015-12-03T15:06:53+08:00 ]NOTICE: Undefined index: gtvalvueE:\wamp\www\my_shop\App\Home\Controller\GoodsController.php (29).
[ 2015-12-03T15:06:53+08:00 ]NOTICE: Undefined index: gtvalvueE:\wamp\www\my_shop\App\Home\Controller\GoodsController.php (29).
[ 2015-12-03T15:06:53+08:00 ]NOTICE: Undefined index: gtvalvueE:\wamp\www\my_shop\App\Home\Controller\GoodsController.php (29).
[ 2015-12-03T15:06:53+08:00 ]NOTICE: Undefined index: gtvalvueE:\wamp\www\my_shop\App\Home\Controller\GoodsController.php (29).
[ 2015-12-03T15:06:53+08:00 ]NOTICE: Undefined index: gtvalvueE:\wamp\www\my_shop\App\Home\Controller\GoodsController.php (29).
[ 2015-12-03T15:07:10+08:00 ]NOTICE: Undefined index: gtvalvueE:\wamp\www\my_shop\App\Home\Controller\GoodsController.php (29).
[ 2015-12-03T15:07:10+08:00 ]NOTICE: Undefined index: gtvalvueE:\wamp\www\my_shop\App\Home\Controller\GoodsController.php (29).
[ 2015-12-03T15:07:10+08:00 ]NOTICE: Undefined index: gtvalvueE:\wamp\www\my_shop\App\Home\Controller\GoodsController.php (29).
[ 2015-12-03T15:07:10+08:00 ]NOTICE: Undefined index: gtvalvueE:\wamp\www\my_shop\App\Home\Controller\GoodsController.php (29).
[ 2015-12-03T15:07:10+08:00 ]NOTICE: Undefined index: gtvalvueE:\wamp\www\my_shop\App\Home\Controller\GoodsController.php (29).
[ 2015-12-03T15:07:10+08:00 ]NOTICE: Undefined index: gtvalvueE:\wamp\www\my_shop\App\Home\Controller\GoodsController.php (29).
[ 2015-12-03T15:07:10+08:00 ]NOTICE: Undefined index: gtvalvueE:\wamp\www\my_shop\App\Home\Controller\GoodsController.php (29).
[ 2015-12-03T15:07:10+08:00 ]NOTICE: Undefined index: gtvalvueE:\wamp\www\my_shop\App\Home\Controller\GoodsController.php (29).
[ 2015-12-03T15:07:11+08:00 ]NOTICE: Undefined index: gtvalvueE:\wamp\www\my_shop\App\Home\Controller\GoodsController.php (29).
[ 2015-12-03T15:07:11+08:00 ]NOTICE: Undefined index: gtvalvueE:\wamp\www\my_shop\App\Home\Controller\GoodsController.php (29).
[ 2015-12-03T15:07:11+08:00 ]NOTICE: Undefined index: gtvalvueE:\wamp\www\my_shop\App\Home\Controller\GoodsController.php (29).
[ 2015-12-03T15:07:11+08:00 ]NOTICE: Undefined index: gtvalvueE:\wamp\www\my_shop\App\Home\Controller\GoodsController.php (29).
[ 2015-12-03T15:07:11+08:00 ]NOTICE: Undefined index: gtvalvueE:\wamp\www\my_shop\App\Home\Controller\GoodsController.php (29).
[ 2015-12-03T15:07:11+08:00 ]NOTICE: Undefined index: gtvalvueE:\wamp\www\my_shop\App\Home\Controller\GoodsController.php (29).
[ 2015-12-03T15:07:11+08:00 ]NOTICE: Undefined index: gtvalvueE:\wamp\www\my_shop\App\Home\Controller\GoodsController.php (29).
[ 2015-12-03T15:07:11+08:00 ]NOTICE: Undefined index: gtvalvueE:\wamp\www\my_shop\App\Home\Controller\GoodsController.php (29).
[ 2015-12-03T15:07:53+08:00 ]EXCEPTION: SELECT  gtvalue,taname,taid  FROM goods_attr INNER JOIN type_attr ON type_attr.taid = goods_attr.taid WHERE gid=18 AND class=1 ;BindParams:array (
)23000;1052;Column 'taid' in field list is ambiguous
[ 2015-12-03T15:11:12+08:00 ]EXCEPTION: SELECT  gtvalue,taname,taid  FROM goods_attr INNER JOIN type_attr ON type_attr.taid = goods_attr.taid WHERE gid=18 AND class=1 ;BindParams:array (
)23000;1052;Column 'taid' in field list is ambiguous
[ 2015-12-03T15:27:30+08:00 ]NOTICE: Undefined index: tanameE:\wamp\www\my_shop\App\Home\Controller\GoodsController.php (30).
[ 2015-12-03T15:27:30+08:00 ]NOTICE: Undefined index: tanameE:\wamp\www\my_shop\App\Home\Controller\GoodsController.php (30).
[ 2015-12-03T15:27:30+08:00 ]NOTICE: Undefined index: tanameE:\wamp\www\my_shop\App\Home\Controller\GoodsController.php (30).
[ 2015-12-03T15:27:30+08:00 ]NOTICE: Undefined index: tanameE:\wamp\www\my_shop\App\Home\Controller\GoodsController.php (30).
[ 2015-12-03T15:27:30+08:00 ]NOTICE: Undefined index: tanameE:\wamp\www\my_shop\App\Home\Controller\GoodsController.php (30).
[ 2015-12-03T16:58:41+08:00 ]EXCEPTION: Home\Controller\ListsController 不存在
[ 2015-12-03T16:59:01+08:00 ]EXCEPTION: Home\Controller\ListsController 不存在
[ 2015-12-03T17:24:47+08:00 ]NOTICE: Array to string conversionE:\wamp\www\my_shop\Hdphp\Db\Mysql.php (270).
[ 2015-12-03T17:24:47+08:00 ]NOTICE: Array to string conversionE:\wamp\www\my_shop\Hdphp\Db\Mysql.php (270).
[ 2015-12-03T17:24:47+08:00 ]NOTICE: Array to string conversionE:\wamp\www\my_shop\Hdphp\Db\Mysql.php (270).
[ 2015-12-03T17:24:47+08:00 ]NOTICE: Array to string conversionE:\wamp\www\my_shop\Hdphp\Db\Mysql.php (270).
[ 2015-12-03T17:24:47+08:00 ]NOTICE: Array to string conversionE:\wamp\www\my_shop\Hdphp\Db\Mysql.php (270).
[ 2015-12-03T17:24:47+08:00 ]NOTICE: Array to string conversionE:\wamp\www\my_shop\Hdphp\Db\Mysql.php (270).
[ 2015-12-03T17:24:47+08:00 ]NOTICE: Array to string conversionE:\wamp\www\my_shop\Hdphp\Db\Mysql.php (270).
[ 2015-12-03T17:24:47+08:00 ]NOTICE: Array to string conversionE:\wamp\www\my_shop\Hdphp\Db\Mysql.php (270).
[ 2015-12-03T17:24:47+08:00 ]NOTICE: Array to string conversionE:\wamp\www\my_shop\Hdphp\Db\Mysql.php (270).
[ 2015-12-03T17:24:47+08:00 ]NOTICE: Array to string conversionE:\wamp\www\my_shop\Hdphp\Db\Mysql.php (270).
[ 2015-12-03T17:25:02+08:00 ]NOTICE: Array to string conversionE:\wamp\www\my_shop\Hdphp\Db\Mysql.php (270).
[ 2015-12-03T17:25:02+08:00 ]NOTICE: Array to string conversionE:\wamp\www\my_shop\Hdphp\Db\Mysql.php (270).
[ 2015-12-03T17:25:02+08:00 ]NOTICE: Array to string conversionE:\wamp\www\my_shop\Hdphp\Db\Mysql.php (270).
[ 2015-12-03T17:25:02+08:00 ]NOTICE: Array to string conversionE:\wamp\www\my_shop\Hdphp\Db\Mysql.php (270).
[ 2015-12-03T17:25:02+08:00 ]NOTICE: Array to string conversionE:\wamp\www\my_shop\Hdphp\Db\Mysql.php (270).
[ 2015-12-03T17:25:03+08:00 ]NOTICE: Array to string conversionE:\wamp\www\my_shop\Hdphp\Db\Mysql.php (270).
[ 2015-12-03T17:25:03+08:00 ]NOTICE: Array to string conversionE:\wamp\www\my_shop\Hdphp\Db\Mysql.php (270).
[ 2015-12-03T17:25:03+08:00 ]NOTICE: Array to string conversionE:\wamp\www\my_shop\Hdphp\Db\Mysql.php (270).
[ 2015-12-03T17:25:03+08:00 ]NOTICE: Array to string conversionE:\wamp\www\my_shop\Hdphp\Db\Mysql.php (270).
[ 2015-12-03T17:25:03+08:00 ]NOTICE: Array to string conversionE:\wamp\www\my_shop\Hdphp\Db\Mysql.php (270).
[ 2015-12-03T17:25:04+08:00 ]NOTICE: Array to string conversionE:\wamp\www\my_shop\Hdphp\Db\Mysql.php (270).
[ 2015-12-03T17:25:04+08:00 ]NOTICE: Array to string conversionE:\wamp\www\my_shop\Hdphp\Db\Mysql.php (270).
[ 2015-12-03T17:25:04+08:00 ]NOTICE: Array to string conversionE:\wamp\www\my_shop\Hdphp\Db\Mysql.php (270).
[ 2015-12-03T17:25:04+08:00 ]NOTICE: Array to string conversionE:\wamp\www\my_shop\Hdphp\Db\Mysql.php (270).
[ 2015-12-03T17:25:04+08:00 ]NOTICE: Array to string conversionE:\wamp\www\my_shop\Hdphp\Db\Mysql.php (270).
[ 2015-12-03T17:25:04+08:00 ]NOTICE: Array to string conversionE:\wamp\www\my_shop\Hdphp\Db\Mysql.php (270).
[ 2015-12-03T17:25:04+08:00 ]NOTICE: Array to string conversionE:\wamp\www\my_shop\Hdphp\Db\Mysql.php (270).
[ 2015-12-03T17:25:04+08:00 ]NOTICE: Array to string conversionE:\wamp\www\my_shop\Hdphp\Db\Mysql.php (270).
[ 2015-12-03T17:25:04+08:00 ]NOTICE: Array to string conversionE:\wamp\www\my_shop\Hdphp\Db\Mysql.php (270).
[ 2015-12-03T17:25:04+08:00 ]NOTICE: Array to string conversionE:\wamp\www\my_shop\Hdphp\Db\Mysql.php (270).
[ 2015-12-03T17:25:04+08:00 ]NOTICE: Array to string conversionE:\wamp\www\my_shop\Hdphp\Db\Mysql.php (270).
[ 2015-12-03T17:25:04+08:00 ]NOTICE: Array to string conversionE:\wamp\www\my_shop\Hdphp\Db\Mysql.php (270).
[ 2015-12-03T17:25:04+08:00 ]NOTICE: Array to string conversionE:\wamp\www\my_shop\Hdphp\Db\Mysql.php (270).
[ 2015-12-03T17:25:04+08:00 ]NOTICE: Array to string conversionE:\wamp\www\my_shop\Hdphp\Db\Mysql.php (270).
[ 2015-12-03T17:25:04+08:00 ]NOTICE: Array to string conversionE:\wamp\www\my_shop\Hdphp\Db\Mysql.php (270).
[ 2015-12-03T17:25:04+08:00 ]NOTICE: Array to string conversionE:\wamp\www\my_shop\Hdphp\Db\Mysql.php (270).
[ 2015-12-03T17:25:04+08:00 ]NOTICE: Array to string conversionE:\wamp\www\my_shop\Hdphp\Db\Mysql.php (270).
[ 2015-12-03T17:25:04+08:00 ]NOTICE: Array to string conversionE:\wamp\www\my_shop\Hdphp\Db\Mysql.php (270).
[ 2015-12-03T17:25:04+08:00 ]NOTICE: Array to string conversionE:\wamp\www\my_shop\Hdphp\Db\Mysql.php (270).
[ 2015-12-03T17:25:04+08:00 ]NOTICE: Array to string conversionE:\wamp\www\my_shop\Hdphp\Db\Mysql.php (270).
[ 2015-12-03T20:13:11+08:00 ]NOTICE: Undefined index: gE:\wamp\www\my_shop\App\Home\Controller\GoodsController.php (40).
[ 2015-12-03T20:13:11+08:00 ]NOTICE: Undefined index: gE:\wamp\www\my_shop\App\Home\Controller\GoodsController.php (40).
[ 2015-12-03T20:13:11+08:00 ]NOTICE: Undefined index: gE:\wamp\www\my_shop\App\Home\Controller\GoodsController.php (40).
[ 2015-12-03T20:13:11+08:00 ]NOTICE: Undefined index: gE:\wamp\www\my_shop\App\Home\Controller\GoodsController.php (40).
[ 2015-12-03T20:13:11+08:00 ]NOTICE: Undefined index: gE:\wamp\www\my_shop\App\Home\Controller\GoodsController.php (40).
[ 2015-12-03T20:13:11+08:00 ]NOTICE: Undefined index: gE:\wamp\www\my_shop\App\Home\Controller\GoodsController.php (40).
[ 2015-12-03T20:13:11+08:00 ]NOTICE: Undefined index: gE:\wamp\www\my_shop\App\Home\Controller\GoodsController.php (40).
[ 2015-12-03T20:16:53+08:00 ]NOTICE: is_file() expects parameter 1 to be a valid path, array givenE:\wamp\www\my_shop\Hdphp\View\View.php (108).
[ 2015-12-03T20:16:53+08:00 ]NOTICE: Array to string conversionE:\wamp\www\my_shop\Hdphp\View\View.php (114).
[ 2015-12-03T20:16:53+08:00 ]EXCEPTION: 模板不存在:App/Home/View/Goods/Array.php
[ 2015-12-03T20:29:29+08:00 ]NOTICE: Use of undefined constant spec - assumed 'spec'E:\wamp\www\my_shop\Storage\view\compile\1a9e01799fddf280d38ee7c98c8d2ae2.php (149).
[ 2015-12-03T20:29:29+08:00 ]NOTICE: Invalid argument supplied for foreach()E:\wamp\www\my_shop\Storage\view\compile\1a9e01799fddf280d38ee7c98c8d2ae2.php (149).
[ 2015-12-03T20:37:08+08:00 ]NOTICE: Undefined index: inventoryE:\wamp\www\my_shop\Storage\view\compile\1a9e01799fddf280d38ee7c98c8d2ae2.php (141).
[ 2015-12-03T20:37:08+08:00 ]NOTICE: Undefined index: numberE:\wamp\www\my_shop\Storage\view\compile\1a9e01799fddf280d38ee7c98c8d2ae2.php (158).
[ 2015-12-03T20:58:19+08:00 ]NOTICE: Undefined variable: cateDataE:\wamp\www\my_shop\Storage\view\compile\2423d97aa5ac687e891a5fe801f81b73.php (104).
[ 2015-12-03T20:58:19+08:00 ]NOTICE: Invalid argument supplied for foreach()E:\wamp\www\my_shop\Storage\view\compile\2423d97aa5ac687e891a5fe801f81b73.php (104).
[ 2015-12-03T21:19:02+08:00 ]NOTICE: Undefined index: _nameE:\wamp\www\my_shop\Storage\view\compile\b0cef37a0386a1faffd967a594ec1e7e.php (173).
[ 2015-12-03T21:19:02+08:00 ]NOTICE: Undefined index: _nameE:\wamp\www\my_shop\Storage\view\compile\b0cef37a0386a1faffd967a594ec1e7e.php (173).
[ 2015-12-03T21:19:02+08:00 ]NOTICE: Undefined index: _nameE:\wamp\www\my_shop\Storage\view\compile\b0cef37a0386a1faffd967a594ec1e7e.php (173).
[ 2015-12-03T21:19:02+08:00 ]NOTICE: Undefined index: _nameE:\wamp\www\my_shop\Storage\view\compile\b0cef37a0386a1faffd967a594ec1e7e.php (173).
[ 2015-12-03T21:19:02+08:00 ]NOTICE: Undefined index: _nameE:\wamp\www\my_shop\Storage\view\compile\b0cef37a0386a1faffd967a594ec1e7e.php (173).
[ 2015-12-03T21:19:02+08:00 ]NOTICE: Undefined index: _nameE:\wamp\www\my_shop\Storage\view\compile\b0cef37a0386a1faffd967a594ec1e7e.php (173).
[ 2015-12-03T21:19:09+08:00 ]NOTICE: Undefined index: _nameE:\wamp\www\my_shop\Storage\view\compile\d1789a3e220e607bb98342c6e716939b.php (175).
[ 2015-12-03T21:19:09+08:00 ]NOTICE: Undefined index: _nameE:\wamp\www\my_shop\Storage\view\compile\d1789a3e220e607bb98342c6e716939b.php (175).
[ 2015-12-03T21:19:09+08:00 ]NOTICE: Undefined index: _nameE:\wamp\www\my_shop\Storage\view\compile\d1789a3e220e607bb98342c6e716939b.php (175).
[ 2015-12-03T21:19:09+08:00 ]NOTICE: Undefined index: _nameE:\wamp\www\my_shop\Storage\view\compile\d1789a3e220e607bb98342c6e716939b.php (175).
[ 2015-12-03T21:19:09+08:00 ]NOTICE: Undefined index: _nameE:\wamp\www\my_shop\Storage\view\compile\d1789a3e220e607bb98342c6e716939b.php (175).
[ 2015-12-03T21:19:09+08:00 ]NOTICE: Undefined index: _nameE:\wamp\www\my_shop\Storage\view\compile\d1789a3e220e607bb98342c6e716939b.php (175).
[ 2015-12-03T21:23:12+08:00 ]NOTICE: Undefined variable: cateDataE:\wamp\www\my_shop\Storage\view\compile\2423d97aa5ac687e891a5fe801f81b73.php (104).
[ 2015-12-03T21:23:12+08:00 ]NOTICE: Invalid argument supplied for foreach()E:\wamp\www\my_shop\Storage\view\compile\2423d97aa5ac687e891a5fe801f81b73.php (104).
[ 2015-12-03T21:23:12+08:00 ]NOTICE: Undefined variable: cateDataE:\wamp\www\my_shop\Storage\view\compile\2423d97aa5ac687e891a5fe801f81b73.php (104).
[ 2015-12-03T21:23:12+08:00 ]NOTICE: Invalid argument supplied for foreach()E:\wamp\www\my_shop\Storage\view\compile\2423d97aa5ac687e891a5fe801f81b73.php (104).
[ 2015-12-03T21:25:05+08:00 ]NOTICE: Undefined index: _nameE:\wamp\www\my_shop\Storage\view\compile\d1789a3e220e607bb98342c6e716939b.php (175).
[ 2015-12-03T21:25:05+08:00 ]NOTICE: Undefined index: _nameE:\wamp\www\my_shop\Storage\view\compile\d1789a3e220e607bb98342c6e716939b.php (175).
[ 2015-12-03T21:25:05+08:00 ]NOTICE: Undefined index: _nameE:\wamp\www\my_shop\Storage\view\compile\d1789a3e220e607bb98342c6e716939b.php (175).
[ 2015-12-03T21:25:05+08:00 ]NOTICE: Undefined index: _nameE:\wamp\www\my_shop\Storage\view\compile\d1789a3e220e607bb98342c6e716939b.php (175).
[ 2015-12-03T21:25:05+08:00 ]NOTICE: Undefined index: _nameE:\wamp\www\my_shop\Storage\view\compile\d1789a3e220e607bb98342c6e716939b.php (175).
[ 2015-12-03T21:25:05+08:00 ]NOTICE: Undefined index: _nameE:\wamp\www\my_shop\Storage\view\compile\d1789a3e220e607bb98342c6e716939b.php (175).
[ 2015-12-03T21:25:16+08:00 ]NOTICE: Undefined index: _nameE:\wamp\www\my_shop\Storage\view\compile\d1789a3e220e607bb98342c6e716939b.php (175).
[ 2015-12-03T21:25:16+08:00 ]NOTICE: Undefined index: _nameE:\wamp\www\my_shop\Storage\view\compile\d1789a3e220e607bb98342c6e716939b.php (175).
[ 2015-12-03T21:25:16+08:00 ]NOTICE: Undefined index: _nameE:\wamp\www\my_shop\Storage\view\compile\d1789a3e220e607bb98342c6e716939b.php (175).
[ 2015-12-03T21:25:16+08:00 ]NOTICE: Undefined index: _nameE:\wamp\www\my_shop\Storage\view\compile\d1789a3e220e607bb98342c6e716939b.php (175).
[ 2015-12-03T21:25:16+08:00 ]NOTICE: Undefined index: _nameE:\wamp\www\my_shop\Storage\view\compile\d1789a3e220e607bb98342c6e716939b.php (175).
[ 2015-12-03T21:25:16+08:00 ]NOTICE: Undefined index: _nameE:\wamp\www\my_shop\Storage\view\compile\d1789a3e220e607bb98342c6e716939b.php (175).
[ 2015-12-03T21:30:57+08:00 ]NOTICE: Undefined variable: cateDataE:\wamp\www\my_shop\Storage\view\compile\2423d97aa5ac687e891a5fe801f81b73.php (104).
[ 2015-12-03T21:30:57+08:00 ]NOTICE: Invalid argument supplied for foreach()E:\wamp\www\my_shop\Storage\view\compile\2423d97aa5ac687e891a5fe801f81b73.php (104).
[ 2015-12-03T21:30:58+08:00 ]NOTICE: Undefined variable: cateDataE:\wamp\www\my_shop\Storage\view\compile\2423d97aa5ac687e891a5fe801f81b73.php (104).
[ 2015-12-03T21:30:58+08:00 ]NOTICE: Invalid argument supplied for foreach()E:\wamp\www\my_shop\Storage\view\compile\2423d97aa5ac687e891a5fe801f81b73.php (104).
[ 2015-12-03T21:31:37+08:00 ]NOTICE: Undefined variable: cateDataE:\wamp\www\my_shop\Storage\view\compile\2423d97aa5ac687e891a5fe801f81b73.php (104).
[ 2015-12-03T21:31:37+08:00 ]NOTICE: Invalid argument supplied for foreach()E:\wamp\www\my_shop\Storage\view\compile\2423d97aa5ac687e891a5fe801f81b73.php (104).
[ 2015-12-03T21:31:38+08:00 ]NOTICE: Undefined variable: cateDataE:\wamp\www\my_shop\Storage\view\compile\2423d97aa5ac687e891a5fe801f81b73.php (104).
[ 2015-12-03T21:31:38+08:00 ]NOTICE: Invalid argument supplied for foreach()E:\wamp\www\my_shop\Storage\view\compile\2423d97aa5ac687e891a5fe801f81b73.php (104).
[ 2015-12-03T21:31:38+08:00 ]NOTICE: Undefined variable: cateDataE:\wamp\www\my_shop\Storage\view\compile\2423d97aa5ac687e891a5fe801f81b73.php (104).
[ 2015-12-03T21:31:38+08:00 ]NOTICE: Invalid argument supplied for foreach()E:\wamp\www\my_shop\Storage\view\compile\2423d97aa5ac687e891a5fe801f81b73.php (104).
[ 2015-12-03T21:42:55+08:00 ]EXCEPTION: SELECT  *  FROM goods_attr INNER JOIN type_attr ON type_attr.taid = goods_attr.taid WHERE gtid IN() AND class='1'  ;BindParams:array (
)42000;1064;You have an error in your SQL syntax; check the manual that corresponds to your MySQL server version for the right syntax to use near ') AND class='1'' at line 1
[ 2015-12-03T21:43:04+08:00 ]EXCEPTION: SELECT  *  FROM goods_attr INNER JOIN type_attr ON type_attr.taid = goods_attr.taid WHERE gtid IN() AND class='1'  ;BindParams:array (
)42000;1064;You have an error in your SQL syntax; check the manual that corresponds to your MySQL server version for the right syntax to use near ') AND class='1'' at line 1
[ 2015-12-03T21:45:22+08:00 ]NOTICE: Undefined variable: cateDataE:\wamp\www\my_shop\Storage\view\compile\2423d97aa5ac687e891a5fe801f81b73.php (104).
[ 2015-12-03T21:45:22+08:00 ]NOTICE: Invalid argument supplied for foreach()E:\wamp\www\my_shop\Storage\view\compile\2423d97aa5ac687e891a5fe801f81b73.php (104).
