[ 2015-12-06T13:06:36+08:00 ]NOTICE: Undefined index: valueE:\wamp\www\my_shop\Hdphp\View\HdphpTag.php (164).
[ 2015-12-06T19:15:33+08:00 ]EXCEPTION: SELECT  gnames  FROM goods WHERE gid=17 LIMIT 1 ;BindParams:array (
)42S22;1054;Unknown column 'gnames' in 'field list'
[ 2015-12-06T20:42:01+08:00 ]NOTICE: Illegal string offset 'gtid'E:\wamp\www\my_shop\App\Home\Controller\GoodsController.php (108).
[ 2015-12-06T20:42:01+08:00 ]NOTICE: Illegal string offset 'gtvalue'E:\wamp\www\my_shop\App\Home\Controller\GoodsController.php (109).
[ 2015-12-06T20:42:01+08:00 ]NOTICE: Illegal string offset 'gtid'E:\wamp\www\my_shop\App\Home\Controller\GoodsController.php (108).
[ 2015-12-06T20:42:01+08:00 ]NOTICE: Illegal string offset 'gtvalue'E:\wamp\www\my_shop\App\Home\Controller\GoodsController.php (109).
[ 2015-12-06T20:42:01+08:00 ]NOTICE: Illegal string offset 'gtid'E:\wamp\www\my_shop\App\Home\Controller\GoodsController.php (108).
[ 2015-12-06T20:42:01+08:00 ]NOTICE: Illegal string offset 'gtvalue'E:\wamp\www\my_shop\App\Home\Controller\GoodsController.php (109).
[ 2015-12-06T20:42:01+08:00 ]NOTICE: Illegal string offset 'gtid'E:\wamp\www\my_shop\App\Home\Controller\GoodsController.php (108).
[ 2015-12-06T20:42:01+08:00 ]NOTICE: Illegal string offset 'gtvalue'E:\wamp\www\my_shop\App\Home\Controller\GoodsController.php (109).
[ 2015-12-06T20:42:01+08:00 ]NOTICE: Illegal string offset 'gtid'E:\wamp\www\my_shop\App\Home\Controller\GoodsController.php (108).
[ 2015-12-06T20:42:01+08:00 ]NOTICE: Illegal string offset 'gtvalue'E:\wamp\www\my_shop\App\Home\Controller\GoodsController.php (109).
[ 2015-12-06T20:42:01+08:00 ]NOTICE: Illegal string offset 'gtid'E:\wamp\www\my_shop\App\Home\Controller\GoodsController.php (108).
[ 2015-12-06T20:42:01+08:00 ]NOTICE: Illegal string offset 'gtvalue'E:\wamp\www\my_shop\App\Home\Controller\GoodsController.php (109).
[ 2015-12-06T20:42:01+08:00 ]NOTICE: Illegal string offset 'gtid'E:\wamp\www\my_shop\App\Home\Controller\GoodsController.php (108).
[ 2015-12-06T20:42:01+08:00 ]NOTICE: Illegal string offset 'gtvalue'E:\wamp\www\my_shop\App\Home\Controller\GoodsController.php (109).
[ 2015-12-06T20:42:01+08:00 ]NOTICE: Illegal string offset 'gtid'E:\wamp\www\my_shop\App\Home\Controller\GoodsController.php (108).
[ 2015-12-06T20:42:01+08:00 ]NOTICE: Illegal string offset 'gtvalue'E:\wamp\www\my_shop\App\Home\Controller\GoodsController.php (109).
[ 2015-12-06T20:42:01+08:00 ]NOTICE: Illegal string offset 'gtid'E:\wamp\www\my_shop\App\Home\Controller\GoodsController.php (108).
[ 2015-12-06T20:42:01+08:00 ]NOTICE: Illegal string offset 'gtvalue'E:\wamp\www\my_shop\App\Home\Controller\GoodsController.php (109).
[ 2015-12-06T20:42:01+08:00 ]NOTICE: Illegal string offset 'gtid'E:\wamp\www\my_shop\App\Home\Controller\GoodsController.php (108).
[ 2015-12-06T20:42:01+08:00 ]NOTICE: Illegal string offset 'gtvalue'E:\wamp\www\my_shop\App\Home\Controller\GoodsController.php (109).
[ 2015-12-06T20:42:01+08:00 ]NOTICE: Illegal string offset 'gtid'E:\wamp\www\my_shop\App\Home\Controller\GoodsController.php (108).
[ 2015-12-06T20:42:01+08:00 ]NOTICE: Illegal string offset 'gtvalue'E:\wamp\www\my_shop\App\Home\Controller\GoodsController.php (109).
[ 2015-12-06T20:42:01+08:00 ]NOTICE: Illegal string offset 'gtid'E:\wamp\www\my_shop\App\Home\Controller\GoodsController.php (108).
[ 2015-12-06T20:42:01+08:00 ]NOTICE: Illegal string offset 'gtvalue'E:\wamp\www\my_shop\App\Home\Controller\GoodsController.php (109).
[ 2015-12-06T20:42:01+08:00 ]NOTICE: Illegal string offset 'gtid'E:\wamp\www\my_shop\App\Home\Controller\GoodsController.php (108).
[ 2015-12-06T20:42:01+08:00 ]NOTICE: Illegal string offset 'gtvalue'E:\wamp\www\my_shop\App\Home\Controller\GoodsController.php (109).
[ 2015-12-06T20:42:01+08:00 ]NOTICE: Illegal string offset 'gtid'E:\wamp\www\my_shop\App\Home\Controller\GoodsController.php (108).
[ 2015-12-06T20:42:01+08:00 ]NOTICE: Illegal string offset 'gtvalue'E:\wamp\www\my_shop\App\Home\Controller\GoodsController.php (109).
[ 2015-12-06T20:42:01+08:00 ]NOTICE: Illegal string offset 'gtid'E:\wamp\www\my_shop\App\Home\Controller\GoodsController.php (108).
[ 2015-12-06T20:42:01+08:00 ]NOTICE: Illegal string offset 'gtvalue'E:\wamp\www\my_shop\App\Home\Controller\GoodsController.php (109).
[ 2015-12-06T20:42:01+08:00 ]NOTICE: Illegal string offset 'gtid'E:\wamp\www\my_shop\App\Home\Controller\GoodsController.php (108).
[ 2015-12-06T20:42:01+08:00 ]NOTICE: Illegal string offset 'gtvalue'E:\wamp\www\my_shop\App\Home\Controller\GoodsController.php (109).
[ 2015-12-06T20:42:01+08:00 ]NOTICE: Illegal string offset 'gtid'E:\wamp\www\my_shop\App\Home\Controller\GoodsController.php (108).
[ 2015-12-06T20:42:01+08:00 ]NOTICE: Illegal string offset 'gtvalue'E:\wamp\www\my_shop\App\Home\Controller\GoodsController.php (109).
[ 2015-12-06T20:42:01+08:00 ]NOTICE: Illegal string offset 'gtid'E:\wamp\www\my_shop\App\Home\Controller\GoodsController.php (108).
[ 2015-12-06T20:42:01+08:00 ]NOTICE: Illegal string offset 'gtvalue'E:\wamp\www\my_shop\App\Home\Controller\GoodsController.php (109).
[ 2015-12-06T20:42:01+08:00 ]NOTICE: Illegal string offset 'gtid'E:\wamp\www\my_shop\App\Home\Controller\GoodsController.php (108).
[ 2015-12-06T20:42:01+08:00 ]NOTICE: Illegal string offset 'gtvalue'E:\wamp\www\my_shop\App\Home\Controller\GoodsController.php (109).
[ 2015-12-06T20:42:01+08:00 ]NOTICE: Illegal string offset 'gtid'E:\wamp\www\my_shop\App\Home\Controller\GoodsController.php (108).
[ 2015-12-06T20:42:01+08:00 ]NOTICE: Illegal string offset 'gtvalue'E:\wamp\www\my_shop\App\Home\Controller\GoodsController.php (109).
[ 2015-12-06T20:42:01+08:00 ]NOTICE: Illegal string offset 'gtid'E:\wamp\www\my_shop\App\Home\Controller\GoodsController.php (108).
[ 2015-12-06T20:42:01+08:00 ]NOTICE: Illegal string offset 'gtvalue'E:\wamp\www\my_shop\App\Home\Controller\GoodsController.php (109).
[ 2015-12-06T20:42:01+08:00 ]NOTICE: Illegal string offset 'gtid'E:\wamp\www\my_shop\App\Home\Controller\GoodsController.php (108).
[ 2015-12-06T20:42:01+08:00 ]NOTICE: Illegal string offset 'gtvalue'E:\wamp\www\my_shop\App\Home\Controller\GoodsController.php (109).
[ 2015-12-06T20:42:01+08:00 ]NOTICE: Illegal string offset 'gtid'E:\wamp\www\my_shop\App\Home\Controller\GoodsController.php (108).
[ 2015-12-06T20:42:01+08:00 ]NOTICE: Illegal string offset 'gtvalue'E:\wamp\www\my_shop\App\Home\Controller\GoodsController.php (109).
[ 2015-12-06T20:42:01+08:00 ]NOTICE: Illegal string offset 'gtid'E:\wamp\www\my_shop\App\Home\Controller\GoodsController.php (108).
[ 2015-12-06T20:42:01+08:00 ]NOTICE: Illegal string offset 'gtvalue'E:\wamp\www\my_shop\App\Home\Controller\GoodsController.php (109).
[ 2015-12-06T20:42:01+08:00 ]NOTICE: Illegal string offset 'gtid'E:\wamp\www\my_shop\App\Home\Controller\GoodsController.php (108).
[ 2015-12-06T20:42:01+08:00 ]NOTICE: Illegal string offset 'gtvalue'E:\wamp\www\my_shop\App\Home\Controller\GoodsController.php (109).
[ 2015-12-06T20:42:01+08:00 ]NOTICE: Illegal string offset 'gtid'E:\wamp\www\my_shop\App\Home\Controller\GoodsController.php (108).
[ 2015-12-06T20:42:01+08:00 ]NOTICE: Illegal string offset 'gtvalue'E:\wamp\www\my_shop\App\Home\Controller\GoodsController.php (109).
[ 2015-12-06T20:42:01+08:00 ]NOTICE: Illegal string offset 'gtid'E:\wamp\www\my_shop\App\Home\Controller\GoodsController.php (108).
[ 2015-12-06T20:42:01+08:00 ]NOTICE: Illegal string offset 'gtvalue'E:\wamp\www\my_shop\App\Home\Controller\GoodsController.php (109).
[ 2015-12-06T20:42:01+08:00 ]NOTICE: Illegal string offset 'gtid'E:\wamp\www\my_shop\App\Home\Controller\GoodsController.php (108).
[ 2015-12-06T20:42:01+08:00 ]NOTICE: Illegal string offset 'gtvalue'E:\wamp\www\my_shop\App\Home\Controller\GoodsController.php (109).
[ 2015-12-06T20:42:01+08:00 ]NOTICE: Illegal string offset 'gtid'E:\wamp\www\my_shop\App\Home\Controller\GoodsController.php (108).
[ 2015-12-06T20:42:01+08:00 ]NOTICE: Illegal string offset 'gtvalue'E:\wamp\www\my_shop\App\Home\Controller\GoodsController.php (109).
[ 2015-12-06T20:42:01+08:00 ]NOTICE: Illegal string offset 'gtid'E:\wamp\www\my_shop\App\Home\Controller\GoodsController.php (108).
[ 2015-12-06T20:42:01+08:00 ]NOTICE: Illegal string offset 'gtvalue'E:\wamp\www\my_shop\App\Home\Controller\GoodsController.php (109).
[ 2015-12-06T20:42:01+08:00 ]NOTICE: Illegal string offset 'gtid'E:\wamp\www\my_shop\App\Home\Controller\GoodsController.php (108).
[ 2015-12-06T20:42:01+08:00 ]NOTICE: Illegal string offset 'gtvalue'E:\wamp\www\my_shop\App\Home\Controller\GoodsController.php (109).
[ 2015-12-06T20:42:01+08:00 ]NOTICE: Illegal string offset 'gtid'E:\wamp\www\my_shop\App\Home\Controller\GoodsController.php (108).
[ 2015-12-06T20:42:01+08:00 ]NOTICE: Illegal string offset 'gtvalue'E:\wamp\www\my_shop\App\Home\Controller\GoodsController.php (109).
[ 2015-12-06T20:42:01+08:00 ]NOTICE: Illegal string offset 'gtid'E:\wamp\www\my_shop\App\Home\Controller\GoodsController.php (108).
[ 2015-12-06T20:42:01+08:00 ]NOTICE: Illegal string offset 'gtvalue'E:\wamp\www\my_shop\App\Home\Controller\GoodsController.php (109).
[ 2015-12-06T20:42:01+08:00 ]NOTICE: Illegal string offset 'gtid'E:\wamp\www\my_shop\App\Home\Controller\GoodsController.php (108).
[ 2015-12-06T20:42:01+08:00 ]NOTICE: Illegal string offset 'gtvalue'E:\wamp\www\my_shop\App\Home\Controller\GoodsController.php (109).
[ 2015-12-06T20:42:01+08:00 ]NOTICE: Illegal string offset 'gtid'E:\wamp\www\my_shop\App\Home\Controller\GoodsController.php (108).
[ 2015-12-06T20:42:01+08:00 ]NOTICE: Illegal string offset 'gtvalue'E:\wamp\www\my_shop\App\Home\Controller\GoodsController.php (109).
[ 2015-12-06T20:42:01+08:00 ]NOTICE: Illegal string offset 'gtid'E:\wamp\www\my_shop\App\Home\Controller\GoodsController.php (108).
[ 2015-12-06T20:42:01+08:00 ]NOTICE: Illegal string offset 'gtvalue'E:\wamp\www\my_shop\App\Home\Controller\GoodsController.php (109).
[ 2015-12-06T20:42:01+08:00 ]NOTICE: Illegal string offset 'gtid'E:\wamp\www\my_shop\App\Home\Controller\GoodsController.php (108).
[ 2015-12-06T20:42:01+08:00 ]NOTICE: Illegal string offset 'gtvalue'E:\wamp\www\my_shop\App\Home\Controller\GoodsController.php (109).
[ 2015-12-06T20:42:01+08:00 ]NOTICE: Illegal string offset 'gtid'E:\wamp\www\my_shop\App\Home\Controller\GoodsController.php (108).
[ 2015-12-06T20:42:01+08:00 ]NOTICE: Illegal string offset 'gtvalue'E:\wamp\www\my_shop\App\Home\Controller\GoodsController.php (109).
[ 2015-12-06T20:42:01+08:00 ]NOTICE: Illegal string offset 'gtid'E:\wamp\www\my_shop\App\Home\Controller\GoodsController.php (108).
[ 2015-12-06T20:42:01+08:00 ]NOTICE: Illegal string offset 'gtvalue'E:\wamp\www\my_shop\App\Home\Controller\GoodsController.php (109).
[ 2015-12-06T20:42:01+08:00 ]NOTICE: Illegal string offset 'gtid'E:\wamp\www\my_shop\App\Home\Controller\GoodsController.php (108).
[ 2015-12-06T20:42:01+08:00 ]NOTICE: Illegal string offset 'gtvalue'E:\wamp\www\my_shop\App\Home\Controller\GoodsController.php (109).
[ 2015-12-06T20:42:01+08:00 ]NOTICE: Illegal string offset 'gtid'E:\wamp\www\my_shop\App\Home\Controller\GoodsController.php (108).
[ 2015-12-06T20:42:01+08:00 ]NOTICE: Illegal string offset 'gtvalue'E:\wamp\www\my_shop\App\Home\Controller\GoodsController.php (109).
[ 2015-12-06T20:42:01+08:00 ]NOTICE: Illegal string offset 'gtid'E:\wamp\www\my_shop\App\Home\Controller\GoodsController.php (108).
[ 2015-12-06T20:42:01+08:00 ]NOTICE: Illegal string offset 'gtvalue'E:\wamp\www\my_shop\App\Home\Controller\GoodsController.php (109).
[ 2015-12-06T20:42:01+08:00 ]NOTICE: Illegal string offset 'gtid'E:\wamp\www\my_shop\App\Home\Controller\GoodsController.php (108).
[ 2015-12-06T20:42:01+08:00 ]NOTICE: Illegal string offset 'gtvalue'E:\wamp\www\my_shop\App\Home\Controller\GoodsController.php (109).
[ 2015-12-06T20:45:19+08:00 ]NOTICE: Undefined index: E:\wamp\www\my_shop\App\Home\Controller\GoodsController.php (107).
[ 2015-12-06T20:45:19+08:00 ]NOTICE: Invalid argument supplied for foreach()E:\wamp\www\my_shop\App\Home\Controller\GoodsController.php (107).
[ 2015-12-06T20:45:19+08:00 ]NOTICE: Undefined index: E:\wamp\www\my_shop\App\Home\Controller\GoodsController.php (107).
[ 2015-12-06T20:45:19+08:00 ]NOTICE: Invalid argument supplied for foreach()E:\wamp\www\my_shop\App\Home\Controller\GoodsController.php (107).
[ 2015-12-06T20:45:19+08:00 ]NOTICE: Undefined index: E:\wamp\www\my_shop\App\Home\Controller\GoodsController.php (107).
[ 2015-12-06T20:45:19+08:00 ]NOTICE: Invalid argument supplied for foreach()E:\wamp\www\my_shop\App\Home\Controller\GoodsController.php (107).
[ 2015-12-06T20:45:19+08:00 ]NOTICE: Undefined index: E:\wamp\www\my_shop\App\Home\Controller\GoodsController.php (107).
[ 2015-12-06T20:45:19+08:00 ]NOTICE: Invalid argument supplied for foreach()E:\wamp\www\my_shop\App\Home\Controller\GoodsController.php (107).
[ 2015-12-06T20:45:19+08:00 ]NOTICE: Undefined index: E:\wamp\www\my_shop\App\Home\Controller\GoodsController.php (107).
[ 2015-12-06T20:45:19+08:00 ]NOTICE: Invalid argument supplied for foreach()E:\wamp\www\my_shop\App\Home\Controller\GoodsController.php (107).
[ 2015-12-06T20:45:19+08:00 ]NOTICE: Undefined index: E:\wamp\www\my_shop\App\Home\Controller\GoodsController.php (107).
[ 2015-12-06T20:45:19+08:00 ]NOTICE: Invalid argument supplied for foreach()E:\wamp\www\my_shop\App\Home\Controller\GoodsController.php (107).
[ 2015-12-06T20:45:19+08:00 ]NOTICE: Undefined index: E:\wamp\www\my_shop\App\Home\Controller\GoodsController.php (107).
[ 2015-12-06T20:45:19+08:00 ]NOTICE: Invalid argument supplied for foreach()E:\wamp\www\my_shop\App\Home\Controller\GoodsController.php (107).
[ 2015-12-06T20:45:19+08:00 ]NOTICE: Undefined index: E:\wamp\www\my_shop\App\Home\Controller\GoodsController.php (107).
[ 2015-12-06T20:45:19+08:00 ]NOTICE: Invalid argument supplied for foreach()E:\wamp\www\my_shop\App\Home\Controller\GoodsController.php (107).
[ 2015-12-06T20:45:19+08:00 ]NOTICE: Undefined index: E:\wamp\www\my_shop\App\Home\Controller\GoodsController.php (107).
[ 2015-12-06T20:45:19+08:00 ]NOTICE: Invalid argument supplied for foreach()E:\wamp\www\my_shop\App\Home\Controller\GoodsController.php (107).
[ 2015-12-06T20:48:27+08:00 ]NOTICE: Undefined index: $keyE:\wamp\www\my_shop\App\Home\Controller\GoodsController.php (107).
[ 2015-12-06T20:48:27+08:00 ]NOTICE: Invalid argument supplied for foreach()E:\wamp\www\my_shop\App\Home\Controller\GoodsController.php (107).
[ 2015-12-06T20:48:27+08:00 ]NOTICE: Undefined index: $keyE:\wamp\www\my_shop\App\Home\Controller\GoodsController.php (107).
[ 2015-12-06T20:48:27+08:00 ]NOTICE: Invalid argument supplied for foreach()E:\wamp\www\my_shop\App\Home\Controller\GoodsController.php (107).
[ 2015-12-06T20:48:27+08:00 ]NOTICE: Undefined index: $keyE:\wamp\www\my_shop\App\Home\Controller\GoodsController.php (107).
[ 2015-12-06T20:48:27+08:00 ]NOTICE: Invalid argument supplied for foreach()E:\wamp\www\my_shop\App\Home\Controller\GoodsController.php (107).
[ 2015-12-06T20:48:27+08:00 ]NOTICE: Undefined index: $keyE:\wamp\www\my_shop\App\Home\Controller\GoodsController.php (107).
[ 2015-12-06T20:48:27+08:00 ]NOTICE: Invalid argument supplied for foreach()E:\wamp\www\my_shop\App\Home\Controller\GoodsController.php (107).
[ 2015-12-06T20:48:27+08:00 ]NOTICE: Undefined index: $keyE:\wamp\www\my_shop\App\Home\Controller\GoodsController.php (107).
[ 2015-12-06T20:48:27+08:00 ]NOTICE: Invalid argument supplied for foreach()E:\wamp\www\my_shop\App\Home\Controller\GoodsController.php (107).
[ 2015-12-06T20:48:27+08:00 ]NOTICE: Undefined index: $keyE:\wamp\www\my_shop\App\Home\Controller\GoodsController.php (107).
[ 2015-12-06T20:48:27+08:00 ]NOTICE: Invalid argument supplied for foreach()E:\wamp\www\my_shop\App\Home\Controller\GoodsController.php (107).
[ 2015-12-06T20:48:27+08:00 ]NOTICE: Undefined index: $keyE:\wamp\www\my_shop\App\Home\Controller\GoodsController.php (107).
[ 2015-12-06T20:48:27+08:00 ]NOTICE: Invalid argument supplied for foreach()E:\wamp\www\my_shop\App\Home\Controller\GoodsController.php (107).
[ 2015-12-06T20:48:27+08:00 ]NOTICE: Undefined index: $keyE:\wamp\www\my_shop\App\Home\Controller\GoodsController.php (107).
[ 2015-12-06T20:48:27+08:00 ]NOTICE: Invalid argument supplied for foreach()E:\wamp\www\my_shop\App\Home\Controller\GoodsController.php (107).
[ 2015-12-06T20:48:27+08:00 ]NOTICE: Undefined index: $keyE:\wamp\www\my_shop\App\Home\Controller\GoodsController.php (107).
[ 2015-12-06T20:48:27+08:00 ]NOTICE: Invalid argument supplied for foreach()E:\wamp\www\my_shop\App\Home\Controller\GoodsController.php (107).
[ 2015-12-06T20:49:57+08:00 ]NOTICE: Illegal string offset 'gtid'E:\wamp\www\my_shop\App\Home\Controller\GoodsController.php (108).
[ 2015-12-06T20:49:57+08:00 ]NOTICE: Illegal string offset 'gtvalue'E:\wamp\www\my_shop\App\Home\Controller\GoodsController.php (109).
[ 2015-12-06T20:49:57+08:00 ]NOTICE: Illegal string offset 'gtid'E:\wamp\www\my_shop\App\Home\Controller\GoodsController.php (108).
[ 2015-12-06T20:49:57+08:00 ]NOTICE: Illegal string offset 'gtvalue'E:\wamp\www\my_shop\App\Home\Controller\GoodsController.php (109).
[ 2015-12-06T20:49:57+08:00 ]NOTICE: Illegal string offset 'gtid'E:\wamp\www\my_shop\App\Home\Controller\GoodsController.php (108).
[ 2015-12-06T20:49:57+08:00 ]NOTICE: Illegal string offset 'gtvalue'E:\wamp\www\my_shop\App\Home\Controller\GoodsController.php (109).
[ 2015-12-06T20:49:57+08:00 ]NOTICE: Illegal string offset 'gtid'E:\wamp\www\my_shop\App\Home\Controller\GoodsController.php (108).
[ 2015-12-06T20:49:57+08:00 ]NOTICE: Illegal string offset 'gtvalue'E:\wamp\www\my_shop\App\Home\Controller\GoodsController.php (109).
[ 2015-12-06T20:49:57+08:00 ]NOTICE: Illegal string offset 'gtid'E:\wamp\www\my_shop\App\Home\Controller\GoodsController.php (108).
[ 2015-12-06T20:49:57+08:00 ]NOTICE: Illegal string offset 'gtvalue'E:\wamp\www\my_shop\App\Home\Controller\GoodsController.php (109).
[ 2015-12-06T20:49:57+08:00 ]NOTICE: Illegal string offset 'gtid'E:\wamp\www\my_shop\App\Home\Controller\GoodsController.php (108).
[ 2015-12-06T20:49:57+08:00 ]NOTICE: Illegal string offset 'gtvalue'E:\wamp\www\my_shop\App\Home\Controller\GoodsController.php (109).
[ 2015-12-06T20:49:57+08:00 ]NOTICE: Illegal string offset 'gtid'E:\wamp\www\my_shop\App\Home\Controller\GoodsController.php (108).
[ 2015-12-06T20:49:57+08:00 ]NOTICE: Illegal string offset 'gtvalue'E:\wamp\www\my_shop\App\Home\Controller\GoodsController.php (109).
[ 2015-12-06T20:49:57+08:00 ]NOTICE: Illegal string offset 'gtid'E:\wamp\www\my_shop\App\Home\Controller\GoodsController.php (108).
[ 2015-12-06T20:49:57+08:00 ]NOTICE: Illegal string offset 'gtvalue'E:\wamp\www\my_shop\App\Home\Controller\GoodsController.php (109).
[ 2015-12-06T20:49:57+08:00 ]NOTICE: Illegal string offset 'gtid'E:\wamp\www\my_shop\App\Home\Controller\GoodsController.php (108).
[ 2015-12-06T20:49:57+08:00 ]NOTICE: Illegal string offset 'gtvalue'E:\wamp\www\my_shop\App\Home\Controller\GoodsController.php (109).
[ 2015-12-06T20:49:57+08:00 ]NOTICE: Illegal string offset 'gtid'E:\wamp\www\my_shop\App\Home\Controller\GoodsController.php (108).
[ 2015-12-06T20:49:57+08:00 ]NOTICE: Illegal string offset 'gtvalue'E:\wamp\www\my_shop\App\Home\Controller\GoodsController.php (109).
[ 2015-12-06T20:49:57+08:00 ]NOTICE: Illegal string offset 'gtid'E:\wamp\www\my_shop\App\Home\Controller\GoodsController.php (108).
[ 2015-12-06T20:49:57+08:00 ]NOTICE: Illegal string offset 'gtvalue'E:\wamp\www\my_shop\App\Home\Controller\GoodsController.php (109).
[ 2015-12-06T20:49:57+08:00 ]NOTICE: Illegal string offset 'gtid'E:\wamp\www\my_shop\App\Home\Controller\GoodsController.php (108).
[ 2015-12-06T20:49:57+08:00 ]NOTICE: Illegal string offset 'gtvalue'E:\wamp\www\my_shop\App\Home\Controller\GoodsController.php (109).
[ 2015-12-06T20:49:57+08:00 ]NOTICE: Illegal string offset 'gtid'E:\wamp\www\my_shop\App\Home\Controller\GoodsController.php (108).
[ 2015-12-06T20:49:57+08:00 ]NOTICE: Illegal string offset 'gtvalue'E:\wamp\www\my_shop\App\Home\Controller\GoodsController.php (109).
[ 2015-12-06T20:49:57+08:00 ]NOTICE: Illegal string offset 'gtid'E:\wamp\www\my_shop\App\Home\Controller\GoodsController.php (108).
[ 2015-12-06T20:49:57+08:00 ]NOTICE: Illegal string offset 'gtvalue'E:\wamp\www\my_shop\App\Home\Controller\GoodsController.php (109).
[ 2015-12-06T20:49:57+08:00 ]NOTICE: Illegal string offset 'gtid'E:\wamp\www\my_shop\App\Home\Controller\GoodsController.php (108).
[ 2015-12-06T20:49:57+08:00 ]NOTICE: Illegal string offset 'gtvalue'E:\wamp\www\my_shop\App\Home\Controller\GoodsController.php (109).
[ 2015-12-06T20:49:57+08:00 ]NOTICE: Illegal string offset 'gtid'E:\wamp\www\my_shop\App\Home\Controller\GoodsController.php (108).
[ 2015-12-06T20:49:57+08:00 ]NOTICE: Illegal string offset 'gtvalue'E:\wamp\www\my_shop\App\Home\Controller\GoodsController.php (109).
[ 2015-12-06T20:49:57+08:00 ]NOTICE: Illegal string offset 'gtid'E:\wamp\www\my_shop\App\Home\Controller\GoodsController.php (108).
[ 2015-12-06T20:49:57+08:00 ]NOTICE: Illegal string offset 'gtvalue'E:\wamp\www\my_shop\App\Home\Controller\GoodsController.php (109).
[ 2015-12-06T20:49:57+08:00 ]NOTICE: Illegal string offset 'gtid'E:\wamp\www\my_shop\App\Home\Controller\GoodsController.php (108).
[ 2015-12-06T20:49:57+08:00 ]NOTICE: Illegal string offset 'gtvalue'E:\wamp\www\my_shop\App\Home\Controller\GoodsController.php (109).
[ 2015-12-06T20:49:57+08:00 ]NOTICE: Illegal string offset 'gtid'E:\wamp\www\my_shop\App\Home\Controller\GoodsController.php (108).
[ 2015-12-06T20:49:57+08:00 ]NOTICE: Illegal string offset 'gtvalue'E:\wamp\www\my_shop\App\Home\Controller\GoodsController.php (109).
[ 2015-12-06T20:49:57+08:00 ]NOTICE: Illegal string offset 'gtid'E:\wamp\www\my_shop\App\Home\Controller\GoodsController.php (108).
[ 2015-12-06T20:49:57+08:00 ]NOTICE: Illegal string offset 'gtvalue'E:\wamp\www\my_shop\App\Home\Controller\GoodsController.php (109).
[ 2015-12-06T20:49:57+08:00 ]NOTICE: Illegal string offset 'gtid'E:\wamp\www\my_shop\App\Home\Controller\GoodsController.php (108).
[ 2015-12-06T20:49:57+08:00 ]NOTICE: Illegal string offset 'gtvalue'E:\wamp\www\my_shop\App\Home\Controller\GoodsController.php (109).
[ 2015-12-06T20:49:57+08:00 ]NOTICE: Illegal string offset 'gtid'E:\wamp\www\my_shop\App\Home\Controller\GoodsController.php (108).
[ 2015-12-06T20:49:57+08:00 ]NOTICE: Illegal string offset 'gtvalue'E:\wamp\www\my_shop\App\Home\Controller\GoodsController.php (109).
[ 2015-12-06T20:49:57+08:00 ]NOTICE: Illegal string offset 'gtid'E:\wamp\www\my_shop\App\Home\Controller\GoodsController.php (108).
[ 2015-12-06T20:49:57+08:00 ]NOTICE: Illegal string offset 'gtvalue'E:\wamp\www\my_shop\App\Home\Controller\GoodsController.php (109).
[ 2015-12-06T20:49:57+08:00 ]NOTICE: Illegal string offset 'gtid'E:\wamp\www\my_shop\App\Home\Controller\GoodsController.php (108).
[ 2015-12-06T20:49:57+08:00 ]NOTICE: Illegal string offset 'gtvalue'E:\wamp\www\my_shop\App\Home\Controller\GoodsController.php (109).
[ 2015-12-06T20:49:57+08:00 ]NOTICE: Illegal string offset 'gtid'E:\wamp\www\my_shop\App\Home\Controller\GoodsController.php (108).
[ 2015-12-06T20:49:57+08:00 ]NOTICE: Illegal string offset 'gtvalue'E:\wamp\www\my_shop\App\Home\Controller\GoodsController.php (109).
[ 2015-12-06T20:49:57+08:00 ]NOTICE: Illegal string offset 'gtid'E:\wamp\www\my_shop\App\Home\Controller\GoodsController.php (108).
[ 2015-12-06T20:49:57+08:00 ]NOTICE: Illegal string offset 'gtvalue'E:\wamp\www\my_shop\App\Home\Controller\GoodsController.php (109).
[ 2015-12-06T20:49:57+08:00 ]NOTICE: Illegal string offset 'gtid'E:\wamp\www\my_shop\App\Home\Controller\GoodsController.php (108).
[ 2015-12-06T20:49:57+08:00 ]NOTICE: Illegal string offset 'gtvalue'E:\wamp\www\my_shop\App\Home\Controller\GoodsController.php (109).
[ 2015-12-06T20:49:57+08:00 ]NOTICE: Illegal string offset 'gtid'E:\wamp\www\my_shop\App\Home\Controller\GoodsController.php (108).
[ 2015-12-06T20:49:57+08:00 ]NOTICE: Illegal string offset 'gtvalue'E:\wamp\www\my_shop\App\Home\Controller\GoodsController.php (109).
[ 2015-12-06T20:49:57+08:00 ]NOTICE: Illegal string offset 'gtid'E:\wamp\www\my_shop\App\Home\Controller\GoodsController.php (108).
[ 2015-12-06T20:49:57+08:00 ]NOTICE: Illegal string offset 'gtvalue'E:\wamp\www\my_shop\App\Home\Controller\GoodsController.php (109).
[ 2015-12-06T20:49:57+08:00 ]NOTICE: Illegal string offset 'gtid'E:\wamp\www\my_shop\App\Home\Controller\GoodsController.php (108).
[ 2015-12-06T20:49:57+08:00 ]NOTICE: Illegal string offset 'gtvalue'E:\wamp\www\my_shop\App\Home\Controller\GoodsController.php (109).
[ 2015-12-06T20:49:57+08:00 ]NOTICE: Illegal string offset 'gtid'E:\wamp\www\my_shop\App\Home\Controller\GoodsController.php (108).
[ 2015-12-06T20:49:57+08:00 ]NOTICE: Illegal string offset 'gtvalue'E:\wamp\www\my_shop\App\Home\Controller\GoodsController.php (109).
[ 2015-12-06T20:49:57+08:00 ]NOTICE: Illegal string offset 'gtid'E:\wamp\www\my_shop\App\Home\Controller\GoodsController.php (108).
[ 2015-12-06T20:49:57+08:00 ]NOTICE: Illegal string offset 'gtvalue'E:\wamp\www\my_shop\App\Home\Controller\GoodsController.php (109).
[ 2015-12-06T20:49:57+08:00 ]NOTICE: Illegal string offset 'gtid'E:\wamp\www\my_shop\App\Home\Controller\GoodsController.php (108).
[ 2015-12-06T20:49:57+08:00 ]NOTICE: Illegal string offset 'gtvalue'E:\wamp\www\my_shop\App\Home\Controller\GoodsController.php (109).
[ 2015-12-06T20:49:57+08:00 ]NOTICE: Illegal string offset 'gtid'E:\wamp\www\my_shop\App\Home\Controller\GoodsController.php (108).
[ 2015-12-06T20:49:57+08:00 ]NOTICE: Illegal string offset 'gtvalue'E:\wamp\www\my_shop\App\Home\Controller\GoodsController.php (109).
[ 2015-12-06T20:49:57+08:00 ]NOTICE: Illegal string offset 'gtid'E:\wamp\www\my_shop\App\Home\Controller\GoodsController.php (108).
[ 2015-12-06T20:49:57+08:00 ]NOTICE: Illegal string offset 'gtvalue'E:\wamp\www\my_shop\App\Home\Controller\GoodsController.php (109).
[ 2015-12-06T20:49:57+08:00 ]NOTICE: Illegal string offset 'gtid'E:\wamp\www\my_shop\App\Home\Controller\GoodsController.php (108).
[ 2015-12-06T20:49:57+08:00 ]NOTICE: Illegal string offset 'gtvalue'E:\wamp\www\my_shop\App\Home\Controller\GoodsController.php (109).
[ 2015-12-06T20:49:57+08:00 ]NOTICE: Illegal string offset 'gtid'E:\wamp\www\my_shop\App\Home\Controller\GoodsController.php (108).
[ 2015-12-06T20:49:57+08:00 ]NOTICE: Illegal string offset 'gtvalue'E:\wamp\www\my_shop\App\Home\Controller\GoodsController.php (109).
[ 2015-12-06T20:49:57+08:00 ]NOTICE: Illegal string offset 'gtid'E:\wamp\www\my_shop\App\Home\Controller\GoodsController.php (108).
[ 2015-12-06T20:49:57+08:00 ]NOTICE: Illegal string offset 'gtvalue'E:\wamp\www\my_shop\App\Home\Controller\GoodsController.php (109).
[ 2015-12-06T20:49:57+08:00 ]NOTICE: Illegal string offset 'gtid'E:\wamp\www\my_shop\App\Home\Controller\GoodsController.php (108).
[ 2015-12-06T20:49:57+08:00 ]NOTICE: Illegal string offset 'gtvalue'E:\wamp\www\my_shop\App\Home\Controller\GoodsController.php (109).
[ 2015-12-06T20:49:57+08:00 ]NOTICE: Illegal string offset 'gtid'E:\wamp\www\my_shop\App\Home\Controller\GoodsController.php (108).
[ 2015-12-06T20:49:57+08:00 ]NOTICE: Illegal string offset 'gtvalue'E:\wamp\www\my_shop\App\Home\Controller\GoodsController.php (109).
[ 2015-12-06T20:49:57+08:00 ]NOTICE: Illegal string offset 'gtid'E:\wamp\www\my_shop\App\Home\Controller\GoodsController.php (108).
[ 2015-12-06T20:49:57+08:00 ]NOTICE: Illegal string offset 'gtvalue'E:\wamp\www\my_shop\App\Home\Controller\GoodsController.php (109).
[ 2015-12-06T20:49:57+08:00 ]NOTICE: Illegal string offset 'gtid'E:\wamp\www\my_shop\App\Home\Controller\GoodsController.php (108).
[ 2015-12-06T20:49:57+08:00 ]NOTICE: Illegal string offset 'gtvalue'E:\wamp\www\my_shop\App\Home\Controller\GoodsController.php (109).
[ 2015-12-06T20:49:57+08:00 ]NOTICE: Illegal string offset 'gtid'E:\wamp\www\my_shop\App\Home\Controller\GoodsController.php (108).
[ 2015-12-06T20:49:57+08:00 ]NOTICE: Illegal string offset 'gtvalue'E:\wamp\www\my_shop\App\Home\Controller\GoodsController.php (109).
[ 2015-12-06T20:50:41+08:00 ]NOTICE: Illegal string offset 'gtid'E:\wamp\www\my_shop\App\Home\Controller\GoodsController.php (108).
[ 2015-12-06T20:50:41+08:00 ]NOTICE: Illegal string offset 'gtvalue'E:\wamp\www\my_shop\App\Home\Controller\GoodsController.php (109).
[ 2015-12-06T20:50:41+08:00 ]NOTICE: Illegal string offset 'gtid'E:\wamp\www\my_shop\App\Home\Controller\GoodsController.php (108).
[ 2015-12-06T20:50:41+08:00 ]NOTICE: Illegal string offset 'gtvalue'E:\wamp\www\my_shop\App\Home\Controller\GoodsController.php (109).
[ 2015-12-06T20:50:41+08:00 ]NOTICE: Illegal string offset 'gtid'E:\wamp\www\my_shop\App\Home\Controller\GoodsController.php (108).
[ 2015-12-06T20:50:41+08:00 ]NOTICE: Illegal string offset 'gtvalue'E:\wamp\www\my_shop\App\Home\Controller\GoodsController.php (109).
[ 2015-12-06T20:50:41+08:00 ]NOTICE: Illegal string offset 'gtid'E:\wamp\www\my_shop\App\Home\Controller\GoodsController.php (108).
[ 2015-12-06T20:50:41+08:00 ]NOTICE: Illegal string offset 'gtvalue'E:\wamp\www\my_shop\App\Home\Controller\GoodsController.php (109).
[ 2015-12-06T20:50:41+08:00 ]NOTICE: Illegal string offset 'gtid'E:\wamp\www\my_shop\App\Home\Controller\GoodsController.php (108).
[ 2015-12-06T20:50:41+08:00 ]NOTICE: Illegal string offset 'gtvalue'E:\wamp\www\my_shop\App\Home\Controller\GoodsController.php (109).
[ 2015-12-06T20:50:41+08:00 ]NOTICE: Illegal string offset 'gtid'E:\wamp\www\my_shop\App\Home\Controller\GoodsController.php (108).
[ 2015-12-06T20:50:41+08:00 ]NOTICE: Illegal string offset 'gtvalue'E:\wamp\www\my_shop\App\Home\Controller\GoodsController.php (109).
[ 2015-12-06T20:50:41+08:00 ]NOTICE: Illegal string offset 'gtid'E:\wamp\www\my_shop\App\Home\Controller\GoodsController.php (108).
[ 2015-12-06T20:50:41+08:00 ]NOTICE: Illegal string offset 'gtvalue'E:\wamp\www\my_shop\App\Home\Controller\GoodsController.php (109).
[ 2015-12-06T20:50:41+08:00 ]NOTICE: Illegal string offset 'gtid'E:\wamp\www\my_shop\App\Home\Controller\GoodsController.php (108).
[ 2015-12-06T20:50:41+08:00 ]NOTICE: Illegal string offset 'gtvalue'E:\wamp\www\my_shop\App\Home\Controller\GoodsController.php (109).
[ 2015-12-06T20:50:41+08:00 ]NOTICE: Illegal string offset 'gtid'E:\wamp\www\my_shop\App\Home\Controller\GoodsController.php (108).
[ 2015-12-06T20:50:41+08:00 ]NOTICE: Illegal string offset 'gtvalue'E:\wamp\www\my_shop\App\Home\Controller\GoodsController.php (109).
[ 2015-12-06T20:50:41+08:00 ]NOTICE: Illegal string offset 'gtid'E:\wamp\www\my_shop\App\Home\Controller\GoodsController.php (108).
[ 2015-12-06T20:50:41+08:00 ]NOTICE: Illegal string offset 'gtvalue'E:\wamp\www\my_shop\App\Home\Controller\GoodsController.php (109).
[ 2015-12-06T20:50:41+08:00 ]NOTICE: Illegal string offset 'gtid'E:\wamp\www\my_shop\App\Home\Controller\GoodsController.php (108).
[ 2015-12-06T20:50:41+08:00 ]NOTICE: Illegal string offset 'gtvalue'E:\wamp\www\my_shop\App\Home\Controller\GoodsController.php (109).
[ 2015-12-06T20:50:41+08:00 ]NOTICE: Illegal string offset 'gtid'E:\wamp\www\my_shop\App\Home\Controller\GoodsController.php (108).
[ 2015-12-06T20:50:41+08:00 ]NOTICE: Illegal string offset 'gtvalue'E:\wamp\www\my_shop\App\Home\Controller\GoodsController.php (109).
[ 2015-12-06T20:50:41+08:00 ]NOTICE: Illegal string offset 'gtid'E:\wamp\www\my_shop\App\Home\Controller\GoodsController.php (108).
[ 2015-12-06T20:50:41+08:00 ]NOTICE: Illegal string offset 'gtvalue'E:\wamp\www\my_shop\App\Home\Controller\GoodsController.php (109).
[ 2015-12-06T20:50:41+08:00 ]NOTICE: Illegal string offset 'gtid'E:\wamp\www\my_shop\App\Home\Controller\GoodsController.php (108).
[ 2015-12-06T20:50:41+08:00 ]NOTICE: Illegal string offset 'gtvalue'E:\wamp\www\my_shop\App\Home\Controller\GoodsController.php (109).
[ 2015-12-06T20:50:41+08:00 ]NOTICE: Illegal string offset 'gtid'E:\wamp\www\my_shop\App\Home\Controller\GoodsController.php (108).
[ 2015-12-06T20:50:41+08:00 ]NOTICE: Illegal string offset 'gtvalue'E:\wamp\www\my_shop\App\Home\Controller\GoodsController.php (109).
[ 2015-12-06T20:50:41+08:00 ]NOTICE: Illegal string offset 'gtid'E:\wamp\www\my_shop\App\Home\Controller\GoodsController.php (108).
[ 2015-12-06T20:50:41+08:00 ]NOTICE: Illegal string offset 'gtvalue'E:\wamp\www\my_shop\App\Home\Controller\GoodsController.php (109).
[ 2015-12-06T20:50:41+08:00 ]NOTICE: Illegal string offset 'gtid'E:\wamp\www\my_shop\App\Home\Controller\GoodsController.php (108).
[ 2015-12-06T20:50:41+08:00 ]NOTICE: Illegal string offset 'gtvalue'E:\wamp\www\my_shop\App\Home\Controller\GoodsController.php (109).
[ 2015-12-06T20:50:41+08:00 ]NOTICE: Illegal string offset 'gtid'E:\wamp\www\my_shop\App\Home\Controller\GoodsController.php (108).
[ 2015-12-06T20:50:41+08:00 ]NOTICE: Illegal string offset 'gtvalue'E:\wamp\www\my_shop\App\Home\Controller\GoodsController.php (109).
[ 2015-12-06T20:50:41+08:00 ]NOTICE: Illegal string offset 'gtid'E:\wamp\www\my_shop\App\Home\Controller\GoodsController.php (108).
[ 2015-12-06T20:50:41+08:00 ]NOTICE: Illegal string offset 'gtvalue'E:\wamp\www\my_shop\App\Home\Controller\GoodsController.php (109).
[ 2015-12-06T20:50:41+08:00 ]NOTICE: Illegal string offset 'gtid'E:\wamp\www\my_shop\App\Home\Controller\GoodsController.php (108).
[ 2015-12-06T20:50:41+08:00 ]NOTICE: Illegal string offset 'gtvalue'E:\wamp\www\my_shop\App\Home\Controller\GoodsController.php (109).
[ 2015-12-06T20:50:41+08:00 ]NOTICE: Illegal string offset 'gtid'E:\wamp\www\my_shop\App\Home\Controller\GoodsController.php (108).
[ 2015-12-06T20:50:41+08:00 ]NOTICE: Illegal string offset 'gtvalue'E:\wamp\www\my_shop\App\Home\Controller\GoodsController.php (109).
[ 2015-12-06T20:50:41+08:00 ]NOTICE: Illegal string offset 'gtid'E:\wamp\www\my_shop\App\Home\Controller\GoodsController.php (108).
[ 2015-12-06T20:50:41+08:00 ]NOTICE: Illegal string offset 'gtvalue'E:\wamp\www\my_shop\App\Home\Controller\GoodsController.php (109).
[ 2015-12-06T20:50:41+08:00 ]NOTICE: Illegal string offset 'gtid'E:\wamp\www\my_shop\App\Home\Controller\GoodsController.php (108).
[ 2015-12-06T20:50:41+08:00 ]NOTICE: Illegal string offset 'gtvalue'E:\wamp\www\my_shop\App\Home\Controller\GoodsController.php (109).
[ 2015-12-06T20:50:41+08:00 ]NOTICE: Illegal string offset 'gtid'E:\wamp\www\my_shop\App\Home\Controller\GoodsController.php (108).
[ 2015-12-06T20:50:41+08:00 ]NOTICE: Illegal string offset 'gtvalue'E:\wamp\www\my_shop\App\Home\Controller\GoodsController.php (109).
[ 2015-12-06T20:50:41+08:00 ]NOTICE: Illegal string offset 'gtid'E:\wamp\www\my_shop\App\Home\Controller\GoodsController.php (108).
[ 2015-12-06T20:50:41+08:00 ]NOTICE: Illegal string offset 'gtvalue'E:\wamp\www\my_shop\App\Home\Controller\GoodsController.php (109).
[ 2015-12-06T20:50:41+08:00 ]NOTICE: Illegal string offset 'gtid'E:\wamp\www\my_shop\App\Home\Controller\GoodsController.php (108).
[ 2015-12-06T20:50:41+08:00 ]NOTICE: Illegal string offset 'gtvalue'E:\wamp\www\my_shop\App\Home\Controller\GoodsController.php (109).
[ 2015-12-06T20:50:41+08:00 ]NOTICE: Illegal string offset 'gtid'E:\wamp\www\my_shop\App\Home\Controller\GoodsController.php (108).
[ 2015-12-06T20:50:41+08:00 ]NOTICE: Illegal string offset 'gtvalue'E:\wamp\www\my_shop\App\Home\Controller\GoodsController.php (109).
[ 2015-12-06T20:50:41+08:00 ]NOTICE: Illegal string offset 'gtid'E:\wamp\www\my_shop\App\Home\Controller\GoodsController.php (108).
[ 2015-12-06T20:50:41+08:00 ]NOTICE: Illegal string offset 'gtvalue'E:\wamp\www\my_shop\App\Home\Controller\GoodsController.php (109).
[ 2015-12-06T20:50:41+08:00 ]NOTICE: Illegal string offset 'gtid'E:\wamp\www\my_shop\App\Home\Controller\GoodsController.php (108).
[ 2015-12-06T20:50:41+08:00 ]NOTICE: Illegal string offset 'gtvalue'E:\wamp\www\my_shop\App\Home\Controller\GoodsController.php (109).
[ 2015-12-06T20:50:41+08:00 ]NOTICE: Illegal string offset 'gtid'E:\wamp\www\my_shop\App\Home\Controller\GoodsController.php (108).
[ 2015-12-06T20:50:41+08:00 ]NOTICE: Illegal string offset 'gtvalue'E:\wamp\www\my_shop\App\Home\Controller\GoodsController.php (109).
[ 2015-12-06T20:50:41+08:00 ]NOTICE: Illegal string offset 'gtid'E:\wamp\www\my_shop\App\Home\Controller\GoodsController.php (108).
[ 2015-12-06T20:50:41+08:00 ]NOTICE: Illegal string offset 'gtvalue'E:\wamp\www\my_shop\App\Home\Controller\GoodsController.php (109).
[ 2015-12-06T20:50:41+08:00 ]NOTICE: Illegal string offset 'gtid'E:\wamp\www\my_shop\App\Home\Controller\GoodsController.php (108).
[ 2015-12-06T20:50:41+08:00 ]NOTICE: Illegal string offset 'gtvalue'E:\wamp\www\my_shop\App\Home\Controller\GoodsController.php (109).
[ 2015-12-06T20:50:41+08:00 ]NOTICE: Illegal string offset 'gtid'E:\wamp\www\my_shop\App\Home\Controller\GoodsController.php (108).
[ 2015-12-06T20:50:41+08:00 ]NOTICE: Illegal string offset 'gtvalue'E:\wamp\www\my_shop\App\Home\Controller\GoodsController.php (109).
[ 2015-12-06T20:50:41+08:00 ]NOTICE: Illegal string offset 'gtid'E:\wamp\www\my_shop\App\Home\Controller\GoodsController.php (108).
[ 2015-12-06T20:50:41+08:00 ]NOTICE: Illegal string offset 'gtvalue'E:\wamp\www\my_shop\App\Home\Controller\GoodsController.php (109).
[ 2015-12-06T20:50:41+08:00 ]NOTICE: Illegal string offset 'gtid'E:\wamp\www\my_shop\App\Home\Controller\GoodsController.php (108).
[ 2015-12-06T20:50:41+08:00 ]NOTICE: Illegal string offset 'gtvalue'E:\wamp\www\my_shop\App\Home\Controller\GoodsController.php (109).
[ 2015-12-06T20:50:41+08:00 ]NOTICE: Illegal string offset 'gtid'E:\wamp\www\my_shop\App\Home\Controller\GoodsController.php (108).
[ 2015-12-06T20:50:41+08:00 ]NOTICE: Illegal string offset 'gtvalue'E:\wamp\www\my_shop\App\Home\Controller\GoodsController.php (109).
[ 2015-12-06T20:50:41+08:00 ]NOTICE: Illegal string offset 'gtid'E:\wamp\www\my_shop\App\Home\Controller\GoodsController.php (108).
[ 2015-12-06T20:50:41+08:00 ]NOTICE: Illegal string offset 'gtvalue'E:\wamp\www\my_shop\App\Home\Controller\GoodsController.php (109).
[ 2015-12-06T20:50:41+08:00 ]NOTICE: Illegal string offset 'gtid'E:\wamp\www\my_shop\App\Home\Controller\GoodsController.php (108).
[ 2015-12-06T20:50:41+08:00 ]NOTICE: Illegal string offset 'gtvalue'E:\wamp\www\my_shop\App\Home\Controller\GoodsController.php (109).
[ 2015-12-06T20:50:41+08:00 ]NOTICE: Illegal string offset 'gtid'E:\wamp\www\my_shop\App\Home\Controller\GoodsController.php (108).
[ 2015-12-06T20:50:41+08:00 ]NOTICE: Illegal string offset 'gtvalue'E:\wamp\www\my_shop\App\Home\Controller\GoodsController.php (109).
[ 2015-12-06T20:50:41+08:00 ]NOTICE: Illegal string offset 'gtid'E:\wamp\www\my_shop\App\Home\Controller\GoodsController.php (108).
[ 2015-12-06T20:50:41+08:00 ]NOTICE: Illegal string offset 'gtvalue'E:\wamp\www\my_shop\App\Home\Controller\GoodsController.php (109).
[ 2015-12-06T20:50:41+08:00 ]NOTICE: Illegal string offset 'gtid'E:\wamp\www\my_shop\App\Home\Controller\GoodsController.php (108).
[ 2015-12-06T20:50:41+08:00 ]NOTICE: Illegal string offset 'gtvalue'E:\wamp\www\my_shop\App\Home\Controller\GoodsController.php (109).
[ 2015-12-06T20:50:41+08:00 ]NOTICE: Illegal string offset 'gtid'E:\wamp\www\my_shop\App\Home\Controller\GoodsController.php (108).
[ 2015-12-06T20:50:41+08:00 ]NOTICE: Illegal string offset 'gtvalue'E:\wamp\www\my_shop\App\Home\Controller\GoodsController.php (109).
[ 2015-12-06T20:50:41+08:00 ]NOTICE: Illegal string offset 'gtid'E:\wamp\www\my_shop\App\Home\Controller\GoodsController.php (108).
[ 2015-12-06T20:50:41+08:00 ]NOTICE: Illegal string offset 'gtvalue'E:\wamp\www\my_shop\App\Home\Controller\GoodsController.php (109).
[ 2015-12-06T20:53:43+08:00 ]NOTICE: Illegal string offset 'gtid'E:\wamp\www\my_shop\App\Home\Controller\GoodsController.php (108).
[ 2015-12-06T20:53:43+08:00 ]NOTICE: Illegal string offset 'gtvalue'E:\wamp\www\my_shop\App\Home\Controller\GoodsController.php (109).
[ 2015-12-06T20:53:43+08:00 ]NOTICE: Illegal string offset 'gtid'E:\wamp\www\my_shop\App\Home\Controller\GoodsController.php (108).
[ 2015-12-06T20:53:43+08:00 ]NOTICE: Illegal string offset 'gtvalue'E:\wamp\www\my_shop\App\Home\Controller\GoodsController.php (109).
[ 2015-12-06T20:53:43+08:00 ]NOTICE: Illegal string offset 'gtid'E:\wamp\www\my_shop\App\Home\Controller\GoodsController.php (108).
[ 2015-12-06T20:53:43+08:00 ]NOTICE: Illegal string offset 'gtvalue'E:\wamp\www\my_shop\App\Home\Controller\GoodsController.php (109).
[ 2015-12-06T20:53:43+08:00 ]NOTICE: Illegal string offset 'gtid'E:\wamp\www\my_shop\App\Home\Controller\GoodsController.php (108).
[ 2015-12-06T20:53:43+08:00 ]NOTICE: Illegal string offset 'gtvalue'E:\wamp\www\my_shop\App\Home\Controller\GoodsController.php (109).
[ 2015-12-06T20:53:43+08:00 ]NOTICE: Illegal string offset 'gtid'E:\wamp\www\my_shop\App\Home\Controller\GoodsController.php (108).
[ 2015-12-06T20:53:43+08:00 ]NOTICE: Illegal string offset 'gtvalue'E:\wamp\www\my_shop\App\Home\Controller\GoodsController.php (109).
[ 2015-12-06T20:53:43+08:00 ]NOTICE: Illegal string offset 'gtid'E:\wamp\www\my_shop\App\Home\Controller\GoodsController.php (108).
[ 2015-12-06T20:53:43+08:00 ]NOTICE: Illegal string offset 'gtvalue'E:\wamp\www\my_shop\App\Home\Controller\GoodsController.php (109).
[ 2015-12-06T20:53:43+08:00 ]NOTICE: Illegal string offset 'gtid'E:\wamp\www\my_shop\App\Home\Controller\GoodsController.php (108).
[ 2015-12-06T20:53:43+08:00 ]NOTICE: Illegal string offset 'gtvalue'E:\wamp\www\my_shop\App\Home\Controller\GoodsController.php (109).
[ 2015-12-06T20:53:43+08:00 ]NOTICE: Illegal string offset 'gtid'E:\wamp\www\my_shop\App\Home\Controller\GoodsController.php (108).
[ 2015-12-06T20:53:43+08:00 ]NOTICE: Illegal string offset 'gtvalue'E:\wamp\www\my_shop\App\Home\Controller\GoodsController.php (109).
[ 2015-12-06T20:53:43+08:00 ]NOTICE: Illegal string offset 'gtid'E:\wamp\www\my_shop\App\Home\Controller\GoodsController.php (108).
[ 2015-12-06T20:53:43+08:00 ]NOTICE: Illegal string offset 'gtvalue'E:\wamp\www\my_shop\App\Home\Controller\GoodsController.php (109).
[ 2015-12-06T20:53:43+08:00 ]NOTICE: Illegal string offset 'gtid'E:\wamp\www\my_shop\App\Home\Controller\GoodsController.php (108).
[ 2015-12-06T20:53:43+08:00 ]NOTICE: Illegal string offset 'gtvalue'E:\wamp\www\my_shop\App\Home\Controller\GoodsController.php (109).
[ 2015-12-06T20:53:43+08:00 ]NOTICE: Illegal string offset 'gtid'E:\wamp\www\my_shop\App\Home\Controller\GoodsController.php (108).
[ 2015-12-06T20:53:43+08:00 ]NOTICE: Illegal string offset 'gtvalue'E:\wamp\www\my_shop\App\Home\Controller\GoodsController.php (109).
[ 2015-12-06T20:53:43+08:00 ]NOTICE: Illegal string offset 'gtid'E:\wamp\www\my_shop\App\Home\Controller\GoodsController.php (108).
[ 2015-12-06T20:53:43+08:00 ]NOTICE: Illegal string offset 'gtvalue'E:\wamp\www\my_shop\App\Home\Controller\GoodsController.php (109).
[ 2015-12-06T20:53:43+08:00 ]NOTICE: Illegal string offset 'gtid'E:\wamp\www\my_shop\App\Home\Controller\GoodsController.php (108).
[ 2015-12-06T20:53:43+08:00 ]NOTICE: Illegal string offset 'gtvalue'E:\wamp\www\my_shop\App\Home\Controller\GoodsController.php (109).
[ 2015-12-06T20:53:43+08:00 ]NOTICE: Illegal string offset 'gtid'E:\wamp\www\my_shop\App\Home\Controller\GoodsController.php (108).
[ 2015-12-06T20:53:43+08:00 ]NOTICE: Illegal string offset 'gtvalue'E:\wamp\www\my_shop\App\Home\Controller\GoodsController.php (109).
[ 2015-12-06T20:53:43+08:00 ]NOTICE: Illegal string offset 'gtid'E:\wamp\www\my_shop\App\Home\Controller\GoodsController.php (108).
[ 2015-12-06T20:53:43+08:00 ]NOTICE: Illegal string offset 'gtvalue'E:\wamp\www\my_shop\App\Home\Controller\GoodsController.php (109).
[ 2015-12-06T20:53:43+08:00 ]NOTICE: Illegal string offset 'gtid'E:\wamp\www\my_shop\App\Home\Controller\GoodsController.php (108).
[ 2015-12-06T20:53:43+08:00 ]NOTICE: Illegal string offset 'gtvalue'E:\wamp\www\my_shop\App\Home\Controller\GoodsController.php (109).
[ 2015-12-06T20:53:43+08:00 ]NOTICE: Illegal string offset 'gtid'E:\wamp\www\my_shop\App\Home\Controller\GoodsController.php (108).
[ 2015-12-06T20:53:43+08:00 ]NOTICE: Illegal string offset 'gtvalue'E:\wamp\www\my_shop\App\Home\Controller\GoodsController.php (109).
[ 2015-12-06T20:53:43+08:00 ]NOTICE: Illegal string offset 'gtid'E:\wamp\www\my_shop\App\Home\Controller\GoodsController.php (108).
[ 2015-12-06T20:53:43+08:00 ]NOTICE: Illegal string offset 'gtvalue'E:\wamp\www\my_shop\App\Home\Controller\GoodsController.php (109).
[ 2015-12-06T20:53:43+08:00 ]NOTICE: Illegal string offset 'gtid'E:\wamp\www\my_shop\App\Home\Controller\GoodsController.php (108).
[ 2015-12-06T20:53:43+08:00 ]NOTICE: Illegal string offset 'gtvalue'E:\wamp\www\my_shop\App\Home\Controller\GoodsController.php (109).
[ 2015-12-06T20:53:43+08:00 ]NOTICE: Illegal string offset 'gtid'E:\wamp\www\my_shop\App\Home\Controller\GoodsController.php (108).
[ 2015-12-06T20:53:43+08:00 ]NOTICE: Illegal string offset 'gtvalue'E:\wamp\www\my_shop\App\Home\Controller\GoodsController.php (109).
[ 2015-12-06T20:53:43+08:00 ]NOTICE: Illegal string offset 'gtid'E:\wamp\www\my_shop\App\Home\Controller\GoodsController.php (108).
[ 2015-12-06T20:53:43+08:00 ]NOTICE: Illegal string offset 'gtvalue'E:\wamp\www\my_shop\App\Home\Controller\GoodsController.php (109).
[ 2015-12-06T20:53:43+08:00 ]NOTICE: Illegal string offset 'gtid'E:\wamp\www\my_shop\App\Home\Controller\GoodsController.php (108).
[ 2015-12-06T20:53:43+08:00 ]NOTICE: Illegal string offset 'gtvalue'E:\wamp\www\my_shop\App\Home\Controller\GoodsController.php (109).
[ 2015-12-06T20:53:43+08:00 ]NOTICE: Illegal string offset 'gtid'E:\wamp\www\my_shop\App\Home\Controller\GoodsController.php (108).
[ 2015-12-06T20:53:43+08:00 ]NOTICE: Illegal string offset 'gtvalue'E:\wamp\www\my_shop\App\Home\Controller\GoodsController.php (109).
[ 2015-12-06T20:53:43+08:00 ]NOTICE: Illegal string offset 'gtid'E:\wamp\www\my_shop\App\Home\Controller\GoodsController.php (108).
[ 2015-12-06T20:53:43+08:00 ]NOTICE: Illegal string offset 'gtvalue'E:\wamp\www\my_shop\App\Home\Controller\GoodsController.php (109).
[ 2015-12-06T20:53:43+08:00 ]NOTICE: Illegal string offset 'gtid'E:\wamp\www\my_shop\App\Home\Controller\GoodsController.php (108).
[ 2015-12-06T20:53:43+08:00 ]NOTICE: Illegal string offset 'gtvalue'E:\wamp\www\my_shop\App\Home\Controller\GoodsController.php (109).
[ 2015-12-06T20:53:43+08:00 ]NOTICE: Illegal string offset 'gtid'E:\wamp\www\my_shop\App\Home\Controller\GoodsController.php (108).
[ 2015-12-06T20:53:43+08:00 ]NOTICE: Illegal string offset 'gtvalue'E:\wamp\www\my_shop\App\Home\Controller\GoodsController.php (109).
[ 2015-12-06T20:53:43+08:00 ]NOTICE: Illegal string offset 'gtid'E:\wamp\www\my_shop\App\Home\Controller\GoodsController.php (108).
[ 2015-12-06T20:53:43+08:00 ]NOTICE: Illegal string offset 'gtvalue'E:\wamp\www\my_shop\App\Home\Controller\GoodsController.php (109).
[ 2015-12-06T20:53:43+08:00 ]NOTICE: Illegal string offset 'gtid'E:\wamp\www\my_shop\App\Home\Controller\GoodsController.php (108).
[ 2015-12-06T20:53:43+08:00 ]NOTICE: Illegal string offset 'gtvalue'E:\wamp\www\my_shop\App\Home\Controller\GoodsController.php (109).
[ 2015-12-06T20:53:43+08:00 ]NOTICE: Illegal string offset 'gtid'E:\wamp\www\my_shop\App\Home\Controller\GoodsController.php (108).
[ 2015-12-06T20:53:43+08:00 ]NOTICE: Illegal string offset 'gtvalue'E:\wamp\www\my_shop\App\Home\Controller\GoodsController.php (109).
[ 2015-12-06T20:53:43+08:00 ]NOTICE: Illegal string offset 'gtid'E:\wamp\www\my_shop\App\Home\Controller\GoodsController.php (108).
[ 2015-12-06T20:53:43+08:00 ]NOTICE: Illegal string offset 'gtvalue'E:\wamp\www\my_shop\App\Home\Controller\GoodsController.php (109).
[ 2015-12-06T20:53:43+08:00 ]NOTICE: Illegal string offset 'gtid'E:\wamp\www\my_shop\App\Home\Controller\GoodsController.php (108).
[ 2015-12-06T20:53:43+08:00 ]NOTICE: Illegal string offset 'gtvalue'E:\wamp\www\my_shop\App\Home\Controller\GoodsController.php (109).
[ 2015-12-06T20:53:43+08:00 ]NOTICE: Illegal string offset 'gtid'E:\wamp\www\my_shop\App\Home\Controller\GoodsController.php (108).
[ 2015-12-06T20:53:43+08:00 ]NOTICE: Illegal string offset 'gtvalue'E:\wamp\www\my_shop\App\Home\Controller\GoodsController.php (109).
[ 2015-12-06T20:53:43+08:00 ]NOTICE: Illegal string offset 'gtid'E:\wamp\www\my_shop\App\Home\Controller\GoodsController.php (108).
[ 2015-12-06T20:53:43+08:00 ]NOTICE: Illegal string offset 'gtvalue'E:\wamp\www\my_shop\App\Home\Controller\GoodsController.php (109).
[ 2015-12-06T20:53:43+08:00 ]NOTICE: Illegal string offset 'gtid'E:\wamp\www\my_shop\App\Home\Controller\GoodsController.php (108).
[ 2015-12-06T20:53:43+08:00 ]NOTICE: Illegal string offset 'gtvalue'E:\wamp\www\my_shop\App\Home\Controller\GoodsController.php (109).
[ 2015-12-06T20:53:43+08:00 ]NOTICE: Illegal string offset 'gtid'E:\wamp\www\my_shop\App\Home\Controller\GoodsController.php (108).
[ 2015-12-06T20:53:43+08:00 ]NOTICE: Illegal string offset 'gtvalue'E:\wamp\www\my_shop\App\Home\Controller\GoodsController.php (109).
[ 2015-12-06T20:53:43+08:00 ]NOTICE: Illegal string offset 'gtid'E:\wamp\www\my_shop\App\Home\Controller\GoodsController.php (108).
[ 2015-12-06T20:53:43+08:00 ]NOTICE: Illegal string offset 'gtvalue'E:\wamp\www\my_shop\App\Home\Controller\GoodsController.php (109).
[ 2015-12-06T20:53:43+08:00 ]NOTICE: Illegal string offset 'gtid'E:\wamp\www\my_shop\App\Home\Controller\GoodsController.php (108).
[ 2015-12-06T20:53:43+08:00 ]NOTICE: Illegal string offset 'gtvalue'E:\wamp\www\my_shop\App\Home\Controller\GoodsController.php (109).
[ 2015-12-06T20:53:43+08:00 ]NOTICE: Illegal string offset 'gtid'E:\wamp\www\my_shop\App\Home\Controller\GoodsController.php (108).
[ 2015-12-06T20:53:43+08:00 ]NOTICE: Illegal string offset 'gtvalue'E:\wamp\www\my_shop\App\Home\Controller\GoodsController.php (109).
[ 2015-12-06T20:53:43+08:00 ]NOTICE: Illegal string offset 'gtid'E:\wamp\www\my_shop\App\Home\Controller\GoodsController.php (108).
[ 2015-12-06T20:53:43+08:00 ]NOTICE: Illegal string offset 'gtvalue'E:\wamp\www\my_shop\App\Home\Controller\GoodsController.php (109).
[ 2015-12-06T20:53:43+08:00 ]NOTICE: Illegal string offset 'gtid'E:\wamp\www\my_shop\App\Home\Controller\GoodsController.php (108).
[ 2015-12-06T20:53:43+08:00 ]NOTICE: Illegal string offset 'gtvalue'E:\wamp\www\my_shop\App\Home\Controller\GoodsController.php (109).
[ 2015-12-06T20:53:43+08:00 ]NOTICE: Illegal string offset 'gtid'E:\wamp\www\my_shop\App\Home\Controller\GoodsController.php (108).
[ 2015-12-06T20:53:43+08:00 ]NOTICE: Illegal string offset 'gtvalue'E:\wamp\www\my_shop\App\Home\Controller\GoodsController.php (109).
[ 2015-12-06T20:53:43+08:00 ]NOTICE: Illegal string offset 'gtid'E:\wamp\www\my_shop\App\Home\Controller\GoodsController.php (108).
[ 2015-12-06T20:53:43+08:00 ]NOTICE: Illegal string offset 'gtvalue'E:\wamp\www\my_shop\App\Home\Controller\GoodsController.php (109).
[ 2015-12-06T20:53:43+08:00 ]NOTICE: Illegal string offset 'gtid'E:\wamp\www\my_shop\App\Home\Controller\GoodsController.php (108).
[ 2015-12-06T20:53:43+08:00 ]NOTICE: Illegal string offset 'gtvalue'E:\wamp\www\my_shop\App\Home\Controller\GoodsController.php (109).
[ 2015-12-06T22:43:47+08:00 ]EXCEPTION: SELECT  *  FROM goods_attr INNER JOIN type_attr ON type_attr.gtid = goods_attr.gtid WHERE gid=17 AND class='1' ;BindParams:array (
)42S22;1054;Unknown column 'type_attr.gtid' in 'on clause'
[ 2015-12-06T22:50:32+08:00 ]EXCEPTION: SELECT  *  FROM goods_attr INNER JOIN type_attr ON type_attr.gtid = goods_attr.gtid WHERE gtid=44]} AND class='1' ;BindParams:array (
)42000;1064;You have an error in your SQL syntax; check the manual that corresponds to your MySQL server version for the right syntax to use near ']} AND class='1'' at line 1
[ 2015-12-06T22:51:41+08:00 ]EXCEPTION: SELECT  *  FROM goods_attr INNER JOIN type_attr ON type_attr.gtid = goods_attr.gtid WHERE gtid=43 AND class='1' ;BindParams:array (
)42S22;1054;Unknown column 'type_attr.gtid' in 'on clause'
[ 2015-12-06T23:23:35+08:00 ]NOTICE: Invalid argument supplied for foreach()E:\wamp\www\my_shop\Hdphp\Cart\Cart.php (130).
