[ 2015-12-08T10:45:12+08:00 ]EXCEPTION: Home\Controller\OrderController 不存在
[ 2015-12-08T10:45:16+08:00 ]EXCEPTION: Home\Controller\OrderController 不存在
[ 2015-12-08T10:49:41+08:00 ]NOTICE: Declaration of Home\Controller\CartController::ajax() should be compatible with Hdphp\Controller\Controller::ajax($data, $type = 'JSON')E:\wamp\www\my_shop\App\Home\Controller\OrderController.php (12).
[ 2015-12-08T10:49:41+08:00 ]EXCEPTION: Home\Controller\OrderController 不存在
[ 2015-12-08T10:50:11+08:00 ]NOTICE: Declaration of Home\Controller\CartController::ajax() should be compatible with Hdphp\Controller\Controller::ajax($data, $type = 'JSON')E:\wamp\www\my_shop\App\Home\Controller\OrderController.php (12).
[ 2015-12-08T10:50:11+08:00 ]EXCEPTION: Home\Controller\OrderController 不存在
[ 2015-12-08T10:50:39+08:00 ]NOTICE: Declaration of Home\Controller\OrderController::ajax() should be compatible with Hdphp\Controller\Controller::ajax($data, $type = 'JSON')E:\wamp\www\my_shop\App\Home\Controller\OrderController.php (12).
[ 2015-12-08T11:35:58+08:00 ]NOTICE: Undefined index: sidE:\wamp\www\my_shop\App\Home\Controller\OrderController.php (21).
[ 2015-12-08T11:36:22+08:00 ]NOTICE: Undefined index: $sidE:\wamp\www\my_shop\App\Home\Controller\OrderController.php (21).
[ 2015-12-08T14:24:45+08:00 ]NOTICE: Undefined index: nameE:\wamp\www\my_shop\Storage\view\compile\27dfbd60d443b92731eb83c8a7886759.php (86).
[ 2015-12-08T14:24:45+08:00 ]NOTICE: Undefined index: priceE:\wamp\www\my_shop\Storage\view\compile\27dfbd60d443b92731eb83c8a7886759.php (87).
[ 2015-12-08T14:24:45+08:00 ]NOTICE: Undefined index: numE:\wamp\www\my_shop\Storage\view\compile\27dfbd60d443b92731eb83c8a7886759.php (88).
[ 2015-12-08T14:24:45+08:00 ]NOTICE: Undefined index: totalE:\wamp\www\my_shop\Storage\view\compile\27dfbd60d443b92731eb83c8a7886759.php (89).
[ 2015-12-08T14:24:50+08:00 ]NOTICE: Undefined index: nameE:\wamp\www\my_shop\Storage\view\compile\27dfbd60d443b92731eb83c8a7886759.php (86).
[ 2015-12-08T14:24:50+08:00 ]NOTICE: Undefined index: priceE:\wamp\www\my_shop\Storage\view\compile\27dfbd60d443b92731eb83c8a7886759.php (87).
[ 2015-12-08T14:24:50+08:00 ]NOTICE: Undefined index: numE:\wamp\www\my_shop\Storage\view\compile\27dfbd60d443b92731eb83c8a7886759.php (88).
[ 2015-12-08T14:24:50+08:00 ]NOTICE: Undefined index: totalE:\wamp\www\my_shop\Storage\view\compile\27dfbd60d443b92731eb83c8a7886759.php (89).
[ 2015-12-08T19:19:45+08:00 ]NOTICE: Invalid argument supplied for foreach()E:\wamp\www\my_shop\Storage\view\compile\27dfbd60d443b92731eb83c8a7886759.php (89).
[ 2015-12-08T19:26:31+08:00 ]NOTICE: Invalid argument supplied for foreach()E:\wamp\www\my_shop\Storage\view\compile\27dfbd60d443b92731eb83c8a7886759.php (93).
[ 2015-12-08T19:30:39+08:00 ]NOTICE: Invalid argument supplied for foreach()E:\wamp\www\my_shop\Storage\view\compile\27dfbd60d443b92731eb83c8a7886759.php (130).
[ 2015-12-08T19:31:21+08:00 ]NOTICE: Invalid argument supplied for foreach()E:\wamp\www\my_shop\Storage\view\compile\27dfbd60d443b92731eb83c8a7886759.php (131).
[ 2015-12-08T19:31:45+08:00 ]NOTICE: Invalid argument supplied for foreach()E:\wamp\www\my_shop\Storage\view\compile\27dfbd60d443b92731eb83c8a7886759.php (131).
[ 2015-12-08T19:33:46+08:00 ]NOTICE: Invalid argument supplied for foreach()E:\wamp\www\my_shop\Storage\view\compile\27dfbd60d443b92731eb83c8a7886759.php (134).
[ 2015-12-08T19:35:50+08:00 ]NOTICE: Invalid argument supplied for foreach()E:\wamp\www\my_shop\Storage\view\compile\27dfbd60d443b92731eb83c8a7886759.php (136).
[ 2015-12-08T19:35:58+08:00 ]NOTICE: Invalid argument supplied for foreach()E:\wamp\www\my_shop\Storage\view\compile\27dfbd60d443b92731eb83c8a7886759.php (136).
[ 2015-12-08T19:39:29+08:00 ]NOTICE: Invalid argument supplied for foreach()E:\wamp\www\my_shop\Storage\view\compile\27dfbd60d443b92731eb83c8a7886759.php (136).
[ 2015-12-08T19:39:51+08:00 ]NOTICE: Invalid argument supplied for foreach()E:\wamp\www\my_shop\Storage\view\compile\27dfbd60d443b92731eb83c8a7886759.php (136).
[ 2015-12-08T19:39:53+08:00 ]NOTICE: Invalid argument supplied for foreach()E:\wamp\www\my_shop\Storage\view\compile\27dfbd60d443b92731eb83c8a7886759.php (136).
[ 2015-12-08T19:40:00+08:00 ]NOTICE: Invalid argument supplied for foreach()E:\wamp\www\my_shop\Storage\view\compile\27dfbd60d443b92731eb83c8a7886759.php (136).
[ 2015-12-08T19:41:19+08:00 ]NOTICE: Invalid argument supplied for foreach()E:\wamp\www\my_shop\Storage\view\compile\27dfbd60d443b92731eb83c8a7886759.php (136).
[ 2015-12-08T19:43:22+08:00 ]NOTICE: Invalid argument supplied for foreach()E:\wamp\www\my_shop\Storage\view\compile\27dfbd60d443b92731eb83c8a7886759.php (137).
[ 2015-12-08T20:55:20+08:00 ]NOTICE: Invalid argument supplied for foreach()E:\wamp\www\my_shop\Storage\view\compile\27dfbd60d443b92731eb83c8a7886759.php (145).
[ 2015-12-08T20:55:28+08:00 ]NOTICE: Undefined property: Home\Controller\OrderController::$modelE:\wamp\www\my_shop\App\Home\Controller\OrderController.php (33).
[ 2015-12-08T20:55:53+08:00 ]NOTICE: Undefined index: specE:\wamp\www\my_shop\App\Home\Controller\CartController.php (56).
[ 2015-12-08T20:55:53+08:00 ]NOTICE: Invalid argument supplied for foreach()E:\wamp\www\my_shop\App\Home\Controller\CartController.php (56).
[ 2015-12-08T20:55:53+08:00 ]NOTICE: Undefined variable: goods_attrE:\wamp\www\my_shop\App\Home\Controller\CartController.php (61).
[ 2015-12-08T20:55:53+08:00 ]NOTICE: Invalid argument supplied for foreach()E:\wamp\www\my_shop\App\Home\Controller\CartController.php (61).
[ 2015-12-08T20:56:08+08:00 ]NOTICE: Undefined property: Home\Controller\OrderController::$modelE:\wamp\www\my_shop\App\Home\Controller\OrderController.php (33).
[ 2015-12-08T20:56:45+08:00 ]NOTICE: Undefined property: Home\Controller\OrderController::$modelE:\wamp\www\my_shop\App\Home\Controller\OrderController.php (33).
[ 2015-12-08T20:57:15+08:00 ]NOTICE: Undefined property: Home\Controller\OrderController::$modelE:\wamp\www\my_shop\App\Home\Controller\OrderController.php (33).
[ 2015-12-08T21:17:30+08:00 ]NOTICE: Undefined property: Home\Controller\OrderController::$modelE:\wamp\www\my_shop\App\Home\Controller\OrderController.php (36).
[ 2015-12-08T21:19:01+08:00 ]NOTICE: Undefined property: Home\Controller\OrderController::$modelE:\wamp\www\my_shop\App\Home\Controller\OrderController.php (36).
[ 2015-12-08T21:19:16+08:00 ]NOTICE: Undefined property: Home\Controller\OrderController::$modelE:\wamp\www\my_shop\App\Home\Controller\OrderController.php (36).
[ 2015-12-08T21:20:40+08:00 ]NOTICE: Undefined property: Home\Controller\OrderController::$modelE:\wamp\www\my_shop\App\Home\Controller\OrderController.php (36).
[ 2015-12-08T21:22:16+08:00 ]NOTICE: Undefined property: Home\Controller\OrderController::$modelE:\wamp\www\my_shop\App\Home\Controller\OrderController.php (33).
[ 2015-12-08T21:23:33+08:00 ]NOTICE: Undefined property: Home\Controller\OrderController::$modelE:\wamp\www\my_shop\App\Home\Controller\OrderController.php (32).
[ 2015-12-08T21:54:52+08:00 ]NOTICE: Undefined variable: arrE:\wamp\www\my_shop\App\Home\Controller\OrderController.php (17).
[ 2015-12-08T22:02:17+08:00 ]NOTICE: Undefined index: addE:\wamp\www\my_shop\App\Common\Model\OrderAdd.php (27).
[ 2015-12-08T22:02:17+08:00 ]NOTICE: implode(): Invalid arguments passedE:\wamp\www\my_shop\App\Common\Model\OrderAdd.php (27).
