[ 2015-12-13T15:03:54+08:00 ]NOTICE: array_merge(): Argument #2 is not an arrayE:\wamp\www\my_shop\App\Home\Controller\ListController.php (34).
[ 2015-12-13T15:03:54+08:00 ]NOTICE: array_merge(): Argument #2 is not an arrayE:\wamp\www\my_shop\App\Home\Controller\ListController.php (34).
[ 2015-12-13T15:38:56+08:00 ]NOTICE: Undefined variable: goodsDataE:\wamp\www\my_shop\App\Home\Controller\ListController.php (46).
[ 2015-12-13T15:38:56+08:00 ]NOTICE: Invalid argument supplied for foreach()E:\wamp\www\my_shop\Storage\view\compile\9c5abaaa6f02cf73c9209d43230d6294.php (171).
[ 2015-12-13T17:37:06+08:00 ]NOTICE: implode(): Invalid arguments passedE:\wamp\www\my_shop\App\Home\Controller\ListController.php (26).
[ 2015-12-13T17:37:06+08:00 ]EXCEPTION: SELECT  *  FROM goods WHERE gid in() ;BindParams:array (
)42000;1064;You have an error in your SQL syntax; check the manual that corresponds to your MySQL server version for the right syntax to use near ')' at line 1
[ 2015-12-13T17:37:11+08:00 ]NOTICE: implode(): Invalid arguments passedE:\wamp\www\my_shop\App\Home\Controller\ListController.php (26).
[ 2015-12-13T17:37:11+08:00 ]EXCEPTION: SELECT  *  FROM goods WHERE gid in() ;BindParams:array (
)42000;1064;You have an error in your SQL syntax; check the manual that corresponds to your MySQL server version for the right syntax to use near ')' at line 1
[ 2015-12-13T17:37:27+08:00 ]NOTICE: implode(): Invalid arguments passedE:\wamp\www\my_shop\App\Home\Controller\ListController.php (26).
[ 2015-12-13T17:37:27+08:00 ]EXCEPTION: SELECT  *  FROM goods WHERE gid in() ;BindParams:array (
)42000;1064;You have an error in your SQL syntax; check the manual that corresponds to your MySQL server version for the right syntax to use near ')' at line 1
[ 2015-12-13T18:43:23+08:00 ]NOTICE: implode(): Invalid arguments passedE:\wamp\www\my_shop\App\Home\Controller\ListController.php (26).
[ 2015-12-13T18:43:23+08:00 ]EXCEPTION: SELECT  *  FROM goods WHERE gid in() ;BindParams:array (
)42000;1064;You have an error in your SQL syntax; check the manual that corresponds to your MySQL server version for the right syntax to use near ')' at line 1
[ 2015-12-13T18:53:16+08:00 ]NOTICE: Undefined variable: paramE:\wamp\www\my_shop\Storage\view\compile\9c5abaaa6f02cf73c9209d43230d6294.php (128).
[ 2015-12-13T18:53:16+08:00 ]NOTICE: Undefined variable: valueE:\wamp\www\my_shop\Storage\view\compile\9c5abaaa6f02cf73c9209d43230d6294.php (135).
[ 2015-12-13T18:53:16+08:00 ]NOTICE: Undefined variable: valueE:\wamp\www\my_shop\Storage\view\compile\9c5abaaa6f02cf73c9209d43230d6294.php (135).
[ 2015-12-13T18:53:16+08:00 ]NOTICE: Undefined variable: valueE:\wamp\www\my_shop\Storage\view\compile\9c5abaaa6f02cf73c9209d43230d6294.php (135).
[ 2015-12-13T18:53:16+08:00 ]NOTICE: Undefined variable: valueE:\wamp\www\my_shop\Storage\view\compile\9c5abaaa6f02cf73c9209d43230d6294.php (135).
[ 2015-12-13T18:53:16+08:00 ]NOTICE: Undefined variable: valueE:\wamp\www\my_shop\Storage\view\compile\9c5abaaa6f02cf73c9209d43230d6294.php (135).
[ 2015-12-13T18:53:16+08:00 ]NOTICE: Undefined variable: paramE:\wamp\www\my_shop\Storage\view\compile\9c5abaaa6f02cf73c9209d43230d6294.php (128).
[ 2015-12-13T18:53:16+08:00 ]NOTICE: Undefined variable: valueE:\wamp\www\my_shop\Storage\view\compile\9c5abaaa6f02cf73c9209d43230d6294.php (135).
[ 2015-12-13T18:53:16+08:00 ]NOTICE: Undefined variable: paramE:\wamp\www\my_shop\Storage\view\compile\9c5abaaa6f02cf73c9209d43230d6294.php (128).
[ 2015-12-13T18:53:16+08:00 ]NOTICE: Undefined variable: valueE:\wamp\www\my_shop\Storage\view\compile\9c5abaaa6f02cf73c9209d43230d6294.php (135).
[ 2015-12-13T18:53:16+08:00 ]NOTICE: Undefined variable: valueE:\wamp\www\my_shop\Storage\view\compile\9c5abaaa6f02cf73c9209d43230d6294.php (135).
[ 2015-12-13T18:53:16+08:00 ]NOTICE: Undefined variable: valueE:\wamp\www\my_shop\Storage\view\compile\9c5abaaa6f02cf73c9209d43230d6294.php (135).
[ 2015-12-13T18:53:16+08:00 ]NOTICE: Undefined variable: valueE:\wamp\www\my_shop\Storage\view\compile\9c5abaaa6f02cf73c9209d43230d6294.php (135).
[ 2015-12-13T18:53:16+08:00 ]NOTICE: Undefined variable: paramE:\wamp\www\my_shop\Storage\view\compile\9c5abaaa6f02cf73c9209d43230d6294.php (128).
[ 2015-12-13T18:53:16+08:00 ]NOTICE: Undefined variable: valueE:\wamp\www\my_shop\Storage\view\compile\9c5abaaa6f02cf73c9209d43230d6294.php (135).
[ 2015-12-13T18:53:16+08:00 ]NOTICE: Undefined variable: valueE:\wamp\www\my_shop\Storage\view\compile\9c5abaaa6f02cf73c9209d43230d6294.php (135).
[ 2015-12-13T18:53:16+08:00 ]NOTICE: Undefined variable: valueE:\wamp\www\my_shop\Storage\view\compile\9c5abaaa6f02cf73c9209d43230d6294.php (135).
[ 2015-12-13T18:53:16+08:00 ]NOTICE: Undefined variable: valueE:\wamp\www\my_shop\Storage\view\compile\9c5abaaa6f02cf73c9209d43230d6294.php (135).
[ 2015-12-13T18:53:16+08:00 ]NOTICE: Undefined variable: paramE:\wamp\www\my_shop\Storage\view\compile\9c5abaaa6f02cf73c9209d43230d6294.php (128).
[ 2015-12-13T18:53:16+08:00 ]NOTICE: Undefined variable: valueE:\wamp\www\my_shop\Storage\view\compile\9c5abaaa6f02cf73c9209d43230d6294.php (135).
[ 2015-12-13T18:53:16+08:00 ]NOTICE: Undefined variable: valueE:\wamp\www\my_shop\Storage\view\compile\9c5abaaa6f02cf73c9209d43230d6294.php (135).
[ 2015-12-13T18:53:16+08:00 ]NOTICE: Undefined variable: valueE:\wamp\www\my_shop\Storage\view\compile\9c5abaaa6f02cf73c9209d43230d6294.php (135).
[ 2015-12-13T18:58:16+08:00 ]NOTICE: Undefined variable: valueE:\wamp\www\my_shop\Storage\view\compile\9c5abaaa6f02cf73c9209d43230d6294.php (135).
[ 2015-12-13T18:58:16+08:00 ]NOTICE: Undefined variable: valueE:\wamp\www\my_shop\Storage\view\compile\9c5abaaa6f02cf73c9209d43230d6294.php (135).
[ 2015-12-13T18:58:16+08:00 ]NOTICE: Undefined variable: valueE:\wamp\www\my_shop\Storage\view\compile\9c5abaaa6f02cf73c9209d43230d6294.php (135).
[ 2015-12-13T18:58:16+08:00 ]NOTICE: Undefined variable: valueE:\wamp\www\my_shop\Storage\view\compile\9c5abaaa6f02cf73c9209d43230d6294.php (135).
[ 2015-12-13T18:58:16+08:00 ]NOTICE: Undefined variable: valueE:\wamp\www\my_shop\Storage\view\compile\9c5abaaa6f02cf73c9209d43230d6294.php (135).
[ 2015-12-13T18:58:16+08:00 ]NOTICE: Undefined variable: valueE:\wamp\www\my_shop\Storage\view\compile\9c5abaaa6f02cf73c9209d43230d6294.php (135).
[ 2015-12-13T18:58:16+08:00 ]NOTICE: Undefined variable: valueE:\wamp\www\my_shop\Storage\view\compile\9c5abaaa6f02cf73c9209d43230d6294.php (135).
[ 2015-12-13T18:58:16+08:00 ]NOTICE: Undefined variable: valueE:\wamp\www\my_shop\Storage\view\compile\9c5abaaa6f02cf73c9209d43230d6294.php (135).
[ 2015-12-13T18:58:16+08:00 ]NOTICE: Undefined variable: valueE:\wamp\www\my_shop\Storage\view\compile\9c5abaaa6f02cf73c9209d43230d6294.php (135).
[ 2015-12-13T18:58:16+08:00 ]NOTICE: Undefined variable: valueE:\wamp\www\my_shop\Storage\view\compile\9c5abaaa6f02cf73c9209d43230d6294.php (135).
[ 2015-12-13T18:58:16+08:00 ]NOTICE: Undefined variable: valueE:\wamp\www\my_shop\Storage\view\compile\9c5abaaa6f02cf73c9209d43230d6294.php (135).
[ 2015-12-13T18:58:16+08:00 ]NOTICE: Undefined variable: valueE:\wamp\www\my_shop\Storage\view\compile\9c5abaaa6f02cf73c9209d43230d6294.php (135).
[ 2015-12-13T18:58:16+08:00 ]NOTICE: Undefined variable: valueE:\wamp\www\my_shop\Storage\view\compile\9c5abaaa6f02cf73c9209d43230d6294.php (135).
[ 2015-12-13T18:58:16+08:00 ]NOTICE: Undefined variable: valueE:\wamp\www\my_shop\Storage\view\compile\9c5abaaa6f02cf73c9209d43230d6294.php (135).
[ 2015-12-13T18:58:16+08:00 ]NOTICE: Undefined variable: valueE:\wamp\www\my_shop\Storage\view\compile\9c5abaaa6f02cf73c9209d43230d6294.php (135).
[ 2015-12-13T18:58:16+08:00 ]NOTICE: Undefined variable: valueE:\wamp\www\my_shop\Storage\view\compile\9c5abaaa6f02cf73c9209d43230d6294.php (135).
[ 2015-12-13T18:58:16+08:00 ]NOTICE: Undefined variable: valueE:\wamp\www\my_shop\Storage\view\compile\9c5abaaa6f02cf73c9209d43230d6294.php (135).
[ 2015-12-13T19:08:54+08:00 ]NOTICE: Undefined variable: nameE:\wamp\www\my_shop\App\Home\Controller\ListController.php (59).
[ 2015-12-13T19:14:23+08:00 ]NOTICE: Undefined variable: gidssE:\wamp\www\my_shop\App\Home\Controller\ListController.php (55).
[ 2015-12-13T19:14:23+08:00 ]NOTICE: Undefined variable: gidssE:\wamp\www\my_shop\App\Home\Controller\ListController.php (55).
[ 2015-12-13T19:14:23+08:00 ]NOTICE: Undefined variable: gidssE:\wamp\www\my_shop\App\Home\Controller\ListController.php (55).
[ 2015-12-13T19:14:23+08:00 ]NOTICE: Undefined variable: gidssE:\wamp\www\my_shop\App\Home\Controller\ListController.php (55).
[ 2015-12-13T19:14:23+08:00 ]NOTICE: Undefined variable: gidssE:\wamp\www\my_shop\App\Home\Controller\ListController.php (55).
[ 2015-12-13T19:25:36+08:00 ]EXCEPTION: SELECT  *  FROM goods WHERE gid in() ;BindParams:array (
)42000;1064;You have an error in your SQL syntax; check the manual that corresponds to your MySQL server version for the right syntax to use near ')' at line 1
[ 2015-12-13T19:54:14+08:00 ]NOTICE: Undefined variable: valueE:\wamp\www\my_shop\Storage\view\compile\9c5abaaa6f02cf73c9209d43230d6294.php (139).
[ 2015-12-13T19:54:14+08:00 ]NOTICE: Undefined variable: valueE:\wamp\www\my_shop\Storage\view\compile\9c5abaaa6f02cf73c9209d43230d6294.php (139).
[ 2015-12-13T19:54:14+08:00 ]NOTICE: Undefined variable: valueE:\wamp\www\my_shop\Storage\view\compile\9c5abaaa6f02cf73c9209d43230d6294.php (139).
[ 2015-12-13T19:54:14+08:00 ]NOTICE: Undefined variable: valueE:\wamp\www\my_shop\Storage\view\compile\9c5abaaa6f02cf73c9209d43230d6294.php (139).
[ 2015-12-13T19:54:14+08:00 ]NOTICE: Undefined variable: valueE:\wamp\www\my_shop\Storage\view\compile\9c5abaaa6f02cf73c9209d43230d6294.php (139).
[ 2015-12-13T19:54:14+08:00 ]NOTICE: Undefined variable: valueE:\wamp\www\my_shop\Storage\view\compile\9c5abaaa6f02cf73c9209d43230d6294.php (139).
[ 2015-12-13T19:54:14+08:00 ]NOTICE: Undefined variable: valueE:\wamp\www\my_shop\Storage\view\compile\9c5abaaa6f02cf73c9209d43230d6294.php (139).
[ 2015-12-13T19:54:14+08:00 ]NOTICE: Undefined variable: valueE:\wamp\www\my_shop\Storage\view\compile\9c5abaaa6f02cf73c9209d43230d6294.php (139).
[ 2015-12-13T19:54:14+08:00 ]NOTICE: Undefined variable: valueE:\wamp\www\my_shop\Storage\view\compile\9c5abaaa6f02cf73c9209d43230d6294.php (139).
[ 2015-12-13T19:54:14+08:00 ]NOTICE: Undefined variable: valueE:\wamp\www\my_shop\Storage\view\compile\9c5abaaa6f02cf73c9209d43230d6294.php (139).
[ 2015-12-13T19:54:14+08:00 ]NOTICE: Undefined variable: valueE:\wamp\www\my_shop\Storage\view\compile\9c5abaaa6f02cf73c9209d43230d6294.php (139).
[ 2015-12-13T19:54:14+08:00 ]NOTICE: Undefined variable: valueE:\wamp\www\my_shop\Storage\view\compile\9c5abaaa6f02cf73c9209d43230d6294.php (139).
[ 2015-12-13T19:54:14+08:00 ]NOTICE: Undefined variable: valueE:\wamp\www\my_shop\Storage\view\compile\9c5abaaa6f02cf73c9209d43230d6294.php (139).
[ 2015-12-13T19:54:14+08:00 ]NOTICE: Undefined variable: valueE:\wamp\www\my_shop\Storage\view\compile\9c5abaaa6f02cf73c9209d43230d6294.php (139).
[ 2015-12-13T19:54:14+08:00 ]NOTICE: Undefined variable: valueE:\wamp\www\my_shop\Storage\view\compile\9c5abaaa6f02cf73c9209d43230d6294.php (139).
[ 2015-12-13T19:54:14+08:00 ]NOTICE: Undefined variable: valueE:\wamp\www\my_shop\Storage\view\compile\9c5abaaa6f02cf73c9209d43230d6294.php (139).
[ 2015-12-13T19:54:14+08:00 ]NOTICE: Undefined variable: valueE:\wamp\www\my_shop\Storage\view\compile\9c5abaaa6f02cf73c9209d43230d6294.php (139).
[ 2015-12-13T20:55:04+08:00 ]NOTICE: Undefined index: canmeE:\wamp\www\my_shop\Storage\view\compile\0c28e7150ba5d668f4a1564650d3d0d8.php (107).
[ 2015-12-13T20:55:04+08:00 ]NOTICE: Undefined index: canmeE:\wamp\www\my_shop\Storage\view\compile\0c28e7150ba5d668f4a1564650d3d0d8.php (107).
[ 2015-12-13T20:55:04+08:00 ]NOTICE: Undefined index: canmeE:\wamp\www\my_shop\Storage\view\compile\0c28e7150ba5d668f4a1564650d3d0d8.php (107).
[ 2015-12-13T20:55:24+08:00 ]NOTICE: Undefined index: canmeE:\wamp\www\my_shop\Storage\view\compile\0c28e7150ba5d668f4a1564650d3d0d8.php (107).
[ 2015-12-13T20:55:24+08:00 ]NOTICE: Illegal string offset 'canme'E:\wamp\www\my_shop\Storage\view\compile\0c28e7150ba5d668f4a1564650d3d0d8.php (110).
[ 2015-12-13T20:55:24+08:00 ]NOTICE: Illegal string offset 'canme'E:\wamp\www\my_shop\Storage\view\compile\0c28e7150ba5d668f4a1564650d3d0d8.php (110).
[ 2015-12-13T20:55:24+08:00 ]NOTICE: Illegal string offset 'canme'E:\wamp\www\my_shop\Storage\view\compile\0c28e7150ba5d668f4a1564650d3d0d8.php (110).
[ 2015-12-13T20:55:24+08:00 ]NOTICE: Illegal string offset 'canme'E:\wamp\www\my_shop\Storage\view\compile\0c28e7150ba5d668f4a1564650d3d0d8.php (110).
[ 2015-12-13T20:55:24+08:00 ]NOTICE: Illegal string offset 'canme'E:\wamp\www\my_shop\Storage\view\compile\0c28e7150ba5d668f4a1564650d3d0d8.php (110).
[ 2015-12-13T20:55:24+08:00 ]NOTICE: Undefined index: canmeE:\wamp\www\my_shop\Storage\view\compile\0c28e7150ba5d668f4a1564650d3d0d8.php (107).
[ 2015-12-13T20:55:24+08:00 ]NOTICE: Undefined index: canmeE:\wamp\www\my_shop\Storage\view\compile\0c28e7150ba5d668f4a1564650d3d0d8.php (110).
[ 2015-12-13T20:55:24+08:00 ]NOTICE: Undefined index: canmeE:\wamp\www\my_shop\Storage\view\compile\0c28e7150ba5d668f4a1564650d3d0d8.php (110).
[ 2015-12-13T20:55:24+08:00 ]NOTICE: Undefined index: canmeE:\wamp\www\my_shop\Storage\view\compile\0c28e7150ba5d668f4a1564650d3d0d8.php (107).
[ 2015-12-13T20:55:24+08:00 ]NOTICE: Illegal string offset 'canme'E:\wamp\www\my_shop\Storage\view\compile\0c28e7150ba5d668f4a1564650d3d0d8.php (110).
[ 2015-12-13T20:55:24+08:00 ]NOTICE: Illegal string offset 'canme'E:\wamp\www\my_shop\Storage\view\compile\0c28e7150ba5d668f4a1564650d3d0d8.php (110).
[ 2015-12-13T20:55:24+08:00 ]NOTICE: Illegal string offset 'canme'E:\wamp\www\my_shop\Storage\view\compile\0c28e7150ba5d668f4a1564650d3d0d8.php (110).
[ 2015-12-13T20:55:24+08:00 ]NOTICE: Illegal string offset 'canme'E:\wamp\www\my_shop\Storage\view\compile\0c28e7150ba5d668f4a1564650d3d0d8.php (110).
[ 2015-12-13T20:55:24+08:00 ]NOTICE: Illegal string offset 'canme'E:\wamp\www\my_shop\Storage\view\compile\0c28e7150ba5d668f4a1564650d3d0d8.php (110).
[ 2015-12-13T20:56:01+08:00 ]NOTICE: Undefined index: canmeE:\wamp\www\my_shop\Storage\view\compile\0c28e7150ba5d668f4a1564650d3d0d8.php (107).
[ 2015-12-13T20:56:01+08:00 ]NOTICE: Illegal string offset 'canme'E:\wamp\www\my_shop\Storage\view\compile\0c28e7150ba5d668f4a1564650d3d0d8.php (110).
[ 2015-12-13T20:56:01+08:00 ]NOTICE: Illegal string offset 'canme'E:\wamp\www\my_shop\Storage\view\compile\0c28e7150ba5d668f4a1564650d3d0d8.php (110).
[ 2015-12-13T20:56:01+08:00 ]NOTICE: Illegal string offset 'canme'E:\wamp\www\my_shop\Storage\view\compile\0c28e7150ba5d668f4a1564650d3d0d8.php (110).
[ 2015-12-13T20:56:01+08:00 ]NOTICE: Illegal string offset 'canme'E:\wamp\www\my_shop\Storage\view\compile\0c28e7150ba5d668f4a1564650d3d0d8.php (110).
[ 2015-12-13T20:56:01+08:00 ]NOTICE: Illegal string offset 'canme'E:\wamp\www\my_shop\Storage\view\compile\0c28e7150ba5d668f4a1564650d3d0d8.php (110).
[ 2015-12-13T20:56:01+08:00 ]NOTICE: Undefined index: canmeE:\wamp\www\my_shop\Storage\view\compile\0c28e7150ba5d668f4a1564650d3d0d8.php (107).
[ 2015-12-13T20:56:01+08:00 ]NOTICE: Undefined index: canmeE:\wamp\www\my_shop\Storage\view\compile\0c28e7150ba5d668f4a1564650d3d0d8.php (110).
[ 2015-12-13T20:56:01+08:00 ]NOTICE: Undefined index: canmeE:\wamp\www\my_shop\Storage\view\compile\0c28e7150ba5d668f4a1564650d3d0d8.php (110).
[ 2015-12-13T20:56:01+08:00 ]NOTICE: Undefined index: canmeE:\wamp\www\my_shop\Storage\view\compile\0c28e7150ba5d668f4a1564650d3d0d8.php (107).
[ 2015-12-13T20:56:01+08:00 ]NOTICE: Illegal string offset 'canme'E:\wamp\www\my_shop\Storage\view\compile\0c28e7150ba5d668f4a1564650d3d0d8.php (110).
[ 2015-12-13T20:56:01+08:00 ]NOTICE: Illegal string offset 'canme'E:\wamp\www\my_shop\Storage\view\compile\0c28e7150ba5d668f4a1564650d3d0d8.php (110).
[ 2015-12-13T20:56:01+08:00 ]NOTICE: Illegal string offset 'canme'E:\wamp\www\my_shop\Storage\view\compile\0c28e7150ba5d668f4a1564650d3d0d8.php (110).
[ 2015-12-13T20:56:01+08:00 ]NOTICE: Illegal string offset 'canme'E:\wamp\www\my_shop\Storage\view\compile\0c28e7150ba5d668f4a1564650d3d0d8.php (110).
[ 2015-12-13T20:56:01+08:00 ]NOTICE: Illegal string offset 'canme'E:\wamp\www\my_shop\Storage\view\compile\0c28e7150ba5d668f4a1564650d3d0d8.php (110).
[ 2015-12-13T20:56:19+08:00 ]NOTICE: Illegal string offset 'cname'E:\wamp\www\my_shop\Storage\view\compile\0c28e7150ba5d668f4a1564650d3d0d8.php (110).
[ 2015-12-13T20:56:19+08:00 ]NOTICE: Illegal string offset 'cname'E:\wamp\www\my_shop\Storage\view\compile\0c28e7150ba5d668f4a1564650d3d0d8.php (110).
[ 2015-12-13T20:56:19+08:00 ]NOTICE: Illegal string offset 'cname'E:\wamp\www\my_shop\Storage\view\compile\0c28e7150ba5d668f4a1564650d3d0d8.php (110).
[ 2015-12-13T20:56:19+08:00 ]NOTICE: Illegal string offset 'cname'E:\wamp\www\my_shop\Storage\view\compile\0c28e7150ba5d668f4a1564650d3d0d8.php (110).
[ 2015-12-13T20:56:19+08:00 ]NOTICE: Illegal string offset 'cname'E:\wamp\www\my_shop\Storage\view\compile\0c28e7150ba5d668f4a1564650d3d0d8.php (110).
[ 2015-12-13T20:56:19+08:00 ]NOTICE: Undefined index: cnameE:\wamp\www\my_shop\Storage\view\compile\0c28e7150ba5d668f4a1564650d3d0d8.php (107).
[ 2015-12-13T20:56:19+08:00 ]NOTICE: Undefined index: cnameE:\wamp\www\my_shop\Storage\view\compile\0c28e7150ba5d668f4a1564650d3d0d8.php (110).
[ 2015-12-13T20:56:19+08:00 ]NOTICE: Undefined index: cnameE:\wamp\www\my_shop\Storage\view\compile\0c28e7150ba5d668f4a1564650d3d0d8.php (110).
[ 2015-12-13T20:56:19+08:00 ]NOTICE: Illegal string offset 'cname'E:\wamp\www\my_shop\Storage\view\compile\0c28e7150ba5d668f4a1564650d3d0d8.php (110).
[ 2015-12-13T20:56:19+08:00 ]NOTICE: Illegal string offset 'cname'E:\wamp\www\my_shop\Storage\view\compile\0c28e7150ba5d668f4a1564650d3d0d8.php (110).
[ 2015-12-13T20:56:19+08:00 ]NOTICE: Illegal string offset 'cname'E:\wamp\www\my_shop\Storage\view\compile\0c28e7150ba5d668f4a1564650d3d0d8.php (110).
[ 2015-12-13T20:56:19+08:00 ]NOTICE: Illegal string offset 'cname'E:\wamp\www\my_shop\Storage\view\compile\0c28e7150ba5d668f4a1564650d3d0d8.php (110).
[ 2015-12-13T20:56:19+08:00 ]NOTICE: Illegal string offset 'cname'E:\wamp\www\my_shop\Storage\view\compile\0c28e7150ba5d668f4a1564650d3d0d8.php (110).
[ 2015-12-13T20:57:03+08:00 ]NOTICE: Undefined index: dataE:\wamp\www\my_shop\Storage\view\compile\0c28e7150ba5d668f4a1564650d3d0d8.php (109).
[ 2015-12-13T20:57:03+08:00 ]NOTICE: Invalid argument supplied for foreach()E:\wamp\www\my_shop\Storage\view\compile\0c28e7150ba5d668f4a1564650d3d0d8.php (109).
[ 2015-12-13T20:57:03+08:00 ]NOTICE: Undefined index: cnameE:\wamp\www\my_shop\Storage\view\compile\0c28e7150ba5d668f4a1564650d3d0d8.php (107).
[ 2015-12-13T20:57:04+08:00 ]NOTICE: Undefined index: dataE:\wamp\www\my_shop\Storage\view\compile\0c28e7150ba5d668f4a1564650d3d0d8.php (109).
[ 2015-12-13T20:57:04+08:00 ]NOTICE: Invalid argument supplied for foreach()E:\wamp\www\my_shop\Storage\view\compile\0c28e7150ba5d668f4a1564650d3d0d8.php (109).
[ 2015-12-13T20:57:04+08:00 ]NOTICE: Undefined index: dataE:\wamp\www\my_shop\Storage\view\compile\0c28e7150ba5d668f4a1564650d3d0d8.php (109).
[ 2015-12-13T20:57:04+08:00 ]NOTICE: Invalid argument supplied for foreach()E:\wamp\www\my_shop\Storage\view\compile\0c28e7150ba5d668f4a1564650d3d0d8.php (109).
[ 2015-12-13T20:57:06+08:00 ]NOTICE: Undefined index: dataE:\wamp\www\my_shop\Storage\view\compile\0c28e7150ba5d668f4a1564650d3d0d8.php (109).
[ 2015-12-13T20:57:06+08:00 ]NOTICE: Invalid argument supplied for foreach()E:\wamp\www\my_shop\Storage\view\compile\0c28e7150ba5d668f4a1564650d3d0d8.php (109).
[ 2015-12-13T20:57:06+08:00 ]NOTICE: Undefined index: cnameE:\wamp\www\my_shop\Storage\view\compile\0c28e7150ba5d668f4a1564650d3d0d8.php (107).
[ 2015-12-13T20:57:06+08:00 ]NOTICE: Undefined index: dataE:\wamp\www\my_shop\Storage\view\compile\0c28e7150ba5d668f4a1564650d3d0d8.php (109).
[ 2015-12-13T20:57:06+08:00 ]NOTICE: Invalid argument supplied for foreach()E:\wamp\www\my_shop\Storage\view\compile\0c28e7150ba5d668f4a1564650d3d0d8.php (109).
[ 2015-12-13T20:57:06+08:00 ]NOTICE: Undefined index: dataE:\wamp\www\my_shop\Storage\view\compile\0c28e7150ba5d668f4a1564650d3d0d8.php (109).
[ 2015-12-13T20:57:06+08:00 ]NOTICE: Invalid argument supplied for foreach()E:\wamp\www\my_shop\Storage\view\compile\0c28e7150ba5d668f4a1564650d3d0d8.php (109).
[ 2015-12-13T20:57:55+08:00 ]NOTICE: Undefined index: cnameE:\wamp\www\my_shop\Storage\view\compile\0c28e7150ba5d668f4a1564650d3d0d8.php (110).
[ 2015-12-13T20:57:55+08:00 ]NOTICE: Undefined index: cnameE:\wamp\www\my_shop\Storage\view\compile\0c28e7150ba5d668f4a1564650d3d0d8.php (110).
[ 2015-12-13T20:57:55+08:00 ]NOTICE: Undefined index: cnameE:\wamp\www\my_shop\Storage\view\compile\0c28e7150ba5d668f4a1564650d3d0d8.php (107).
[ 2015-12-13T20:57:55+08:00 ]NOTICE: Undefined index: cnameE:\wamp\www\my_shop\Storage\view\compile\0c28e7150ba5d668f4a1564650d3d0d8.php (110).
[ 2015-12-13T20:57:55+08:00 ]NOTICE: Undefined index: cnameE:\wamp\www\my_shop\Storage\view\compile\0c28e7150ba5d668f4a1564650d3d0d8.php (110).
[ 2015-12-13T20:57:55+08:00 ]NOTICE: Undefined index: cnameE:\wamp\www\my_shop\Storage\view\compile\0c28e7150ba5d668f4a1564650d3d0d8.php (110).
[ 2015-12-13T20:57:55+08:00 ]NOTICE: Undefined index: cnameE:\wamp\www\my_shop\Storage\view\compile\0c28e7150ba5d668f4a1564650d3d0d8.php (110).
[ 2015-12-13T20:58:37+08:00 ]NOTICE: Undefined index: cnameE:\wamp\www\my_shop\Storage\view\compile\0c28e7150ba5d668f4a1564650d3d0d8.php (107).
[ 2015-12-13T20:58:37+08:00 ]NOTICE: Undefined index: cnameE:\wamp\www\my_shop\Storage\view\compile\0c28e7150ba5d668f4a1564650d3d0d8.php (110).
[ 2015-12-13T20:58:37+08:00 ]NOTICE: Undefined index: cnameE:\wamp\www\my_shop\Storage\view\compile\0c28e7150ba5d668f4a1564650d3d0d8.php (110).
[ 2015-12-13T20:59:03+08:00 ]NOTICE: Illegal string offset 'cname'E:\wamp\www\my_shop\Storage\view\compile\0c28e7150ba5d668f4a1564650d3d0d8.php (110).
[ 2015-12-13T20:59:03+08:00 ]NOTICE: Illegal string offset 'cname'E:\wamp\www\my_shop\Storage\view\compile\0c28e7150ba5d668f4a1564650d3d0d8.php (110).
[ 2015-12-13T20:59:03+08:00 ]NOTICE: Illegal string offset 'cname'E:\wamp\www\my_shop\Storage\view\compile\0c28e7150ba5d668f4a1564650d3d0d8.php (110).
[ 2015-12-13T20:59:03+08:00 ]NOTICE: Illegal string offset 'cname'E:\wamp\www\my_shop\Storage\view\compile\0c28e7150ba5d668f4a1564650d3d0d8.php (110).
[ 2015-12-13T20:59:03+08:00 ]NOTICE: Illegal string offset 'cname'E:\wamp\www\my_shop\Storage\view\compile\0c28e7150ba5d668f4a1564650d3d0d8.php (110).
[ 2015-12-13T20:59:03+08:00 ]NOTICE: Undefined index: cnameE:\wamp\www\my_shop\Storage\view\compile\0c28e7150ba5d668f4a1564650d3d0d8.php (110).
[ 2015-12-13T20:59:39+08:00 ]NOTICE: Undefined index: dataE:\wamp\www\my_shop\Storage\view\compile\0c28e7150ba5d668f4a1564650d3d0d8.php (109).
[ 2015-12-13T20:59:39+08:00 ]NOTICE: Invalid argument supplied for foreach()E:\wamp\www\my_shop\Storage\view\compile\0c28e7150ba5d668f4a1564650d3d0d8.php (109).
[ 2015-12-13T20:59:39+08:00 ]NOTICE: Undefined index: cnameE:\wamp\www\my_shop\Storage\view\compile\0c28e7150ba5d668f4a1564650d3d0d8.php (107).
[ 2015-12-13T20:59:39+08:00 ]NOTICE: Undefined index: dataE:\wamp\www\my_shop\Storage\view\compile\0c28e7150ba5d668f4a1564650d3d0d8.php (109).
[ 2015-12-13T20:59:39+08:00 ]NOTICE: Invalid argument supplied for foreach()E:\wamp\www\my_shop\Storage\view\compile\0c28e7150ba5d668f4a1564650d3d0d8.php (109).
[ 2015-12-13T20:59:39+08:00 ]NOTICE: Undefined index: dataE:\wamp\www\my_shop\Storage\view\compile\0c28e7150ba5d668f4a1564650d3d0d8.php (109).
[ 2015-12-13T20:59:39+08:00 ]NOTICE: Invalid argument supplied for foreach()E:\wamp\www\my_shop\Storage\view\compile\0c28e7150ba5d668f4a1564650d3d0d8.php (109).
[ 2015-12-13T20:59:39+08:00 ]NOTICE: Undefined index: cnameE:\wamp\www\my_shop\Storage\view\compile\0c28e7150ba5d668f4a1564650d3d0d8.php (107).
[ 2015-12-13T20:59:39+08:00 ]NOTICE: Undefined index: dataE:\wamp\www\my_shop\Storage\view\compile\0c28e7150ba5d668f4a1564650d3d0d8.php (109).
[ 2015-12-13T20:59:39+08:00 ]NOTICE: Invalid argument supplied for foreach()E:\wamp\www\my_shop\Storage\view\compile\0c28e7150ba5d668f4a1564650d3d0d8.php (109).
[ 2015-12-13T21:03:18+08:00 ]NOTICE: Undefined index: dataE:\wamp\www\my_shop\Storage\view\compile\0c28e7150ba5d668f4a1564650d3d0d8.php (109).
[ 2015-12-13T21:03:18+08:00 ]NOTICE: Invalid argument supplied for foreach()E:\wamp\www\my_shop\Storage\view\compile\0c28e7150ba5d668f4a1564650d3d0d8.php (109).
[ 2015-12-13T21:03:18+08:00 ]NOTICE: Undefined index: dataE:\wamp\www\my_shop\Storage\view\compile\0c28e7150ba5d668f4a1564650d3d0d8.php (109).
[ 2015-12-13T21:03:18+08:00 ]NOTICE: Invalid argument supplied for foreach()E:\wamp\www\my_shop\Storage\view\compile\0c28e7150ba5d668f4a1564650d3d0d8.php (109).
[ 2015-12-13T21:06:35+08:00 ]NOTICE: Undefined index: cidE:\wamp\www\my_shop\App\Home\Controller\IndexController.php (25).
[ 2015-12-13T21:06:35+08:00 ]NOTICE: Undefined index: cidE:\wamp\www\my_shop\App\Home\Controller\IndexController.php (25).
[ 2015-12-13T21:06:35+08:00 ]NOTICE: Undefined index: cidE:\wamp\www\my_shop\App\Home\Controller\IndexController.php (25).
[ 2015-12-13T21:06:35+08:00 ]NOTICE: Undefined index: cidE:\wamp\www\my_shop\App\Home\Controller\IndexController.php (25).
[ 2015-12-13T21:06:35+08:00 ]NOTICE: Undefined index: cidE:\wamp\www\my_shop\App\Home\Controller\IndexController.php (25).
[ 2015-12-13T21:06:35+08:00 ]NOTICE: Undefined index: cidE:\wamp\www\my_shop\App\Home\Controller\IndexController.php (25).
[ 2015-12-13T21:06:35+08:00 ]NOTICE: Undefined index: cidE:\wamp\www\my_shop\App\Home\Controller\IndexController.php (25).
[ 2015-12-13T21:06:35+08:00 ]NOTICE: Undefined index: cidE:\wamp\www\my_shop\App\Home\Controller\IndexController.php (25).
[ 2015-12-13T21:06:35+08:00 ]NOTICE: Undefined index: cidE:\wamp\www\my_shop\App\Home\Controller\IndexController.php (25).
[ 2015-12-13T21:06:35+08:00 ]NOTICE: Undefined index: cidE:\wamp\www\my_shop\App\Home\Controller\IndexController.php (25).
[ 2015-12-13T21:06:35+08:00 ]NOTICE: Undefined index: cidE:\wamp\www\my_shop\App\Home\Controller\IndexController.php (25).
[ 2015-12-13T21:06:35+08:00 ]NOTICE: Undefined index: cidE:\wamp\www\my_shop\App\Home\Controller\IndexController.php (25).
[ 2015-12-13T21:06:35+08:00 ]NOTICE: Undefined index: cidE:\wamp\www\my_shop\App\Home\Controller\IndexController.php (25).
[ 2015-12-13T21:06:35+08:00 ]NOTICE: Undefined index: cidE:\wamp\www\my_shop\App\Home\Controller\IndexController.php (25).
[ 2015-12-13T21:06:35+08:00 ]NOTICE: Undefined index: dataE:\wamp\www\my_shop\Storage\view\compile\0c28e7150ba5d668f4a1564650d3d0d8.php (109).
[ 2015-12-13T21:06:35+08:00 ]NOTICE: Invalid argument supplied for foreach()E:\wamp\www\my_shop\Storage\view\compile\0c28e7150ba5d668f4a1564650d3d0d8.php (109).
[ 2015-12-13T21:06:35+08:00 ]NOTICE: Undefined index: dataE:\wamp\www\my_shop\Storage\view\compile\0c28e7150ba5d668f4a1564650d3d0d8.php (109).
[ 2015-12-13T21:06:35+08:00 ]NOTICE: Invalid argument supplied for foreach()E:\wamp\www\my_shop\Storage\view\compile\0c28e7150ba5d668f4a1564650d3d0d8.php (109).
[ 2015-12-13T21:06:47+08:00 ]NOTICE: Undefined index: cidE:\wamp\www\my_shop\App\Home\Controller\IndexController.php (25).
[ 2015-12-13T21:06:47+08:00 ]NOTICE: Undefined index: cidE:\wamp\www\my_shop\App\Home\Controller\IndexController.php (25).
[ 2015-12-13T21:06:47+08:00 ]NOTICE: Undefined index: cidE:\wamp\www\my_shop\App\Home\Controller\IndexController.php (25).
[ 2015-12-13T21:06:47+08:00 ]NOTICE: Undefined index: cidE:\wamp\www\my_shop\App\Home\Controller\IndexController.php (25).
[ 2015-12-13T21:06:47+08:00 ]NOTICE: Undefined index: cidE:\wamp\www\my_shop\App\Home\Controller\IndexController.php (25).
[ 2015-12-13T21:06:47+08:00 ]NOTICE: Undefined index: cidE:\wamp\www\my_shop\App\Home\Controller\IndexController.php (25).
[ 2015-12-13T21:06:47+08:00 ]NOTICE: Undefined index: cidE:\wamp\www\my_shop\App\Home\Controller\IndexController.php (25).
[ 2015-12-13T21:06:47+08:00 ]NOTICE: Undefined index: cidE:\wamp\www\my_shop\App\Home\Controller\IndexController.php (25).
[ 2015-12-13T21:06:47+08:00 ]NOTICE: Undefined index: cidE:\wamp\www\my_shop\App\Home\Controller\IndexController.php (25).
[ 2015-12-13T21:06:47+08:00 ]NOTICE: Undefined index: cidE:\wamp\www\my_shop\App\Home\Controller\IndexController.php (25).
[ 2015-12-13T21:06:47+08:00 ]NOTICE: Undefined index: cidE:\wamp\www\my_shop\App\Home\Controller\IndexController.php (25).
[ 2015-12-13T21:06:47+08:00 ]NOTICE: Undefined index: cidE:\wamp\www\my_shop\App\Home\Controller\IndexController.php (25).
[ 2015-12-13T21:06:47+08:00 ]NOTICE: Undefined index: cidE:\wamp\www\my_shop\App\Home\Controller\IndexController.php (25).
[ 2015-12-13T21:06:47+08:00 ]NOTICE: Undefined index: cidE:\wamp\www\my_shop\App\Home\Controller\IndexController.php (25).
[ 2015-12-13T21:06:47+08:00 ]NOTICE: Undefined index: dataE:\wamp\www\my_shop\Storage\view\compile\0c28e7150ba5d668f4a1564650d3d0d8.php (109).
[ 2015-12-13T21:06:47+08:00 ]NOTICE: Invalid argument supplied for foreach()E:\wamp\www\my_shop\Storage\view\compile\0c28e7150ba5d668f4a1564650d3d0d8.php (109).
[ 2015-12-13T21:06:47+08:00 ]NOTICE: Undefined index: dataE:\wamp\www\my_shop\Storage\view\compile\0c28e7150ba5d668f4a1564650d3d0d8.php (109).
[ 2015-12-13T21:06:47+08:00 ]NOTICE: Invalid argument supplied for foreach()E:\wamp\www\my_shop\Storage\view\compile\0c28e7150ba5d668f4a1564650d3d0d8.php (109).
[ 2015-12-13T21:06:57+08:00 ]NOTICE: Undefined index: dataE:\wamp\www\my_shop\Storage\view\compile\0c28e7150ba5d668f4a1564650d3d0d8.php (109).
[ 2015-12-13T21:06:57+08:00 ]NOTICE: Invalid argument supplied for foreach()E:\wamp\www\my_shop\Storage\view\compile\0c28e7150ba5d668f4a1564650d3d0d8.php (109).
[ 2015-12-13T21:06:57+08:00 ]NOTICE: Undefined index: dataE:\wamp\www\my_shop\Storage\view\compile\0c28e7150ba5d668f4a1564650d3d0d8.php (109).
[ 2015-12-13T21:06:57+08:00 ]NOTICE: Invalid argument supplied for foreach()E:\wamp\www\my_shop\Storage\view\compile\0c28e7150ba5d668f4a1564650d3d0d8.php (109).
[ 2015-12-13T21:08:01+08:00 ]NOTICE: Undefined index: cidE:\wamp\www\my_shop\App\Home\Controller\IndexController.php (25).
[ 2015-12-13T21:08:01+08:00 ]NOTICE: Undefined index: cidE:\wamp\www\my_shop\App\Home\Controller\IndexController.php (25).
[ 2015-12-13T21:08:01+08:00 ]NOTICE: Undefined index: cidE:\wamp\www\my_shop\App\Home\Controller\IndexController.php (25).
[ 2015-12-13T21:08:01+08:00 ]NOTICE: Undefined index: cidE:\wamp\www\my_shop\App\Home\Controller\IndexController.php (25).
[ 2015-12-13T21:08:01+08:00 ]NOTICE: Undefined index: cidE:\wamp\www\my_shop\App\Home\Controller\IndexController.php (25).
[ 2015-12-13T21:08:01+08:00 ]NOTICE: Undefined index: cidE:\wamp\www\my_shop\App\Home\Controller\IndexController.php (25).
[ 2015-12-13T21:08:01+08:00 ]NOTICE: Undefined index: cidE:\wamp\www\my_shop\App\Home\Controller\IndexController.php (25).
[ 2015-12-13T21:08:01+08:00 ]NOTICE: Undefined index: cidE:\wamp\www\my_shop\App\Home\Controller\IndexController.php (25).
[ 2015-12-13T21:08:01+08:00 ]NOTICE: Undefined index: cidE:\wamp\www\my_shop\App\Home\Controller\IndexController.php (25).
[ 2015-12-13T21:08:01+08:00 ]NOTICE: Undefined index: cidE:\wamp\www\my_shop\App\Home\Controller\IndexController.php (25).
[ 2015-12-13T21:08:01+08:00 ]NOTICE: Undefined index: cidE:\wamp\www\my_shop\App\Home\Controller\IndexController.php (25).
[ 2015-12-13T21:08:01+08:00 ]NOTICE: Undefined index: cidE:\wamp\www\my_shop\App\Home\Controller\IndexController.php (25).
[ 2015-12-13T21:08:01+08:00 ]NOTICE: Undefined index: cidE:\wamp\www\my_shop\App\Home\Controller\IndexController.php (25).
[ 2015-12-13T21:08:01+08:00 ]NOTICE: Undefined index: cidE:\wamp\www\my_shop\App\Home\Controller\IndexController.php (25).
[ 2015-12-13T21:08:01+08:00 ]NOTICE: Undefined index: dataE:\wamp\www\my_shop\Storage\view\compile\0c28e7150ba5d668f4a1564650d3d0d8.php (109).
[ 2015-12-13T21:08:01+08:00 ]NOTICE: Invalid argument supplied for foreach()E:\wamp\www\my_shop\Storage\view\compile\0c28e7150ba5d668f4a1564650d3d0d8.php (109).
[ 2015-12-13T21:08:01+08:00 ]NOTICE: Undefined index: dataE:\wamp\www\my_shop\Storage\view\compile\0c28e7150ba5d668f4a1564650d3d0d8.php (109).
[ 2015-12-13T21:08:01+08:00 ]NOTICE: Invalid argument supplied for foreach()E:\wamp\www\my_shop\Storage\view\compile\0c28e7150ba5d668f4a1564650d3d0d8.php (109).
[ 2015-12-13T21:09:53+08:00 ]NOTICE: Undefined index: cidE:\wamp\www\my_shop\App\Home\Controller\IndexController.php (28).
[ 2015-12-13T21:09:53+08:00 ]NOTICE: Undefined index: cidE:\wamp\www\my_shop\App\Home\Controller\IndexController.php (28).
[ 2015-12-13T21:09:53+08:00 ]NOTICE: Undefined index: cidE:\wamp\www\my_shop\App\Home\Controller\IndexController.php (28).
[ 2015-12-13T21:09:53+08:00 ]NOTICE: Undefined index: cidE:\wamp\www\my_shop\App\Home\Controller\IndexController.php (28).
[ 2015-12-13T21:09:53+08:00 ]NOTICE: Undefined index: cidE:\wamp\www\my_shop\App\Home\Controller\IndexController.php (28).
[ 2015-12-13T21:09:53+08:00 ]NOTICE: Undefined index: cidE:\wamp\www\my_shop\App\Home\Controller\IndexController.php (28).
[ 2015-12-13T21:09:53+08:00 ]NOTICE: Undefined index: cidE:\wamp\www\my_shop\App\Home\Controller\IndexController.php (28).
[ 2015-12-13T21:09:53+08:00 ]NOTICE: Undefined index: dataE:\wamp\www\my_shop\Storage\view\compile\0c28e7150ba5d668f4a1564650d3d0d8.php (109).
[ 2015-12-13T21:09:53+08:00 ]NOTICE: Invalid argument supplied for foreach()E:\wamp\www\my_shop\Storage\view\compile\0c28e7150ba5d668f4a1564650d3d0d8.php (109).
[ 2015-12-13T21:09:53+08:00 ]NOTICE: Undefined index: dataE:\wamp\www\my_shop\Storage\view\compile\0c28e7150ba5d668f4a1564650d3d0d8.php (109).
[ 2015-12-13T21:09:53+08:00 ]NOTICE: Invalid argument supplied for foreach()E:\wamp\www\my_shop\Storage\view\compile\0c28e7150ba5d668f4a1564650d3d0d8.php (109).
[ 2015-12-13T21:10:22+08:00 ]NOTICE: Undefined index: dataE:\wamp\www\my_shop\Storage\view\compile\0c28e7150ba5d668f4a1564650d3d0d8.php (109).
[ 2015-12-13T21:10:22+08:00 ]NOTICE: Invalid argument supplied for foreach()E:\wamp\www\my_shop\Storage\view\compile\0c28e7150ba5d668f4a1564650d3d0d8.php (109).
[ 2015-12-13T21:10:22+08:00 ]NOTICE: Undefined index: dataE:\wamp\www\my_shop\Storage\view\compile\0c28e7150ba5d668f4a1564650d3d0d8.php (109).
[ 2015-12-13T21:10:22+08:00 ]NOTICE: Invalid argument supplied for foreach()E:\wamp\www\my_shop\Storage\view\compile\0c28e7150ba5d668f4a1564650d3d0d8.php (109).
[ 2015-12-13T21:10:22+08:00 ]NOTICE: Undefined index: dataE:\wamp\www\my_shop\Storage\view\compile\0c28e7150ba5d668f4a1564650d3d0d8.php (109).
[ 2015-12-13T21:10:22+08:00 ]NOTICE: Invalid argument supplied for foreach()E:\wamp\www\my_shop\Storage\view\compile\0c28e7150ba5d668f4a1564650d3d0d8.php (109).
[ 2015-12-13T21:10:52+08:00 ]NOTICE: Undefined index: dataE:\wamp\www\my_shop\Storage\view\compile\0c28e7150ba5d668f4a1564650d3d0d8.php (109).
[ 2015-12-13T21:10:52+08:00 ]NOTICE: Invalid argument supplied for foreach()E:\wamp\www\my_shop\Storage\view\compile\0c28e7150ba5d668f4a1564650d3d0d8.php (109).
[ 2015-12-13T21:10:52+08:00 ]NOTICE: Undefined index: dataE:\wamp\www\my_shop\Storage\view\compile\0c28e7150ba5d668f4a1564650d3d0d8.php (109).
[ 2015-12-13T21:10:52+08:00 ]NOTICE: Invalid argument supplied for foreach()E:\wamp\www\my_shop\Storage\view\compile\0c28e7150ba5d668f4a1564650d3d0d8.php (109).
[ 2015-12-13T21:10:52+08:00 ]NOTICE: Undefined index: dataE:\wamp\www\my_shop\Storage\view\compile\0c28e7150ba5d668f4a1564650d3d0d8.php (109).
[ 2015-12-13T21:10:52+08:00 ]NOTICE: Invalid argument supplied for foreach()E:\wamp\www\my_shop\Storage\view\compile\0c28e7150ba5d668f4a1564650d3d0d8.php (109).
[ 2015-12-13T21:10:54+08:00 ]NOTICE: Undefined index: dataE:\wamp\www\my_shop\Storage\view\compile\0c28e7150ba5d668f4a1564650d3d0d8.php (109).
[ 2015-12-13T21:10:54+08:00 ]NOTICE: Invalid argument supplied for foreach()E:\wamp\www\my_shop\Storage\view\compile\0c28e7150ba5d668f4a1564650d3d0d8.php (109).
[ 2015-12-13T21:10:54+08:00 ]NOTICE: Undefined index: dataE:\wamp\www\my_shop\Storage\view\compile\0c28e7150ba5d668f4a1564650d3d0d8.php (109).
[ 2015-12-13T21:10:54+08:00 ]NOTICE: Invalid argument supplied for foreach()E:\wamp\www\my_shop\Storage\view\compile\0c28e7150ba5d668f4a1564650d3d0d8.php (109).
[ 2015-12-13T21:10:54+08:00 ]NOTICE: Undefined index: dataE:\wamp\www\my_shop\Storage\view\compile\0c28e7150ba5d668f4a1564650d3d0d8.php (109).
[ 2015-12-13T21:10:54+08:00 ]NOTICE: Invalid argument supplied for foreach()E:\wamp\www\my_shop\Storage\view\compile\0c28e7150ba5d668f4a1564650d3d0d8.php (109).
[ 2015-12-13T21:13:55+08:00 ]NOTICE: Undefined index: dataE:\wamp\www\my_shop\Storage\view\compile\0c28e7150ba5d668f4a1564650d3d0d8.php (109).
[ 2015-12-13T21:13:55+08:00 ]NOTICE: Invalid argument supplied for foreach()E:\wamp\www\my_shop\Storage\view\compile\0c28e7150ba5d668f4a1564650d3d0d8.php (109).
[ 2015-12-13T21:13:55+08:00 ]NOTICE: Undefined index: dataE:\wamp\www\my_shop\Storage\view\compile\0c28e7150ba5d668f4a1564650d3d0d8.php (109).
[ 2015-12-13T21:13:55+08:00 ]NOTICE: Invalid argument supplied for foreach()E:\wamp\www\my_shop\Storage\view\compile\0c28e7150ba5d668f4a1564650d3d0d8.php (109).
[ 2015-12-13T21:14:01+08:00 ]NOTICE: Undefined index: dataE:\wamp\www\my_shop\Storage\view\compile\0c28e7150ba5d668f4a1564650d3d0d8.php (109).
[ 2015-12-13T21:14:01+08:00 ]NOTICE: Invalid argument supplied for foreach()E:\wamp\www\my_shop\Storage\view\compile\0c28e7150ba5d668f4a1564650d3d0d8.php (109).
[ 2015-12-13T21:14:01+08:00 ]NOTICE: Undefined index: dataE:\wamp\www\my_shop\Storage\view\compile\0c28e7150ba5d668f4a1564650d3d0d8.php (109).
[ 2015-12-13T21:14:01+08:00 ]NOTICE: Invalid argument supplied for foreach()E:\wamp\www\my_shop\Storage\view\compile\0c28e7150ba5d668f4a1564650d3d0d8.php (109).
[ 2015-12-13T21:18:56+08:00 ]NOTICE: implode(): Invalid arguments passedE:\wamp\www\my_shop\App\Home\Controller\ListController.php (26).
[ 2015-12-13T21:18:56+08:00 ]EXCEPTION: SELECT  *  FROM goods WHERE gid in() ;BindParams:array (
)42000;1064;You have an error in your SQL syntax; check the manual that corresponds to your MySQL server version for the right syntax to use near ')' at line 1
[ 2015-12-13T21:19:04+08:00 ]NOTICE: implode(): Invalid arguments passedE:\wamp\www\my_shop\App\Home\Controller\ListController.php (26).
[ 2015-12-13T21:19:04+08:00 ]EXCEPTION: SELECT  *  FROM goods WHERE gid in() ;BindParams:array (
)42000;1064;You have an error in your SQL syntax; check the manual that corresponds to your MySQL server version for the right syntax to use near ')' at line 1
