[ 2015-12-14T10:26:05+08:00 ]NOTICE: Undefined index: uidE:\wamp\www\my_shop\App\Home\Controller\UserController.php (16).
[ 2015-12-14T10:26:05+08:00 ]EXCEPTION: SELECT  *  FROM orders WHERE uid= ;BindParams:array (
)42000;1064;You have an error in your SQL syntax; check the manual that corresponds to your MySQL server version for the right syntax to use near '' at line 1
[ 2015-12-14T11:02:16+08:00 ]NOTICE: Undefined index: fromE:\wamp\www\my_shop\Hdphp\View\HdphpTag.php (134).
[ 2015-12-14T11:41:10+08:00 ]EXCEPTION: SELECT  *  FROM goods_list WHERE combine=43,46 LIMIT 1 ;BindParams:array (
)42000;1064;You have an error in your SQL syntax; check the manual that corresponds to your MySQL server version for the right syntax to use near '46 LIMIT 1' at line 1
[ 2015-12-14T14:17:58+08:00 ]NOTICE: implode(): Invalid arguments passedE:\wamp\www\my_shop\App\Home\Controller\ListController.php (26).
[ 2015-12-14T14:17:58+08:00 ]EXCEPTION: SELECT  *  FROM goods WHERE gid in() ;BindParams:array (
)42000;1064;You have an error in your SQL syntax; check the manual that corresponds to your MySQL server version for the right syntax to use near ')' at line 1
[ 2015-12-14T14:25:29+08:00 ]NOTICE: implode(): Invalid arguments passedE:\wamp\www\my_shop\App\Home\Controller\ListController.php (26).
[ 2015-12-14T14:25:29+08:00 ]EXCEPTION: SELECT  *  FROM goods WHERE gid in() ;BindParams:array (
)42000;1064;You have an error in your SQL syntax; check the manual that corresponds to your MySQL server version for the right syntax to use near ')' at line 1
[ 2015-12-14T15:10:15+08:00 ]NOTICE: Undefined offset: 4E:\wamp\www\my_shop\Storage\view\compile\9c5abaaa6f02cf73c9209d43230d6294.php (132).
[ 2015-12-14T15:10:15+08:00 ]NOTICE: Undefined offset: 4E:\wamp\www\my_shop\Storage\view\compile\9c5abaaa6f02cf73c9209d43230d6294.php (139).
[ 2015-12-14T15:10:15+08:00 ]NOTICE: Undefined offset: 4E:\wamp\www\my_shop\Storage\view\compile\9c5abaaa6f02cf73c9209d43230d6294.php (139).
[ 2015-12-14T15:10:15+08:00 ]NOTICE: Undefined offset: 4E:\wamp\www\my_shop\Storage\view\compile\9c5abaaa6f02cf73c9209d43230d6294.php (139).
[ 2015-12-14T15:10:15+08:00 ]NOTICE: Undefined offset: 4E:\wamp\www\my_shop\Storage\view\compile\9c5abaaa6f02cf73c9209d43230d6294.php (139).
[ 2015-12-14T15:19:38+08:00 ]NOTICE: Undefined offset: 4E:\wamp\www\my_shop\Storage\view\compile\9c5abaaa6f02cf73c9209d43230d6294.php (132).
[ 2015-12-14T15:19:38+08:00 ]NOTICE: Undefined offset: 4E:\wamp\www\my_shop\Storage\view\compile\9c5abaaa6f02cf73c9209d43230d6294.php (139).
[ 2015-12-14T15:19:38+08:00 ]NOTICE: Undefined offset: 4E:\wamp\www\my_shop\Storage\view\compile\9c5abaaa6f02cf73c9209d43230d6294.php (139).
[ 2015-12-14T15:19:38+08:00 ]NOTICE: Undefined offset: 4E:\wamp\www\my_shop\Storage\view\compile\9c5abaaa6f02cf73c9209d43230d6294.php (139).
[ 2015-12-14T15:19:56+08:00 ]NOTICE: array_intersect(): Argument #1 is not an arrayE:\wamp\www\my_shop\App\Home\Controller\ListController.php (137).
[ 2015-12-14T15:19:56+08:00 ]NOTICE: array_intersect(): Argument #1 is not an arrayE:\wamp\www\my_shop\App\Home\Controller\ListController.php (140).
[ 2015-12-14T15:19:56+08:00 ]NOTICE: Undefined offset: 4E:\wamp\www\my_shop\Storage\view\compile\9c5abaaa6f02cf73c9209d43230d6294.php (132).
[ 2015-12-14T15:19:56+08:00 ]NOTICE: Undefined offset: 4E:\wamp\www\my_shop\Storage\view\compile\9c5abaaa6f02cf73c9209d43230d6294.php (139).
[ 2015-12-14T15:19:56+08:00 ]NOTICE: Undefined offset: 4E:\wamp\www\my_shop\Storage\view\compile\9c5abaaa6f02cf73c9209d43230d6294.php (139).
[ 2015-12-14T15:19:56+08:00 ]NOTICE: Undefined offset: 4E:\wamp\www\my_shop\Storage\view\compile\9c5abaaa6f02cf73c9209d43230d6294.php (139).
[ 2015-12-14T15:20:00+08:00 ]NOTICE: array_intersect(): Argument #1 is not an arrayE:\wamp\www\my_shop\App\Home\Controller\ListController.php (137).
[ 2015-12-14T15:20:00+08:00 ]NOTICE: array_intersect(): Argument #1 is not an arrayE:\wamp\www\my_shop\App\Home\Controller\ListController.php (137).
[ 2015-12-14T15:20:00+08:00 ]NOTICE: array_intersect(): Argument #1 is not an arrayE:\wamp\www\my_shop\App\Home\Controller\ListController.php (140).
[ 2015-12-14T15:20:00+08:00 ]NOTICE: Undefined offset: 4E:\wamp\www\my_shop\Storage\view\compile\9c5abaaa6f02cf73c9209d43230d6294.php (132).
[ 2015-12-14T15:20:00+08:00 ]NOTICE: Undefined offset: 4E:\wamp\www\my_shop\Storage\view\compile\9c5abaaa6f02cf73c9209d43230d6294.php (139).
[ 2015-12-14T15:20:00+08:00 ]NOTICE: Undefined offset: 4E:\wamp\www\my_shop\Storage\view\compile\9c5abaaa6f02cf73c9209d43230d6294.php (139).
[ 2015-12-14T15:20:00+08:00 ]NOTICE: Undefined offset: 4E:\wamp\www\my_shop\Storage\view\compile\9c5abaaa6f02cf73c9209d43230d6294.php (139).
[ 2015-12-14T15:36:28+08:00 ]NOTICE: implode(): Invalid arguments passedE:\wamp\www\my_shop\App\Home\Controller\ListController.php (26).
[ 2015-12-14T15:36:28+08:00 ]EXCEPTION: SELECT  *  FROM goods WHERE gid in() ;BindParams:array (
)42000;1064;You have an error in your SQL syntax; check the manual that corresponds to your MySQL server version for the right syntax to use near ')' at line 1
[ 2015-12-14T17:02:14+08:00 ]NOTICE: implode(): Invalid arguments passedE:\wamp\www\my_shop\App\Home\Controller\ListController.php (26).
[ 2015-12-14T17:02:14+08:00 ]EXCEPTION: SELECT  *  FROM goods WHERE gid in() ;BindParams:array (
)42000;1064;You have an error in your SQL syntax; check the manual that corresponds to your MySQL server version for the right syntax to use near ')' at line 1
[ 2015-12-14T17:03:41+08:00 ]NOTICE: implode(): Invalid arguments passedE:\wamp\www\my_shop\App\Home\Controller\ListController.php (26).
[ 2015-12-14T17:03:41+08:00 ]EXCEPTION: SELECT  *  FROM goods WHERE gid in() ;BindParams:array (
)42000;1064;You have an error in your SQL syntax; check the manual that corresponds to your MySQL server version for the right syntax to use near ')' at line 1
[ 2015-12-14T19:28:44+08:00 ]NOTICE: Undefined index: specE:\wamp\www\my_shop\App\Home\Controller\CartController.php (58).
[ 2015-12-14T19:28:44+08:00 ]NOTICE: implode(): Invalid arguments passedE:\wamp\www\my_shop\App\Home\Controller\CartController.php (58).
[ 2015-12-14T19:28:44+08:00 ]EXCEPTION: SELECT  *  FROM goods_list WHERE combine in() LIMIT 1 ;BindParams:array (
)42000;1064;You have an error in your SQL syntax; check the manual that corresponds to your MySQL server version for the right syntax to use near ') LIMIT 1' at line 1
[ 2015-12-14T19:28:48+08:00 ]NOTICE: Undefined index: specE:\wamp\www\my_shop\App\Home\Controller\CartController.php (58).
[ 2015-12-14T19:28:48+08:00 ]NOTICE: implode(): Invalid arguments passedE:\wamp\www\my_shop\App\Home\Controller\CartController.php (58).
[ 2015-12-14T19:28:48+08:00 ]EXCEPTION: SELECT  *  FROM goods_list WHERE combine in() LIMIT 1 ;BindParams:array (
)42000;1064;You have an error in your SQL syntax; check the manual that corresponds to your MySQL server version for the right syntax to use near ') LIMIT 1' at line 1
[ 2015-12-14T19:51:21+08:00 ]NOTICE: Undefined index: specE:\wamp\www\my_shop\App\Home\Controller\CartController.php (58).
[ 2015-12-14T19:51:21+08:00 ]NOTICE: implode(): Invalid arguments passedE:\wamp\www\my_shop\App\Home\Controller\CartController.php (58).
[ 2015-12-14T19:51:21+08:00 ]EXCEPTION: SELECT  *  FROM goods_list WHERE combine in() LIMIT 1 ;BindParams:array (
)42000;1064;You have an error in your SQL syntax; check the manual that corresponds to your MySQL server version for the right syntax to use near ') LIMIT 1' at line 1
[ 2015-12-14T19:52:12+08:00 ]NOTICE: Undefined index: HTTP_REFRESHE:\wamp\www\my_shop\App\Home\Controller\LoginController.php (18).
[ 2015-12-14T19:52:14+08:00 ]NOTICE: Undefined index: HTTP_REFRESHE:\wamp\www\my_shop\App\Home\Controller\LoginController.php (18).
[ 2015-12-14T19:52:35+08:00 ]NOTICE: Undefined index: HTTP_REFRESHE:\wamp\www\my_shop\App\Home\Controller\LoginController.php (18).
[ 2015-12-14T19:52:56+08:00 ]NOTICE: Undefined index: HTTP_REFRESHE:\wamp\www\my_shop\App\Home\Controller\LoginController.php (18).
[ 2015-12-14T19:53:15+08:00 ]NOTICE: Undefined index: HTTP_REFRESHE:\wamp\www\my_shop\App\Home\Controller\LoginController.php (18).
[ 2015-12-14T20:06:37+08:00 ]NOTICE: Use of undefined constant HTTP_REFERER - assumed 'HTTP_REFERER'E:\wamp\www\my_shop\App\Home\Controller\LoginController.php (16).
[ 2015-12-14T21:31:21+08:00 ]EXCEPTION: Method Home\Controller\IndexController::wel() does not exist
[ 2015-12-14T21:40:53+08:00 ]NOTICE: Undefined variable: totalE:\wamp\www\my_shop\App\Admin\Controller\GoodsController.php (24).
