[ 2015-12-21T08:48:34+08:00 ]NOTICE: Undefined variable: specE:\wamp\www\DS_SHOP\my_shop\Storage\view\compile\1a9e01799fddf280d38ee7c98c8d2ae2.php (302).
[ 2015-12-21T08:49:18+08:00 ]NOTICE: Undefined variable: specE:\wamp\www\DS_SHOP\my_shop\Storage\view\compile\1a9e01799fddf280d38ee7c98c8d2ae2.php (301).
[ 2015-12-21T08:49:20+08:00 ]NOTICE: Undefined variable: specE:\wamp\www\DS_SHOP\my_shop\Storage\view\compile\1a9e01799fddf280d38ee7c98c8d2ae2.php (301).
[ 2015-12-21T08:49:21+08:00 ]NOTICE: Undefined variable: specE:\wamp\www\DS_SHOP\my_shop\Storage\view\compile\1a9e01799fddf280d38ee7c98c8d2ae2.php (301).
[ 2015-12-21T08:52:35+08:00 ]NOTICE: Undefined variable: specE:\wamp\www\DS_SHOP\my_shop\Storage\view\compile\1a9e01799fddf280d38ee7c98c8d2ae2.php (302).
[ 2015-12-21T08:52:36+08:00 ]NOTICE: Undefined variable: specE:\wamp\www\DS_SHOP\my_shop\Storage\view\compile\1a9e01799fddf280d38ee7c98c8d2ae2.php (302).
[ 2015-12-21T08:52:54+08:00 ]NOTICE: Undefined variable: specE:\wamp\www\DS_SHOP\my_shop\Storage\view\compile\1a9e01799fddf280d38ee7c98c8d2ae2.php (302).
[ 2015-12-21T08:52:55+08:00 ]NOTICE: Undefined variable: specE:\wamp\www\DS_SHOP\my_shop\Storage\view\compile\1a9e01799fddf280d38ee7c98c8d2ae2.php (302).
[ 2015-12-21T08:52:58+08:00 ]NOTICE: Undefined variable: specE:\wamp\www\DS_SHOP\my_shop\Storage\view\compile\1a9e01799fddf280d38ee7c98c8d2ae2.php (302).
[ 2015-12-21T08:54:04+08:00 ]NOTICE: Undefined variable: specE:\wamp\www\DS_SHOP\my_shop\App\Home\Controller\GoodsController.php (61).
[ 2015-12-21T08:54:56+08:00 ]NOTICE: Undefined variable: specE:\wamp\www\DS_SHOP\my_shop\App\Home\Controller\GoodsController.php (58).
[ 2015-12-21T08:58:52+08:00 ]NOTICE: Undefined index: specE:\wamp\www\DS_SHOP\my_shop\App\Home\Controller\CartController.php (58).
[ 2015-12-21T08:58:52+08:00 ]NOTICE: implode(): Invalid arguments passedE:\wamp\www\DS_SHOP\my_shop\App\Home\Controller\CartController.php (58).
[ 2015-12-21T08:58:52+08:00 ]EXCEPTION: SELECT  *  FROM goods_list WHERE combine in() LIMIT 1 ;BindParams:array (
)42000;1064;You have an error in your SQL syntax; check the manual that corresponds to your MySQL server version for the right syntax to use near ') LIMIT 1' at line 1
[ 2015-12-21T09:25:01+08:00 ]NOTICE: Undefined index: specE:\wamp\www\DS_SHOP\my_shop\App\Home\Controller\CartController.php (61).
[ 2015-12-21T09:27:28+08:00 ]NOTICE: Undefined index: specE:\wamp\www\DS_SHOP\my_shop\App\Home\Controller\CartController.php (61).
[ 2015-12-21T09:27:41+08:00 ]NOTICE: Undefined index: specE:\wamp\www\DS_SHOP\my_shop\App\Home\Controller\CartController.php (61).
[ 2015-12-21T09:27:43+08:00 ]NOTICE: Undefined index: specE:\wamp\www\DS_SHOP\my_shop\App\Home\Controller\CartController.php (61).
[ 2015-12-21T09:28:17+08:00 ]NOTICE: Undefined index: specE:\wamp\www\DS_SHOP\my_shop\App\Home\Controller\CartController.php (61).
[ 2015-12-21T09:28:19+08:00 ]NOTICE: Undefined index: specE:\wamp\www\DS_SHOP\my_shop\App\Home\Controller\CartController.php (61).
[ 2015-12-21T09:28:20+08:00 ]NOTICE: Undefined index: specE:\wamp\www\DS_SHOP\my_shop\App\Home\Controller\CartController.php (61).
[ 2015-12-21T09:38:47+08:00 ]NOTICE: Undefined index: specE:\wamp\www\DS_SHOP\my_shop\App\Home\Controller\CartController.php (61).
[ 2015-12-21T09:39:11+08:00 ]NOTICE: Undefined index: specE:\wamp\www\DS_SHOP\my_shop\App\Home\Controller\CartController.php (61).
[ 2015-12-21T09:42:59+08:00 ]NOTICE: Undefined index: specE:\wamp\www\DS_SHOP\my_shop\App\Home\Controller\CartController.php (61).
[ 2015-12-21T09:43:01+08:00 ]NOTICE: Undefined index: specE:\wamp\www\DS_SHOP\my_shop\App\Home\Controller\CartController.php (61).
[ 2015-12-21T09:43:05+08:00 ]NOTICE: Undefined index: specE:\wamp\www\DS_SHOP\my_shop\App\Home\Controller\CartController.php (61).
[ 2015-12-21T09:43:06+08:00 ]NOTICE: Undefined index: specE:\wamp\www\DS_SHOP\my_shop\App\Home\Controller\CartController.php (61).
[ 2015-12-21T09:54:23+08:00 ]NOTICE: Undefined index: specE:\wamp\www\DS_SHOP\my_shop\App\Home\Controller\CartController.php (61).
[ 2015-12-21T10:05:37+08:00 ]NOTICE: Undefined index: specE:\wamp\www\DS_SHOP\my_shop\App\Home\Controller\CartController.php (61).
[ 2015-12-21T10:06:34+08:00 ]NOTICE: Undefined index: specE:\wamp\www\DS_SHOP\my_shop\App\Home\Controller\CartController.php (61).
[ 2015-12-21T20:50:41+08:00 ]NOTICE: array_merge(): Argument #2 is not an arrayE:\wamp\www\DS_SHOP\my_shop\App\Home\Controller\IndexController.php (65).
[ 2015-12-21T20:50:41+08:00 ]NOTICE: array_merge(): Argument #2 is not an arrayE:\wamp\www\DS_SHOP\my_shop\App\Home\Controller\IndexController.php (65).
[ 2015-12-21T20:50:41+08:00 ]NOTICE: array_merge(): Argument #2 is not an arrayE:\wamp\www\DS_SHOP\my_shop\App\Home\Controller\IndexController.php (65).
[ 2015-12-21T20:50:41+08:00 ]NOTICE: array_merge(): Argument #2 is not an arrayE:\wamp\www\DS_SHOP\my_shop\App\Home\Controller\IndexController.php (65).
[ 2015-12-21T20:50:41+08:00 ]NOTICE: array_merge(): Argument #2 is not an arrayE:\wamp\www\DS_SHOP\my_shop\App\Home\Controller\IndexController.php (65).
[ 2015-12-21T20:50:41+08:00 ]NOTICE: array_merge(): Argument #2 is not an arrayE:\wamp\www\DS_SHOP\my_shop\App\Home\Controller\IndexController.php (65).
[ 2015-12-21T20:50:41+08:00 ]NOTICE: array_merge(): Argument #2 is not an arrayE:\wamp\www\DS_SHOP\my_shop\App\Home\Controller\IndexController.php (65).
[ 2015-12-21T20:50:41+08:00 ]NOTICE: array_merge(): Argument #2 is not an arrayE:\wamp\www\DS_SHOP\my_shop\App\Home\Controller\IndexController.php (65).
[ 2015-12-21T20:50:41+08:00 ]NOTICE: array_merge(): Argument #2 is not an arrayE:\wamp\www\DS_SHOP\my_shop\App\Home\Controller\IndexController.php (65).
[ 2015-12-21T20:50:41+08:00 ]NOTICE: array_merge(): Argument #2 is not an arrayE:\wamp\www\DS_SHOP\my_shop\App\Home\Controller\IndexController.php (65).
[ 2015-12-21T20:50:41+08:00 ]NOTICE: array_merge(): Argument #2 is not an arrayE:\wamp\www\DS_SHOP\my_shop\App\Home\Controller\IndexController.php (65).
[ 2015-12-21T20:50:41+08:00 ]NOTICE: array_merge(): Argument #2 is not an arrayE:\wamp\www\DS_SHOP\my_shop\App\Home\Controller\IndexController.php (65).
[ 2015-12-21T20:50:41+08:00 ]NOTICE: array_merge(): Argument #2 is not an arrayE:\wamp\www\DS_SHOP\my_shop\App\Home\Controller\IndexController.php (65).
[ 2015-12-21T20:50:41+08:00 ]NOTICE: array_merge(): Argument #2 is not an arrayE:\wamp\www\DS_SHOP\my_shop\App\Home\Controller\IndexController.php (65).
[ 2015-12-21T20:50:41+08:00 ]NOTICE: array_merge(): Argument #2 is not an arrayE:\wamp\www\DS_SHOP\my_shop\App\Home\Controller\IndexController.php (65).
