[ 2015-12-23T10:50:39+08:00 ]NOTICE: implode(): Invalid arguments passedE:\wamp\www\DS_SHOP\my_shop\App\Home\Controller\IndexController.php (35).
[ 2015-12-23T10:50:39+08:00 ]EXCEPTION: SELECT  *  FROM goods WHERE gid in() ;BindParams:array (
)42000;1064;You have an error in your SQL syntax; check the manual that corresponds to your MySQL server version for the right syntax to use near ')' at line 1
[ 2015-12-23T11:14:56+08:00 ]NOTICE: Undefined index: gnameE:\wamp\www\DS_SHOP\my_shop\Storage\view\compile\1a9e01799fddf280d38ee7c98c8d2ae2.php (267).
[ 2015-12-23T11:14:56+08:00 ]NOTICE: Undefined index: picE:\wamp\www\DS_SHOP\my_shop\Storage\view\compile\1a9e01799fddf280d38ee7c98c8d2ae2.php (275).
[ 2015-12-23T11:14:56+08:00 ]NOTICE: Undefined index: gnameE:\wamp\www\DS_SHOP\my_shop\Storage\view\compile\1a9e01799fddf280d38ee7c98c8d2ae2.php (291).
[ 2015-12-23T11:14:56+08:00 ]NOTICE: Undefined index: gnameE:\wamp\www\DS_SHOP\my_shop\Storage\view\compile\1a9e01799fddf280d38ee7c98c8d2ae2.php (291).
[ 2015-12-23T11:14:56+08:00 ]NOTICE: Undefined index: shoppriceE:\wamp\www\DS_SHOP\my_shop\Storage\view\compile\1a9e01799fddf280d38ee7c98c8d2ae2.php (296).
[ 2015-12-23T11:14:56+08:00 ]NOTICE: Undefined index: shoppriceE:\wamp\www\DS_SHOP\my_shop\Storage\view\compile\1a9e01799fddf280d38ee7c98c8d2ae2.php (296).
[ 2015-12-23T11:14:56+08:00 ]NOTICE: Undefined index: marketpriceE:\wamp\www\DS_SHOP\my_shop\Storage\view\compile\1a9e01799fddf280d38ee7c98c8d2ae2.php (297).
[ 2015-12-23T11:14:56+08:00 ]NOTICE: Undefined index: clickE:\wamp\www\DS_SHOP\my_shop\Storage\view\compile\1a9e01799fddf280d38ee7c98c8d2ae2.php (300).
[ 2015-12-23T11:14:56+08:00 ]NOTICE: Undefined index: gnumberE:\wamp\www\DS_SHOP\my_shop\Storage\view\compile\1a9e01799fddf280d38ee7c98c8d2ae2.php (305).
[ 2015-12-23T11:14:56+08:00 ]NOTICE: Undefined index: gidE:\wamp\www\DS_SHOP\my_shop\Storage\view\compile\1a9e01799fddf280d38ee7c98c8d2ae2.php (340).
[ 2015-12-23T11:14:56+08:00 ]NOTICE: Undefined index: introE:\wamp\www\DS_SHOP\my_shop\Storage\view\compile\1a9e01799fddf280d38ee7c98c8d2ae2.php (378).
[ 2015-12-23T11:14:56+08:00 ]NOTICE: Undefined index: serviceE:\wamp\www\DS_SHOP\my_shop\Storage\view\compile\1a9e01799fddf280d38ee7c98c8d2ae2.php (384).
[ 2015-12-23T19:28:40+08:00 ]NOTICE: Array to string conversionE:\wamp\www\DS_SHOP\my_shop\App\Admin\Controller\CategoryController.php (72).
[ 2015-12-23T19:28:40+08:00 ]EXCEPTION: SELECT  *  FROM type WHERE Array=tid LIMIT 1 ;BindParams:array (
)42S22;1054;Unknown column 'Array' in 'where clause'
[ 2015-12-23T19:29:16+08:00 ]NOTICE: Array to string conversionE:\wamp\www\DS_SHOP\my_shop\App\Admin\Controller\CategoryController.php (72).
[ 2015-12-23T19:29:16+08:00 ]EXCEPTION: SELECT  *  FROM type WHERE tid=Array LIMIT 1 ;BindParams:array (
)42S22;1054;Unknown column 'Array' in 'where clause'
[ 2015-12-23T19:44:04+08:00 ]NOTICE: Missing argument 1 for Hdphp\Db\Mysql::pluck()E:\wamp\www\DS_SHOP\my_shop\Hdphp\Db\Mysql.php (1055).
[ 2015-12-23T19:44:04+08:00 ]NOTICE: Undefined variable: fieldE:\wamp\www\DS_SHOP\my_shop\Hdphp\Db\Mysql.php (1060).
[ 2015-12-23T19:44:04+08:00 ]NOTICE: Undefined index: E:\wamp\www\DS_SHOP\my_shop\Hdphp\Db\Mysql.php (1060).
[ 2015-12-23T20:19:56+08:00 ]NOTICE: Undefined variable: tidE:\wamp\www\DS_SHOP\my_shop\App\Admin\Controller\AttrController.php (46).
